2026-03-25 09:58 <WARNING>  [0s] Multiple Renal Clearances specified, but not the same. RenalDynamics will override Systemic. 
2026-03-25 09:58 <WARNING>  [0s] Multiple Renal Clearances specified, but not the same. RenalDynamics will override Systemic. 
2026-03-25 09:58 <INFO>  [52m18s] Biogears has sucesfully loaded UHI_0001. 
2026-03-25 09:58 <INFO>  [52m18s] Executing Scenario 
2026-03-25 09:58 <FATAL>  [52m18s] Unknown Data Request : FatigueLevelFraction 
2026-03-25 09:58 <INFO>  [52m18s] [Action] 3138.14(s), Patient Action : Pain Stimulus
	Severity:  0.150000
	Location: Chest 
2026-03-25 09:58 <INFO>  [52m42s] [Event] 3162.28(s),  The patient is in a state of metabolic alkalosis 
2026-03-25 09:58 <INFO>  [52m45s] [Event] 3166(s),  Patient has entered state : RespiratoryAlkalosis 
2026-03-25 09:58 <INFO>  [53m18s] Current Time is 3198.14s, it took 7.798s to simulate the past 60s 
2026-03-25 09:58 <INFO>  [54m18s] Current Time is 3258.14s, it took 8.461s to simulate the past 60s 
2026-03-25 09:58 <INFO>  [55m18s] Current Time is 3318.14s, it took 9.959s to simulate the past 60s 
2026-03-25 09:58 <INFO>  [56m18s] Current Time is 3378.14s, it took 7.99s to simulate the past 60s 
2026-03-25 09:59 <INFO>  [57m18s] Current Time is 3438.14s, it took 10.316s to simulate the past 60s 
2026-03-25 09:59 <INFO>  [58m18s] Current Time is 3498.14s, it took 7.865s to simulate the past 60s 
2026-03-25 09:59 <INFO>  [59m18s] Current Time is 3558.14s, it took 7.954s to simulate the past 60s 
2026-03-25 09:59 <INFO>  [1h0m18s] Current Time is 3618.14s, it took 7.762s to simulate the past 60s 
2026-03-25 09:59 <INFO>  [1h1m18s] Current Time is 3678.14s, it took 7.891s to simulate the past 60s 
2026-03-25 09:59 <INFO>  [1h2m18s] Current Time is 3738.14s, it took 7.946s to simulate the past 60s 
2026-03-25 09:59 <INFO>  [1h3m18s] Current Time is 3798.14s, it took 8.051s to simulate the past 60s 
2026-03-25 09:59 <INFO>  [1h4m18s] Current Time is 3858.14s, it took 7.936s to simulate the past 60s 
2026-03-25 10:00 <INFO>  [1h5m18s] Current Time is 3918.14s, it took 7.985s to simulate the past 60s 
2026-03-25 10:00 <INFO>  [1h6m18s] Current Time is 3978.14s, it took 7.909s to simulate the past 60s 
2026-03-25 10:00 <INFO>  [1h7m18s] Current Time is 4038.14s, it took 7.952s to simulate the past 60s 
2026-03-25 10:00 <INFO>  [1h8m18s] Current Time is 4098.14s, it took 8.007s to simulate the past 60s 
2026-03-25 10:00 <INFO>  [1h9m18s] Current Time is 4158.14s, it took 7.964s to simulate the past 60s 
2026-03-25 10:00 <INFO>  [1h10m18s] Current Time is 4218.14s, it took 7.992s to simulate the past 60s 
2026-03-25 10:00 <INFO>  [1h11m18s] Current Time is 4278.14s, it took 8.483s to simulate the past 60s 
2026-03-25 10:01 <INFO>  [1h12m18s] Current Time is 4338.14s, it took 8.313s to simulate the past 60s 
2026-03-25 10:01 <INFO>  [1h13m18s] Current Time is 4398.14s, it took 9.077s to simulate the past 60s 
2026-03-25 10:01 <INFO>  [1h14m18s] Current Time is 4458.14s, it took 8.19s to simulate the past 60s 
2026-03-25 10:01 <INFO>  [1h15m18s] Current Time is 4518.14s, it took 8.5s to simulate the past 60s 
2026-03-25 10:01 <INFO>  [1h16m18s] Current Time is 4578.14s, it took 8.343s to simulate the past 60s 
2026-03-25 10:01 <INFO>  [1h17m18s] Current Time is 4638.14s, it took 8.403s to simulate the past 60s 
2026-03-25 10:01 <INFO>  [1h18m18s] Current Time is 4698.14s, it took 8.495s to simulate the past 60s 
2026-03-25 10:02 <INFO>  [1h19m18s] Current Time is 4758.14s, it took 8.323s to simulate the past 60s 
2026-03-25 10:02 <INFO>  [1h20m18s] Current Time is 4818.14s, it took 8.194s to simulate the past 60s 
2026-03-25 10:02 <INFO>  [1h21m18s] Current Time is 4878.14s, it took 8.056s to simulate the past 60s 
2026-03-25 10:02 <INFO>  [1h22m18s] Current Time is 4938.14s, it took 8.242s to simulate the past 60s 
2026-03-25 10:02 <INFO>  [1h23m18s] Current Time is 4998.14s, it took 9.008s to simulate the past 60s 
2026-03-25 10:02 <INFO>  [1h24m18s] Current Time is 5058.14s, it took 9.106s to simulate the past 60s 
2026-03-25 10:02 <INFO>  [1h25m18s] Current Time is 5118.14s, it took 9.284s to simulate the past 60s 
2026-03-25 10:03 <INFO>  [1h26m18s] Current Time is 5178.14s, it took 9.609s to simulate the past 60s 
2026-03-25 10:03 <INFO>  [1h27m18s] Current Time is 5238.14s, it took 9.727s to simulate the past 60s 
2026-03-25 10:03 <INFO>  [1h28m18s] Current Time is 5298.14s, it took 9.059s to simulate the past 60s 
2026-03-25 10:03 <INFO>  [1h29m18s] Current Time is 5358.14s, it took 9.162s to simulate the past 60s 
2026-03-25 10:03 <INFO>  [1h30m18s] Current Time is 5418.14s, it took 9.33s to simulate the past 60s 
2026-03-25 10:03 <INFO>  [1h31m18s] Current Time is 5478.14s, it took 9.518s to simulate the past 60s 
2026-03-25 10:03 <INFO>  [1h32m18s] Current Time is 5538.14s, it took 9.627s to simulate the past 60s 
2026-03-25 10:04 <INFO>  [1h33m18s] Current Time is 5598.14s, it took 9.41s to simulate the past 60s 
2026-03-25 10:04 <INFO>  [1h34m18s] Current Time is 5658.14s, it took 10.366s to simulate the past 60s 
2026-03-25 10:04 <INFO>  [1h35m18s] Current Time is 5718.14s, it took 10.843s to simulate the past 60s 
2026-03-25 10:04 <INFO>  [1h36m18s] Current Time is 5778.14s, it took 11.057s to simulate the past 60s 
2026-03-25 10:04 <INFO>  [1h37m18s] Current Time is 5838.14s, it took 11.296s to simulate the past 60s 
2026-03-25 10:05 <INFO>  [1h38m18s] Current Time is 5898.14s, it took 11.28s to simulate the past 60s 
2026-03-25 10:05 <INFO>  [1h39m18s] Current Time is 5958.14s, it took 11.141s to simulate the past 60s 
2026-03-25 10:05 <INFO>  [1h40m18s] Current Time is 6018.14s, it took 11.118s to simulate the past 60s 
2026-03-25 10:05 <INFO>  [1h41m18s] Current Time is 6078.14s, it took 10.835s to simulate the past 60s 
2026-03-25 10:05 <INFO>  [1h42m18s] Current Time is 6138.14s, it took 11.067s to simulate the past 60s 
2026-03-25 10:05 <INFO>  [1h43m18s] Current Time is 6198.14s, it took 11.157s to simulate the past 60s 
2026-03-25 10:06 <INFO>  [1h44m18s] Current Time is 6258.14s, it took 11.09s to simulate the past 60s 
2026-03-25 10:06 <INFO>  [1h45m18s] Current Time is 6318.14s, it took 11.057s to simulate the past 60s 
2026-03-25 10:06 <INFO>  [1h46m18s] Current Time is 6378.14s, it took 11.561s to simulate the past 60s 
2026-03-25 10:06 <INFO>  [1h47m18s] Current Time is 6438.14s, it took 11.418s to simulate the past 60s 
2026-03-25 10:06 <INFO>  [1h48m18s] Current Time is 6498.14s, it took 10.987s to simulate the past 60s 
2026-03-25 10:07 <INFO>  [1h49m18s] Current Time is 6558.14s, it took 11.003s to simulate the past 60s 
2026-03-25 10:07 <INFO>  [1h50m18s] Current Time is 6618.14s, it took 11.01s to simulate the past 60s 
2026-03-25 10:07 <INFO>  [1h51m18s] Current Time is 6678.14s, it took 11.06s to simulate the past 60s 
2026-03-25 10:07 <INFO>  [1h52m18s] Current Time is 6738.14s, it took 11.022s to simulate the past 60s 
2026-03-25 10:07 <INFO>  [1h53m18s] Current Time is 6798.14s, it took 11.069s to simulate the past 60s 
2026-03-25 10:08 <INFO>  [1h54m18s] Current Time is 6858.14s, it took 10.789s to simulate the past 60s 
2026-03-25 10:08 <INFO>  [1h55m18s] Current Time is 6918.14s, it took 10.81s to simulate the past 60s 
2026-03-25 10:08 <INFO>  [1h56m18s] Current Time is 6978.14s, it took 12.102s to simulate the past 60s 
2026-03-25 10:08 <INFO>  [1h57m18s] Current Time is 7038.14s, it took 11.235s to simulate the past 60s 
2026-03-25 10:08 <INFO>  [1h58m18s] Current Time is 7098.14s, it took 11.122s to simulate the past 60s 
2026-03-25 10:08 <INFO>  [1h59m18s] Current Time is 7158.14s, it took 11.847s to simulate the past 60s 
2026-03-25 10:09 <INFO>  [2h0m18s] Current Time is 7218.14s, it took 11.565s to simulate the past 60s 
2026-03-25 10:09 <INFO>  [2h1m18s] Current Time is 7278.14s, it took 11.087s to simulate the past 60s 
2026-03-25 10:09 <INFO>  [2h2m18s] Current Time is 7338.14s, it took 10.865s to simulate the past 60s 
2026-03-25 10:09 <INFO>  [2h3m18s] Current Time is 7398.14s, it took 11.013s to simulate the past 60s 
2026-03-25 10:09 <INFO>  [2h4m18s] Current Time is 7458.14s, it took 10.98s to simulate the past 60s 
2026-03-25 10:10 <INFO>  [2h5m18s] Current Time is 7518.14s, it took 10.879s to simulate the past 60s 
2026-03-25 10:10 <INFO>  [2h6m18s] Current Time is 7578.14s, it took 11.08s to simulate the past 60s 
2026-03-25 10:10 <INFO>  [2h7m18s] Current Time is 7638.14s, it took 11.386s to simulate the past 60s 
2026-03-25 10:10 <INFO>  [2h8m18s] Current Time is 7698.14s, it took 10.965s to simulate the past 60s 
2026-03-25 10:10 <INFO>  [2h9m18s] Current Time is 7758.14s, it took 10.929s to simulate the past 60s 
2026-03-25 10:10 <INFO>  [2h10m18s] Current Time is 7818.14s, it took 11.121s to simulate the past 60s 
2026-03-25 10:11 <INFO>  [2h11m18s] Current Time is 7878.14s, it took 10.866s to simulate the past 60s 
2026-03-25 10:11 <INFO>  [2h12m18s] Current Time is 7938.14s, it took 10.827s to simulate the past 60s 
2026-03-25 10:11 <INFO>  [2h13m18s] Current Time is 7998.14s, it took 11.095s to simulate the past 60s 
2026-03-25 10:11 <INFO>  [2h14m18s] Current Time is 8058.14s, it took 10.799s to simulate the past 60s 
2026-03-25 10:11 <INFO>  [2h15m18s] Current Time is 8118.14s, it took 10.981s to simulate the past 60s 
2026-03-25 10:12 <INFO>  [2h16m18s] Current Time is 8178.14s, it took 10.876s to simulate the past 60s 
2026-03-25 10:12 <INFO>  [2h17m18s] Current Time is 8238.14s, it took 10.78s to simulate the past 60s 
2026-03-25 10:12 <INFO>  [2h18m18s] Current Time is 8298.14s, it took 10.906s to simulate the past 60s 
2026-03-25 10:12 <INFO>  [2h19m18s] Current Time is 8358.14s, it took 10.883s to simulate the past 60s 
2026-03-25 10:12 <INFO>  [2h20m18s] Current Time is 8418.14s, it took 10.858s to simulate the past 60s 
2026-03-25 10:12 <INFO>  [2h21m18s] Current Time is 8478.14s, it took 10.995s to simulate the past 60s 
2026-03-25 10:13 <INFO>  [2h22m18s] Current Time is 8538.14s, it took 10.88s to simulate the past 60s 
2026-03-25 10:13 <INFO>  [2h23m18s] Current Time is 8598.14s, it took 10.976s to simulate the past 60s 
2026-03-25 10:13 <INFO>  [2h24m18s] Current Time is 8658.14s, it took 11.182s to simulate the past 60s 
2026-03-25 10:13 <INFO>  [2h25m18s] Current Time is 8718.14s, it took 11.095s to simulate the past 60s 
2026-03-25 10:13 <INFO>  [2h26m18s] Current Time is 8778.14s, it took 10.904s to simulate the past 60s 
2026-03-25 10:14 <INFO>  [2h27m18s] Current Time is 8838.14s, it took 10.972s to simulate the past 60s 
2026-03-25 10:14 <INFO>  [2h28m18s] Current Time is 8898.14s, it took 11.077s to simulate the past 60s 
2026-03-25 10:14 <INFO>  [2h29m18s] Current Time is 8958.14s, it took 11.014s to simulate the past 60s 
2026-03-25 10:14 <INFO>  [2h30m18s] Current Time is 9018.14s, it took 10.809s to simulate the past 60s 
2026-03-25 10:14 <INFO>  [2h31m18s] Current Time is 9078.14s, it took 11.161s to simulate the past 60s 
2026-03-25 10:15 <INFO>  [2h32m18s] Current Time is 9138.14s, it took 10.94s to simulate the past 60s 
2026-03-25 10:15 <INFO>  [2h33m18s] Current Time is 9198.14s, it took 11.19s to simulate the past 60s 
2026-03-25 10:15 <INFO>  [2h34m18s] Current Time is 9258.14s, it took 11.755s to simulate the past 60s 
2026-03-25 10:15 <INFO>  [2h35m18s] Current Time is 9318.14s, it took 11.059s to simulate the past 60s 
2026-03-25 10:15 <INFO>  [2h36m18s] Current Time is 9378.14s, it took 10.645s to simulate the past 60s 
2026-03-25 10:15 <INFO>  [2h37m18s] Current Time is 9438.14s, it took 10.648s to simulate the past 60s 
2026-03-25 10:16 <INFO>  [2h38m18s] Current Time is 9498.14s, it took 10.586s to simulate the past 60s 
2026-03-25 10:16 <INFO>  [2h39m18s] Current Time is 9558.14s, it took 10.654s to simulate the past 60s 
2026-03-25 10:16 <INFO>  [2h40m18s] Current Time is 9618.14s, it took 10.623s to simulate the past 60s 
2026-03-25 10:16 <INFO>  [2h41m18s] Current Time is 9678.14s, it took 11.053s to simulate the past 60s 
2026-03-25 10:16 <INFO>  [2h42m18s] Current Time is 9738.14s, it took 10.71s to simulate the past 60s 
2026-03-25 10:17 <INFO>  [2h43m18s] Current Time is 9798.14s, it took 14.354s to simulate the past 60s 
2026-03-25 10:17 <INFO>  [2h44m18s] Current Time is 9858.14s, it took 16.024s to simulate the past 60s 
2026-03-25 10:17 <INFO>  [2h45m18s] Current Time is 9918.14s, it took 15.743s to simulate the past 60s 
2026-03-25 10:17 <INFO>  [2h45m25s] [Event] 9925.9(s),  Patient has Tachycardia 
2026-03-25 10:17 <INFO>  [2h46m18s] Current Time is 9978.14s, it took 16.122s to simulate the past 60s 
2026-03-25 10:18 <INFO>  [2h47m18s] Current Time is 10038.1s, it took 14.028s to simulate the past 60s 
2026-03-25 10:18 <INFO>  [2h48m18s] Current Time is 10098.1s, it took 11.095s to simulate the past 60s 
2026-03-25 10:18 <INFO>  [2h49m18s] Current Time is 10158.1s, it took 10.946s to simulate the past 60s 
2026-03-25 10:18 <INFO>  [2h50m18s] Current Time is 10218.1s, it took 11.229s to simulate the past 60s 
2026-03-25 10:18 <INFO>  [2h51m18s] Current Time is 10278.1s, it took 10.894s to simulate the past 60s 
2026-03-25 10:19 <INFO>  [2h52m18s] Current Time is 10338.1s, it took 11.263s to simulate the past 60s 
2026-03-25 10:19 <INFO>  [2h53m18s] Current Time is 10398.1s, it took 11.135s to simulate the past 60s 
2026-03-25 10:19 <INFO>  [2h54m18s] Current Time is 10458.1s, it took 11.401s to simulate the past 60s 
2026-03-25 10:19 <INFO>  [2h55m18s] Current Time is 10518.1s, it took 11.318s to simulate the past 60s 
2026-03-25 10:19 <INFO>  [2h56m18s] Current Time is 10578.1s, it took 10.851s to simulate the past 60s 
2026-03-25 10:19 <INFO>  [2h57m18s] Current Time is 10638.1s, it took 11.169s to simulate the past 60s 
2026-03-25 10:20 <INFO>  [2h58m18s] Current Time is 10698.1s, it took 10.992s to simulate the past 60s 
2026-03-25 10:20 <INFO>  [2h59m18s] Current Time is 10758.1s, it took 11.438s to simulate the past 60s 
2026-03-25 10:20 <INFO>  [3h0m18s] Current Time is 10818.1s, it took 9.812s to simulate the past 60s 
2026-03-25 10:20 <INFO>  [3h1m18s] Current Time is 10878.1s, it took 9.545s to simulate the past 60s 
2026-03-25 10:20 <INFO>  [3h2m18s] Current Time is 10938.1s, it took 9.751s to simulate the past 60s 
2026-03-25 10:20 <INFO>  [3h3m18s] Current Time is 10998.1s, it took 9.833s to simulate the past 60s 
2026-03-25 10:21 <INFO>  [3h4m18s] Current Time is 11058.1s, it took 9.4s to simulate the past 60s 
2026-03-25 10:21 <INFO>  [3h5m18s] Current Time is 11118.1s, it took 9.782s to simulate the past 60s 
2026-03-25 10:21 <INFO>  [3h6m18s] Current Time is 11178.1s, it took 9.663s to simulate the past 60s 
2026-03-25 10:21 <INFO>  [3h7m18s] Current Time is 11238.1s, it took 9.454s to simulate the past 60s 
2026-03-25 10:21 <INFO>  [3h8m18s] Current Time is 11298.1s, it took 9.468s to simulate the past 60s 
2026-03-25 10:21 <INFO>  [3h9m18s] Current Time is 11358.1s, it took 9.305s to simulate the past 60s 
2026-03-25 10:22 <INFO>  [3h10m18s] Current Time is 11418.1s, it took 9.298s to simulate the past 60s 
2026-03-25 10:22 <INFO>  [3h11m18s] Current Time is 11478.1s, it took 9.25s to simulate the past 60s 
2026-03-25 10:22 <INFO>  [3h12m18s] Current Time is 11538.1s, it took 9.406s to simulate the past 60s 
2026-03-25 10:22 <INFO>  [3h13m18s] Current Time is 11598.1s, it took 9.273s to simulate the past 60s 
2026-03-25 10:22 <INFO>  [3h13m25s] [Event] 11605.3(s),  Patient has involuntarily emptied their bladder 
2026-03-25 10:22 <INFO>  [3h14m18s] Current Time is 11658.1s, it took 9.435s to simulate the past 60s 
2026-03-25 10:22 <INFO>  [3h15m18s] Current Time is 11718.1s, it took 9.372s to simulate the past 60s 
2026-03-25 10:23 <INFO>  [3h16m18s] Current Time is 11778.1s, it took 9.299s to simulate the past 60s 
2026-03-25 10:23 <INFO>  [3h17m18s] Current Time is 11838.1s, it took 9.232s to simulate the past 60s 
2026-03-25 10:23 <INFO>  [3h18m18s] Current Time is 11898.1s, it took 9.626s to simulate the past 60s 
2026-03-25 10:23 <INFO>  [3h19m18s] Current Time is 11958.1s, it took 10.588s to simulate the past 60s 
2026-03-25 10:23 <INFO>  [3h20m18s] Current Time is 12018.1s, it took 10.471s to simulate the past 60s 
2026-03-25 10:23 <INFO>  [3h21m18s] Current Time is 12078.1s, it took 10.45s to simulate the past 60s 
2026-03-25 10:24 <INFO>  [3h22m18s] Current Time is 12138.1s, it took 10.518s to simulate the past 60s 
2026-03-25 10:24 <INFO>  [3h23m18s] Current Time is 12198.1s, it took 10.794s to simulate the past 60s 
2026-03-25 10:24 <INFO>  [3h24m18s] Current Time is 12258.1s, it took 11.137s to simulate the past 60s 
2026-03-25 10:24 <INFO>  [3h25m18s] Current Time is 12318.1s, it took 10.557s to simulate the past 60s 
2026-03-25 10:24 <INFO>  [3h26m18s] Current Time is 12378.1s, it took 10.649s to simulate the past 60s 
2026-03-25 10:24 <INFO>  [3h27m18s] Current Time is 12438.1s, it took 10.746s to simulate the past 60s 
2026-03-25 10:25 <INFO>  [3h28m18s] Current Time is 12498.1s, it took 10.694s to simulate the past 60s 
2026-03-25 10:25 <INFO>  [3h29m18s] Current Time is 12558.1s, it took 10.462s to simulate the past 60s 
2026-03-25 10:25 <INFO>  [3h30m18s] Current Time is 12618.1s, it took 10.554s to simulate the past 60s 
2026-03-25 10:25 <INFO>  [3h31m18s] Current Time is 12678.1s, it took 10.473s to simulate the past 60s 
2026-03-25 10:25 <INFO>  [3h32m18s] Current Time is 12738.1s, it took 10.664s to simulate the past 60s 
2026-03-25 10:25 <INFO>  [3h33m18s] Current Time is 12798.1s, it took 10.767s to simulate the past 60s 
2026-03-25 10:26 <INFO>  [3h34m18s] Current Time is 12858.1s, it took 10.915s to simulate the past 60s 
2026-03-25 10:26 <INFO>  [3h35m18s] Current Time is 12918.1s, it took 10.879s to simulate the past 60s 
2026-03-25 10:26 <INFO>  [3h36m18s] Current Time is 12978.1s, it took 11.038s to simulate the past 60s 
2026-03-25 10:26 <INFO>  [3h37m18s] Current Time is 13038.1s, it took 10.986s to simulate the past 60s 
2026-03-25 10:26 <INFO>  [3h38m18s] Current Time is 13098.1s, it took 10.817s to simulate the past 60s 
2026-03-25 10:27 <INFO>  [3h39m18s] Current Time is 13158.1s, it took 10.71s to simulate the past 60s 
2026-03-25 10:27 <INFO>  [3h40m18s] Current Time is 13218.1s, it took 10.545s to simulate the past 60s 
2026-03-25 10:27 <INFO>  [3h41m18s] Current Time is 13278.1s, it took 10.526s to simulate the past 60s 
2026-03-25 10:27 <INFO>  [3h42m18s] Current Time is 13338.1s, it took 10.61s to simulate the past 60s 
2026-03-25 10:27 <INFO>  [3h43m18s] Current Time is 13398.1s, it took 10.635s to simulate the past 60s 
2026-03-25 10:27 <INFO>  [3h44m18s] Current Time is 13458.1s, it took 10.645s to simulate the past 60s 
2026-03-25 10:28 <INFO>  [3h45m18s] Current Time is 13518.1s, it took 10.872s to simulate the past 60s 
2026-03-25 10:28 <INFO>  [3h46m18s] Current Time is 13578.1s, it took 10.769s to simulate the past 60s 
2026-03-25 10:28 <INFO>  [3h47m18s] Current Time is 13638.1s, it took 11.127s to simulate the past 60s 
2026-03-25 10:28 <INFO>  [3h48m18s] Current Time is 13698.1s, it took 10.763s to simulate the past 60s 
2026-03-25 10:28 <INFO>  [3h49m18s] Current Time is 13758.1s, it took 12.984s to simulate the past 60s 
2026-03-25 10:29 <INFO>  [3h50m18s] Current Time is 13818.1s, it took 15.268s to simulate the past 60s 
2026-03-25 10:29 <INFO>  [3h51m18s] Current Time is 13878.1s, it took 12.538s to simulate the past 60s 
2026-03-25 10:29 <INFO>  [3h52m18s] Current Time is 13938.1s, it took 10.7s to simulate the past 60s 
2026-03-25 10:29 <INFO>  [3h53m18s] Current Time is 13998.1s, it took 10.888s to simulate the past 60s 
2026-03-25 10:29 <INFO>  [3h54m18s] Current Time is 14058.1s, it took 10.946s to simulate the past 60s 
2026-03-25 10:30 <INFO>  [3h55m18s] Current Time is 14118.1s, it took 10.94s to simulate the past 60s 
2026-03-25 10:30 <INFO>  [3h56m18s] Current Time is 14178.1s, it took 10.982s to simulate the past 60s 
2026-03-25 10:30 <INFO>  [3h57m18s] Current Time is 14238.1s, it took 10.813s to simulate the past 60s 
2026-03-25 10:30 <INFO>  [3h58m18s] Current Time is 14298.1s, it took 10.887s to simulate the past 60s 
2026-03-25 10:30 <INFO>  [3h59m18s] Current Time is 14358.1s, it took 11.031s to simulate the past 60s 
2026-03-25 10:30 <INFO>  [4h0m18s] Current Time is 14418.1s, it took 10.777s to simulate the past 60s 
2026-03-25 10:31 <INFO>  [4h1m18s] Current Time is 14478.1s, it took 10.751s to simulate the past 60s 
2026-03-25 10:31 <INFO>  [4h2m18s] Current Time is 14538.1s, it took 10.634s to simulate the past 60s 
2026-03-25 10:31 <INFO>  [4h3m18s] Current Time is 14598.1s, it took 11.105s to simulate the past 60s 
2026-03-25 10:31 <INFO>  [4h4m18s] Current Time is 14658.1s, it took 11.457s to simulate the past 60s 
2026-03-25 10:31 <INFO>  [4h5m18s] Current Time is 14718.1s, it took 11.405s to simulate the past 60s 
2026-03-25 10:32 <INFO>  [4h6m18s] Current Time is 14778.1s, it took 10.835s to simulate the past 60s 
2026-03-25 10:32 <INFO>  [4h7m18s] Current Time is 14838.1s, it took 10.869s to simulate the past 60s 
2026-03-25 10:32 <INFO>  [4h8m18s] Current Time is 14898.1s, it took 10.779s to simulate the past 60s 
2026-03-25 10:32 <INFO>  [4h9m18s] Current Time is 14958.1s, it took 11.367s to simulate the past 60s 
2026-03-25 10:32 <INFO>  [4h10m18s] Current Time is 15018.1s, it took 11.164s to simulate the past 60s 
2026-03-25 10:33 <INFO>  [4h11m18s] Current Time is 15078.1s, it took 10.821s to simulate the past 60s 
2026-03-25 10:33 <INFO>  [4h12m18s] Current Time is 15138.1s, it took 10.799s to simulate the past 60s 
2026-03-25 10:33 <INFO>  [4h13m18s] Current Time is 15198.1s, it took 10.688s to simulate the past 60s 
2026-03-25 10:33 <INFO>  [4h14m18s] Current Time is 15258.1s, it took 10.984s to simulate the past 60s 
2026-03-25 10:33 <INFO>  [4h15m18s] Current Time is 15318.1s, it took 11.053s to simulate the past 60s 
2026-03-25 10:33 <INFO>  [4h16m18s] Current Time is 15378.1s, it took 11.108s to simulate the past 60s 
2026-03-25 10:34 <INFO>  [4h17m18s] Current Time is 15438.1s, it took 10.814s to simulate the past 60s 
2026-03-25 10:34 <INFO>  [4h18m18s] Current Time is 15498.1s, it took 11.288s to simulate the past 60s 
2026-03-25 10:34 <INFO>  [4h19m18s] Current Time is 15558.1s, it took 10.98s to simulate the past 60s 
2026-03-25 10:34 <INFO>  [4h20m18s] Current Time is 15618.1s, it took 11.032s to simulate the past 60s 
2026-03-25 10:34 <INFO>  [4h21m18s] Current Time is 15678.1s, it took 11.12s to simulate the past 60s 
2026-03-25 10:35 <INFO>  [4h22m18s] Current Time is 15738.1s, it took 10.691s to simulate the past 60s 
2026-03-25 10:35 <INFO>  [4h23m18s] Current Time is 15798.1s, it took 10.767s to simulate the past 60s 
2026-03-25 10:35 <INFO>  [4h24m18s] Current Time is 15858.1s, it took 10.852s to simulate the past 60s 
2026-03-25 10:35 <INFO>  [4h25m18s] Current Time is 15918.1s, it took 10.618s to simulate the past 60s 
2026-03-25 10:35 <INFO>  [4h26m18s] Current Time is 15978.1s, it took 11.113s to simulate the past 60s 
2026-03-25 10:35 <INFO>  [4h27m18s] Current Time is 16038.1s, it took 12.133s to simulate the past 60s 
2026-03-25 10:36 <INFO>  [4h28m18s] Current Time is 16098.1s, it took 13.319s to simulate the past 60s 
2026-03-25 10:36 <INFO>  [4h29m18s] Current Time is 16158.1s, it took 12.665s to simulate the past 60s 
2026-03-25 10:36 <INFO>  [4h30m18s] Current Time is 16218.1s, it took 12.942s to simulate the past 60s 
2026-03-25 10:36 <INFO>  [4h31m18s] Current Time is 16278.1s, it took 13.069s to simulate the past 60s 
2026-03-25 10:37 <INFO>  [4h32m18s] Current Time is 16338.1s, it took 12.46s to simulate the past 60s 
2026-03-25 10:37 <INFO>  [4h33m18s] Current Time is 16398.1s, it took 12.663s to simulate the past 60s 
2026-03-25 10:37 <INFO>  [4h34m18s] Current Time is 16458.1s, it took 12.497s to simulate the past 60s 
2026-03-25 10:37 <INFO>  [4h35m18s] Current Time is 16518.1s, it took 12.966s to simulate the past 60s 
2026-03-25 10:37 <INFO>  [4h36m18s] Current Time is 16578.1s, it took 12.534s to simulate the past 60s 
2026-03-25 10:38 <INFO>  [4h37m18s] Current Time is 16638.1s, it took 13.231s to simulate the past 60s 
2026-03-25 10:38 <INFO>  [4h38m18s] Current Time is 16698.1s, it took 12.462s to simulate the past 60s 
2026-03-25 10:38 <INFO>  [4h39m18s] Current Time is 16758.1s, it took 12.565s to simulate the past 60s 
2026-03-25 10:38 <INFO>  [4h40m18s] Current Time is 16818.1s, it took 12.443s to simulate the past 60s 
2026-03-25 10:38 <INFO>  [4h41m18s] Current Time is 16878.1s, it took 12.455s to simulate the past 60s 
2026-03-25 10:39 <INFO>  [4h42m18s] Current Time is 16938.1s, it took 12.296s to simulate the past 60s 
2026-03-25 10:39 <INFO>  [4h43m18s] Current Time is 16998.1s, it took 12.19s to simulate the past 60s 
2026-03-25 10:39 <INFO>  [4h44m18s] Current Time is 17058.1s, it took 12.12s to simulate the past 60s 
2026-03-25 10:39 <INFO>  [4h45m18s] Current Time is 17118.1s, it took 12.166s to simulate the past 60s 
2026-03-25 10:39 <INFO>  [4h46m18s] Current Time is 17178.1s, it took 12.107s to simulate the past 60s 
2026-03-25 10:40 <INFO>  [4h47m18s] Current Time is 17238.1s, it took 12.147s to simulate the past 60s 
2026-03-25 10:40 <INFO>  [4h48m18s] Current Time is 17298.1s, it took 12.669s to simulate the past 60s 
2026-03-25 10:40 <INFO>  [4h49m18s] Current Time is 17358.1s, it took 10.059s to simulate the past 60s 
2026-03-25 10:40 <INFO>  [4h50m18s] Current Time is 17418.1s, it took 8.427s to simulate the past 60s 
2026-03-25 10:40 <INFO>  [4h51m18s] Current Time is 17478.1s, it took 8.802s to simulate the past 60s 
2026-03-25 10:40 <INFO>  [4h52m18s] Current Time is 17538.1s, it took 8.542s to simulate the past 60s 
2026-03-25 10:41 <INFO>  [4h53m18s] Current Time is 17598.1s, it took 8.591s to simulate the past 60s 
2026-03-25 10:41 <INFO>  [4h54m18s] Current Time is 17658.1s, it took 8.649s to simulate the past 60s 
2026-03-25 10:41 <INFO>  [4h55m18s] Current Time is 17718.1s, it took 8.696s to simulate the past 60s 
2026-03-25 10:41 <INFO>  [4h56m18s] Current Time is 17778.1s, it took 8.828s to simulate the past 60s 
2026-03-25 10:41 <INFO>  [4h57m18s] Current Time is 17838.1s, it took 8.69s to simulate the past 60s 
2026-03-25 10:41 <INFO>  [4h58m18s] Current Time is 17898.1s, it took 8.987s to simulate the past 60s 
2026-03-25 10:41 <INFO>  [4h59m18s] Current Time is 17958.1s, it took 8.774s to simulate the past 60s 
2026-03-25 10:42 <INFO>  [5h0m18s] Current Time is 18018.1s, it took 8.846s to simulate the past 60s 
2026-03-25 10:42 <INFO>  [5h1m18s] Current Time is 18078.1s, it took 8.983s to simulate the past 60s 
2026-03-25 10:42 <INFO>  [5h2m18s] Current Time is 18138.1s, it took 8.823s to simulate the past 60s 
2026-03-25 10:42 <INFO>  [5h3m18s] Current Time is 18198.1s, it took 8.753s to simulate the past 60s 
2026-03-25 10:42 <INFO>  [5h4m18s] Current Time is 18258.1s, it took 8.639s to simulate the past 60s 
2026-03-25 10:42 <INFO>  [5h5m18s] Current Time is 18318.1s, it took 8.847s to simulate the past 60s 
2026-03-25 10:42 <INFO>  [5h6m18s] Current Time is 18378.1s, it took 8.835s to simulate the past 60s 
2026-03-25 10:43 <INFO>  [5h7m18s] Current Time is 18438.1s, it took 8.72s to simulate the past 60s 
2026-03-25 10:43 <INFO>  [5h8m18s] Current Time is 18498.1s, it took 8.734s to simulate the past 60s 
2026-03-25 10:43 <INFO>  [5h9m18s] Current Time is 18558.1s, it took 8.715s to simulate the past 60s 
2026-03-25 10:43 <INFO>  [5h10m18s] Current Time is 18618.1s, it took 8.749s to simulate the past 60s 
2026-03-25 10:43 <INFO>  [5h11m18s] Current Time is 18678.1s, it took 8.81s to simulate the past 60s 
2026-03-25 10:43 <INFO>  [5h12m18s] Current Time is 18738.1s, it took 8.714s to simulate the past 60s 
2026-03-25 10:44 <INFO>  [5h13m18s] Current Time is 18798.1s, it took 8.889s to simulate the past 60s 
2026-03-25 10:44 <INFO>  [5h14m18s] Current Time is 18858.1s, it took 8.83s to simulate the past 60s 
2026-03-25 10:44 <INFO>  [5h15m18s] Current Time is 18918.1s, it took 8.877s to simulate the past 60s 
2026-03-25 10:44 <INFO>  [5h16m18s] Current Time is 18978.1s, it took 8.785s to simulate the past 60s 
2026-03-25 10:44 <INFO>  [5h17m18s] Current Time is 19038.1s, it took 8.769s to simulate the past 60s 
2026-03-25 10:44 <INFO>  [5h18m18s] Current Time is 19098.1s, it took 8.833s to simulate the past 60s 
2026-03-25 10:44 <INFO>  [5h19m18s] Current Time is 19158.1s, it took 8.883s to simulate the past 60s 
2026-03-25 10:45 <INFO>  [5h20m18s] Current Time is 19218.1s, it took 8.88s to simulate the past 60s 
2026-03-25 10:45 <INFO>  [5h21m18s] Current Time is 19278.1s, it took 8.874s to simulate the past 60s 
2026-03-25 10:45 <INFO>  [5h22m18s] Current Time is 19338.1s, it took 8.711s to simulate the past 60s 
2026-03-25 10:45 <INFO>  [5h23m18s] Current Time is 19398.1s, it took 9.075s to simulate the past 60s 
2026-03-25 10:45 <INFO>  [5h24m18s] Current Time is 19458.1s, it took 8.876s to simulate the past 60s 
2026-03-25 10:45 <INFO>  [5h25m18s] Current Time is 19518.1s, it took 8.801s to simulate the past 60s 
2026-03-25 10:45 <INFO>  [5h26m18s] Current Time is 19578.1s, it took 8.8s to simulate the past 60s 
2026-03-25 10:46 <INFO>  [5h27m18s] Current Time is 19638.1s, it took 8.879s to simulate the past 60s 
2026-03-25 10:46 <INFO>  [5h28m18s] Current Time is 19698.1s, it took 9.017s to simulate the past 60s 
2026-03-25 10:46 <INFO>  [5h29m18s] Current Time is 19758.1s, it took 9.207s to simulate the past 60s 
2026-03-25 10:46 <INFO>  [5h30m18s] Current Time is 19818.1s, it took 9.192s to simulate the past 60s 
2026-03-25 10:46 <INFO>  [5h31m18s] Current Time is 19878.1s, it took 9.107s to simulate the past 60s 
2026-03-25 10:46 <INFO>  [5h32m18s] Current Time is 19938.1s, it took 9.175s to simulate the past 60s 
2026-03-25 10:46 <INFO>  [5h33m18s] Current Time is 19998.1s, it took 9.018s to simulate the past 60s 
2026-03-25 10:47 <INFO>  [5h34m18s] Current Time is 20058.1s, it took 9.045s to simulate the past 60s 
2026-03-25 10:47 <INFO>  [5h35m18s] Current Time is 20118.1s, it took 8.962s to simulate the past 60s 
2026-03-25 10:47 <INFO>  [5h36m18s] Current Time is 20178.1s, it took 8.868s to simulate the past 60s 
2026-03-25 10:47 <INFO>  [5h37m18s] Current Time is 20238.1s, it took 8.849s to simulate the past 60s 
2026-03-25 10:47 <INFO>  [5h38m18s] Current Time is 20298.1s, it took 8.937s to simulate the past 60s 
2026-03-25 10:47 <INFO>  [5h39m18s] Current Time is 20358.1s, it took 9.264s to simulate the past 60s 
2026-03-25 10:48 <INFO>  [5h40m18s] Current Time is 20418.1s, it took 9.347s to simulate the past 60s 
2026-03-25 10:48 <INFO>  [5h41m18s] Current Time is 20478.1s, it took 9.31s to simulate the past 60s 
2026-03-25 10:48 <INFO>  [5h42m18s] Current Time is 20538.1s, it took 10.363s to simulate the past 60s 
2026-03-25 10:48 <INFO>  [5h43m18s] Current Time is 20598.1s, it took 9.648s to simulate the past 60s 
2026-03-25 10:48 <INFO>  [5h44m18s] Current Time is 20658.1s, it took 9.7s to simulate the past 60s 
2026-03-25 10:48 <INFO>  [5h45m18s] Current Time is 20718.1s, it took 9.966s to simulate the past 60s 
2026-03-25 10:49 <INFO>  [5h46m18s] Current Time is 20778.1s, it took 9.821s to simulate the past 60s 
2026-03-25 10:49 <INFO>  [5h47m18s] Current Time is 20838.1s, it took 9.876s to simulate the past 60s 
2026-03-25 10:49 <INFO>  [5h48m18s] Current Time is 20898.1s, it took 9.444s to simulate the past 60s 
2026-03-25 10:49 <INFO>  [5h49m18s] Current Time is 20958.1s, it took 9.418s to simulate the past 60s 
2026-03-25 10:49 <INFO>  [5h50m18s] Current Time is 21018.1s, it took 9.346s to simulate the past 60s 
2026-03-25 10:49 <INFO>  [5h51m18s] Current Time is 21078.1s, it took 9.709s to simulate the past 60s 
2026-03-25 10:49 <INFO>  [5h52m18s] Current Time is 21138.1s, it took 9.745s to simulate the past 60s 
2026-03-25 10:50 <INFO>  [5h53m18s] Current Time is 21198.1s, it took 9.376s to simulate the past 60s 
2026-03-25 10:50 <INFO>  [5h54m18s] Current Time is 21258.1s, it took 9.467s to simulate the past 60s 
2026-03-25 10:50 <INFO>  [5h55m18s] Current Time is 21318.1s, it took 9.384s to simulate the past 60s 
2026-03-25 10:50 <INFO>  [5h56m18s] Current Time is 21378.1s, it took 9.224s to simulate the past 60s 
2026-03-25 10:50 <INFO>  [5h57m18s] Current Time is 21438.1s, it took 9.606s to simulate the past 60s 
2026-03-25 10:50 <INFO>  [5h58m18s] Current Time is 21498.1s, it took 9.338s to simulate the past 60s 
2026-03-25 10:51 <INFO>  [5h59m18s] Current Time is 21558.1s, it took 9.123s to simulate the past 60s 
2026-03-25 10:51 <INFO>  [6h0m18s] Current Time is 21618.1s, it took 9.246s to simulate the past 60s 
2026-03-25 10:51 <INFO>  [6h1m18s] Current Time is 21678.1s, it took 9.21s to simulate the past 60s 
2026-03-25 10:51 <INFO>  [6h2m18s] Current Time is 21738.1s, it took 9.249s to simulate the past 60s 
2026-03-25 10:51 <INFO>  [6h3m18s] Current Time is 21798.1s, it took 9.472s to simulate the past 60s 
2026-03-25 10:51 <INFO>  [6h4m18s] Current Time is 21858.1s, it took 9.725s to simulate the past 60s 
2026-03-25 10:52 <INFO>  [6h5m18s] Current Time is 21918.1s, it took 8.965s to simulate the past 60s 
2026-03-25 10:52 <INFO>  [6h6m18s] Current Time is 21978.1s, it took 8.914s to simulate the past 60s 
2026-03-25 10:52 <INFO>  [6h7m18s] Current Time is 22038.1s, it took 8.935s to simulate the past 60s 
2026-03-25 10:52 <INFO>  [6h8m18s] Current Time is 22098.1s, it took 9.037s to simulate the past 60s 
2026-03-25 10:52 <INFO>  [6h9m18s] Current Time is 22158.1s, it took 9.034s to simulate the past 60s 
2026-03-25 10:52 <INFO>  [6h10m18s] Current Time is 22218.1s, it took 8.968s to simulate the past 60s 
2026-03-25 10:52 <INFO>  [6h11m18s] Current Time is 22278.1s, it took 9.075s to simulate the past 60s 
2026-03-25 10:53 <INFO>  [6h12m18s] Current Time is 22338.1s, it took 9.041s to simulate the past 60s 
2026-03-25 10:53 <INFO>  [6h13m18s] Current Time is 22398.1s, it took 10.78s to simulate the past 60s 
2026-03-25 10:53 <INFO>  [6h14m18s] Current Time is 22458.1s, it took 12.624s to simulate the past 60s 
2026-03-25 10:53 <INFO>  [6h15m18s] Current Time is 22518.1s, it took 15.94s to simulate the past 60s 
2026-03-25 10:53 <INFO>  [6h16m18s] Current Time is 22578.1s, it took 15.212s to simulate the past 60s 
2026-03-25 10:54 <INFO>  [6h17m18s] Current Time is 22638.1s, it took 14.435s to simulate the past 60s 
2026-03-25 10:54 <INFO>  [6h18m18s] Current Time is 22698.1s, it took 17.825s to simulate the past 60s 
2026-03-25 10:54 <INFO>  [6h19m18s] Current Time is 22758.1s, it took 19.106s to simulate the past 60s 
2026-03-25 10:55 <INFO>  [6h20m18s] Current Time is 22818.1s, it took 17.008s to simulate the past 60s 
2026-03-25 10:55 <INFO>  [6h21m18s] Current Time is 22878.1s, it took 15.43s to simulate the past 60s 
2026-03-25 10:55 <INFO>  [6h22m18s] Current Time is 22938.1s, it took 12.632s to simulate the past 60s 
2026-03-25 10:55 <INFO>  [6h23m18s] Current Time is 22998.1s, it took 16.633s to simulate the past 60s 
2026-03-25 10:56 <INFO>  [6h24m18s] Current Time is 23058.1s, it took 13.861s to simulate the past 60s 
2026-03-25 10:56 <INFO>  [6h25m18s] Current Time is 23118.1s, it took 12.989s to simulate the past 60s 
2026-03-25 10:56 <INFO>  [6h26m18s] Current Time is 23178.1s, it took 12.57s to simulate the past 60s 
2026-03-25 10:56 <INFO>  [6h27m18s] Current Time is 23238.1s, it took 12.505s to simulate the past 60s 
2026-03-25 10:56 <INFO>  [6h28m18s] Current Time is 23298.1s, it took 12.454s to simulate the past 60s 
2026-03-25 10:57 <INFO>  [6h29m18s] Current Time is 23358.1s, it took 12.138s to simulate the past 60s 
2026-03-25 10:57 <INFO>  [6h30m18s] Current Time is 23418.1s, it took 14.087s to simulate the past 60s 
2026-03-25 10:57 <INFO>  [6h31m18s] Current Time is 23478.1s, it took 15.161s to simulate the past 60s 
2026-03-25 10:57 <INFO>  [6h32m18s] Current Time is 23538.1s, it took 18.799s to simulate the past 60s 
2026-03-25 10:58 <INFO>  [6h33m18s] Current Time is 23598.1s, it took 14.537s to simulate the past 60s 
2026-03-25 10:58 <INFO>  [6h34m18s] Current Time is 23658.1s, it took 13.497s to simulate the past 60s 
2026-03-25 10:58 <INFO>  [6h35m18s] Current Time is 23718.1s, it took 12.991s to simulate the past 60s 
2026-03-25 10:58 <INFO>  [6h36m18s] Current Time is 23778.1s, it took 13.509s to simulate the past 60s 
2026-03-25 10:59 <INFO>  [6h37m18s] Current Time is 23838.1s, it took 14.61s to simulate the past 60s 
2026-03-25 10:59 <INFO>  [6h38m18s] Current Time is 23898.1s, it took 14.697s to simulate the past 60s 
2026-03-25 10:59 <INFO>  [6h39m18s] Current Time is 23958.1s, it took 14.219s to simulate the past 60s 
2026-03-25 10:59 <INFO>  [6h40m18s] Current Time is 24018.1s, it took 12.788s to simulate the past 60s 
2026-03-25 10:59 <INFO>  [6h41m18s] Current Time is 24078.1s, it took 11.529s to simulate the past 60s 
2026-03-25 11:00 <INFO>  [6h42m18s] Current Time is 24138.1s, it took 11.989s to simulate the past 60s 
2026-03-25 11:00 <INFO>  [6h43m18s] Current Time is 24198.1s, it took 11.596s to simulate the past 60s 
2026-03-25 11:00 <INFO>  [6h44m18s] Current Time is 24258.1s, it took 11.732s to simulate the past 60s 
2026-03-25 11:00 <INFO>  [6h45m18s] Current Time is 24318.1s, it took 11.808s to simulate the past 60s 
2026-03-25 11:00 <INFO>  [6h46m18s] Current Time is 24378.1s, it took 11.975s to simulate the past 60s 
2026-03-25 11:01 <INFO>  [6h47m18s] Current Time is 24438.1s, it took 11.505s to simulate the past 60s 
2026-03-25 11:01 <INFO>  [6h48m18s] Current Time is 24498.1s, it took 11.568s to simulate the past 60s 
2026-03-25 11:01 <INFO>  [6h49m18s] Current Time is 24558.1s, it took 11.765s to simulate the past 60s 
2026-03-25 11:01 <INFO>  [6h50m18s] Current Time is 24618.1s, it took 11.478s to simulate the past 60s 
2026-03-25 11:01 <INFO>  [6h51m18s] Current Time is 24678.1s, it took 11.946s to simulate the past 60s 
2026-03-25 11:02 <INFO>  [6h52m18s] Current Time is 24738.1s, it took 16.826s to simulate the past 60s 
2026-03-25 11:02 <INFO>  [6h53m18s] Current Time is 24798.1s, it took 13.223s to simulate the past 60s 
2026-03-25 11:02 <INFO>  [6h54m18s] Current Time is 24858.1s, it took 14.031s to simulate the past 60s 
2026-03-25 11:02 <INFO>  [6h55m18s] Current Time is 24918.1s, it took 13.177s to simulate the past 60s 
2026-03-25 11:03 <INFO>  [6h56m18s] Current Time is 24978.1s, it took 12.552s to simulate the past 60s 
2026-03-25 11:03 <INFO>  [6h57m18s] Current Time is 25038.1s, it took 12.17s to simulate the past 60s 
2026-03-25 11:03 <INFO>  [6h58m18s] Current Time is 25098.1s, it took 12.09s to simulate the past 60s 
2026-03-25 11:03 <INFO>  [6h59m18s] Current Time is 25158.1s, it took 15.777s to simulate the past 60s 
2026-03-25 11:04 <INFO>  [7h0m18s] Current Time is 25218.1s, it took 15.965s to simulate the past 60s 
2026-03-25 11:04 <INFO>  [7h1m18s] Current Time is 25278.1s, it took 13.84s to simulate the past 60s 
2026-03-25 11:04 <INFO>  [7h2m18s] Current Time is 25338.1s, it took 13.345s to simulate the past 60s 
2026-03-25 11:04 <INFO>  [7h3m18s] Current Time is 25398.1s, it took 13.723s to simulate the past 60s 
2026-03-25 11:04 <INFO>  [7h4m18s] Current Time is 25458.1s, it took 13.681s to simulate the past 60s 
2026-03-25 11:05 <INFO>  [7h5m18s] Current Time is 25518.1s, it took 13.863s to simulate the past 60s 
2026-03-25 11:05 <INFO>  [7h6m18s] Current Time is 25578.1s, it took 16.576s to simulate the past 60s 
2026-03-25 11:05 <INFO>  [7h7m18s] Current Time is 25638.1s, it took 17.421s to simulate the past 60s 
2026-03-25 11:05 <INFO>  [7h8m18s] Current Time is 25698.1s, it took 15.107s to simulate the past 60s 
2026-03-25 11:06 <INFO>  [7h9m18s] Current Time is 25758.1s, it took 14.897s to simulate the past 60s 
2026-03-25 11:06 <INFO>  [7h10m18s] Current Time is 25818.1s, it took 14.965s to simulate the past 60s 
2026-03-25 11:06 <INFO>  [7h11m18s] Current Time is 25878.1s, it took 16.021s to simulate the past 60s 
2026-03-25 11:07 <INFO>  [7h12m18s] Current Time is 25938.1s, it took 15.536s to simulate the past 60s 
2026-03-25 11:07 <INFO>  [7h13m18s] Current Time is 25998.1s, it took 15.391s to simulate the past 60s 
2026-03-25 11:07 <INFO>  [7h14m18s] Current Time is 26058.1s, it took 16.14s to simulate the past 60s 
2026-03-25 11:07 <INFO>  [7h15m18s] Current Time is 26118.1s, it took 14.406s to simulate the past 60s 
2026-03-25 11:08 <INFO>  [7h16m18s] Current Time is 26178.1s, it took 15.707s to simulate the past 60s 
2026-03-25 11:08 <INFO>  [7h17m18s] Current Time is 26238.1s, it took 14.354s to simulate the past 60s 
2026-03-25 11:08 <INFO>  [7h18m18s] Current Time is 26298.1s, it took 14.158s to simulate the past 60s 
2026-03-25 11:08 <INFO>  [7h19m18s] Current Time is 26358.1s, it took 17.956s to simulate the past 60s 
2026-03-25 11:09 <INFO>  [7h20m18s] Current Time is 26418.1s, it took 14.065s to simulate the past 60s 
2026-03-25 11:09 <INFO>  [7h21m18s] Current Time is 26478.1s, it took 13.098s to simulate the past 60s 
2026-03-25 11:09 <INFO>  [7h22m18s] Current Time is 26538.1s, it took 14.236s to simulate the past 60s 
2026-03-25 11:09 <INFO>  [7h23m18s] Current Time is 26598.1s, it took 14.47s to simulate the past 60s 
2026-03-25 11:09 <INFO>  [7h24m18s] Current Time is 26658.1s, it took 12.759s to simulate the past 60s 
2026-03-25 11:10 <INFO>  [7h25m18s] Current Time is 26718.1s, it took 13.106s to simulate the past 60s 
2026-03-25 11:10 <INFO>  [7h26m18s] Current Time is 26778.1s, it took 12.18s to simulate the past 60s 
2026-03-25 11:10 <INFO>  [7h27m18s] Current Time is 26838.1s, it took 13.125s to simulate the past 60s 
2026-03-25 11:10 <INFO>  [7h28m18s] Current Time is 26898.1s, it took 12.785s to simulate the past 60s 
2026-03-25 11:11 <INFO>  [7h29m18s] Current Time is 26958.1s, it took 12.626s to simulate the past 60s 
2026-03-25 11:11 <INFO>  [7h30m18s] Current Time is 27018.1s, it took 12.768s to simulate the past 60s 
2026-03-25 11:11 <INFO>  [7h31m18s] Current Time is 27078.1s, it took 11.834s to simulate the past 60s 
2026-03-25 11:11 <INFO>  [7h32m18s] Current Time is 27138.1s, it took 11.954s to simulate the past 60s 
2026-03-25 11:11 <INFO>  [7h33m18s] Current Time is 27198.1s, it took 12.667s to simulate the past 60s 
2026-03-25 11:12 <INFO>  [7h34m18s] Current Time is 27258.1s, it took 11.85s to simulate the past 60s 
2026-03-25 11:12 <INFO>  [7h35m18s] Current Time is 27318.1s, it took 12.451s to simulate the past 60s 
2026-03-25 11:12 <INFO>  [7h36m18s] Current Time is 27378.1s, it took 12.856s to simulate the past 60s 
2026-03-25 11:12 <INFO>  [7h37m18s] Current Time is 27438.1s, it took 15.626s to simulate the past 60s 
2026-03-25 11:12 <INFO>  [7h38m18s] Current Time is 27498.1s, it took 13.848s to simulate the past 60s 
2026-03-25 11:13 <INFO>  [7h39m18s] Current Time is 27558.1s, it took 13.402s to simulate the past 60s 
2026-03-25 11:13 <INFO>  [7h40m18s] Current Time is 27618.1s, it took 12.836s to simulate the past 60s 
2026-03-25 11:13 <INFO>  [7h41m18s] Current Time is 27678.1s, it took 12.259s to simulate the past 60s 
2026-03-25 11:13 <INFO>  [7h42m18s] Current Time is 27738.1s, it took 13.965s to simulate the past 60s 
2026-03-25 11:14 <INFO>  [7h43m18s] Current Time is 27798.1s, it took 11.617s to simulate the past 60s 
2026-03-25 11:14 <INFO>  [7h44m18s] Current Time is 27858.1s, it took 13.552s to simulate the past 60s 
2026-03-25 11:14 <INFO>  [7h45m18s] Current Time is 27918.1s, it took 13.788s to simulate the past 60s 
2026-03-25 11:14 <INFO>  [7h46m18s] Current Time is 27978.1s, it took 12.249s to simulate the past 60s 
2026-03-25 11:14 <INFO>  [7h47m18s] Current Time is 28038.1s, it took 11.611s to simulate the past 60s 
2026-03-25 11:15 <INFO>  [7h48m18s] Current Time is 28098.1s, it took 11.555s to simulate the past 60s 
2026-03-25 11:15 <INFO>  [7h49m18s] Current Time is 28158.1s, it took 11.602s to simulate the past 60s 
2026-03-25 11:15 <INFO>  [7h50m18s] Current Time is 28218.1s, it took 12.054s to simulate the past 60s 
2026-03-25 11:15 <INFO>  [7h51m18s] Current Time is 28278.1s, it took 11.879s to simulate the past 60s 
2026-03-25 11:15 <INFO>  [7h52m18s] Current Time is 28338.1s, it took 12.043s to simulate the past 60s 
2026-03-25 11:16 <INFO>  [7h53m18s] Current Time is 28398.1s, it took 11.838s to simulate the past 60s 
2026-03-25 11:16 <INFO>  [7h54m18s] Current Time is 28458.1s, it took 11.964s to simulate the past 60s 
2026-03-25 11:16 <INFO>  [7h55m18s] Current Time is 28518.1s, it took 11.943s to simulate the past 60s 
2026-03-25 11:16 <INFO>  [7h56m18s] Current Time is 28578.1s, it took 11.84s to simulate the past 60s 
2026-03-25 11:16 <INFO>  [7h57m18s] Current Time is 28638.1s, it took 12.413s to simulate the past 60s 
2026-03-25 11:17 <INFO>  [7h58m18s] Current Time is 28698.1s, it took 12.081s to simulate the past 60s 
2026-03-25 11:17 <INFO>  [7h59m18s] Current Time is 28758.1s, it took 11.856s to simulate the past 60s 
2026-03-25 11:17 <INFO>  [8h0m18s] Current Time is 28818.1s, it took 11.745s to simulate the past 60s 
2026-03-25 11:17 <INFO>  [8h1m18s] Current Time is 28878.1s, it took 11.874s to simulate the past 60s 
2026-03-25 11:17 <INFO>  [8h2m18s] Current Time is 28938.1s, it took 11.909s to simulate the past 60s 
2026-03-25 11:18 <INFO>  [8h3m18s] Current Time is 28998.1s, it took 12.356s to simulate the past 60s 
2026-03-25 11:18 <INFO>  [8h4m18s] Current Time is 29058.1s, it took 11.929s to simulate the past 60s 
2026-03-25 11:18 <INFO>  [8h5m18s] Current Time is 29118.1s, it took 12.039s to simulate the past 60s 
2026-03-25 11:18 <INFO>  [8h6m18s] Current Time is 29178.1s, it took 12.125s to simulate the past 60s 
2026-03-25 11:18 <INFO>  [8h7m18s] Current Time is 29238.1s, it took 11.973s to simulate the past 60s 
2026-03-25 11:19 <INFO>  [8h8m18s] Current Time is 29298.1s, it took 11.945s to simulate the past 60s 
2026-03-25 11:19 <INFO>  [8h9m18s] Current Time is 29358.1s, it took 12.165s to simulate the past 60s 
2026-03-25 11:19 <INFO>  [8h10m18s] Current Time is 29418.1s, it took 11.954s to simulate the past 60s 
2026-03-25 11:19 <INFO>  [8h11m18s] Current Time is 29478.1s, it took 11.858s to simulate the past 60s 
2026-03-25 11:19 <INFO>  [8h12m18s] Current Time is 29538.1s, it took 12.117s to simulate the past 60s 
2026-03-25 11:20 <INFO>  [8h13m18s] Current Time is 29598.1s, it took 11.774s to simulate the past 60s 
2026-03-25 11:20 <INFO>  [8h14m18s] Current Time is 29658.1s, it took 12.24s to simulate the past 60s 
2026-03-25 11:20 <INFO>  [8h15m18s] Current Time is 29718.1s, it took 12.031s to simulate the past 60s 
2026-03-25 11:20 <INFO>  [8h16m18s] Current Time is 29778.1s, it took 12.089s to simulate the past 60s 
2026-03-25 11:20 <INFO>  [8h17m18s] Current Time is 29838.1s, it took 11.983s to simulate the past 60s 
2026-03-25 11:21 <INFO>  [8h18m18s] Current Time is 29898.1s, it took 11.936s to simulate the past 60s 
2026-03-25 11:21 <INFO>  [8h19m18s] Current Time is 29958.1s, it took 11.637s to simulate the past 60s 
2026-03-25 11:21 <INFO>  [8h20m18s] Current Time is 30018.1s, it took 11.812s to simulate the past 60s 
2026-03-25 11:21 <INFO>  [8h21m18s] Current Time is 30078.1s, it took 11.824s to simulate the past 60s 
2026-03-25 11:21 <INFO>  [8h22m18s] Current Time is 30138.1s, it took 12.367s to simulate the past 60s 
2026-03-25 11:22 <INFO>  [8h23m18s] Current Time is 30198.1s, it took 11.897s to simulate the past 60s 
2026-03-25 11:22 <INFO>  [8h24m18s] Current Time is 30258.1s, it took 11.645s to simulate the past 60s 
2026-03-25 11:22 <INFO>  [8h25m18s] Current Time is 30318.1s, it took 12.022s to simulate the past 60s 
2026-03-25 11:22 <INFO>  [8h26m18s] Current Time is 30378.1s, it took 11.627s to simulate the past 60s 
2026-03-25 11:22 <INFO>  [8h27m18s] Current Time is 30438.1s, it took 11.829s to simulate the past 60s 
2026-03-25 11:23 <INFO>  [8h28m18s] Current Time is 30498.1s, it took 12.424s to simulate the past 60s 
2026-03-25 11:23 <INFO>  [8h29m18s] Current Time is 30558.1s, it took 11.785s to simulate the past 60s 
2026-03-25 11:23 <INFO>  [8h30m18s] Current Time is 30618.1s, it took 11.901s to simulate the past 60s 
2026-03-25 11:23 <INFO>  [8h31m18s] Current Time is 30678.1s, it took 12.166s to simulate the past 60s 
2026-03-25 11:23 <INFO>  [8h32m18s] Current Time is 30738.1s, it took 12.446s to simulate the past 60s 
2026-03-25 11:24 <INFO>  [8h33m18s] Current Time is 30798.1s, it took 12.72s to simulate the past 60s 
2026-03-25 11:24 <INFO>  [8h34m18s] Current Time is 30858.1s, it took 12.237s to simulate the past 60s 
2026-03-25 11:24 <INFO>  [8h35m18s] Current Time is 30918.1s, it took 11.831s to simulate the past 60s 
2026-03-25 11:24 <INFO>  [8h36m18s] Current Time is 30978.1s, it took 11.837s to simulate the past 60s 
2026-03-25 11:24 <INFO>  [8h37m18s] Current Time is 31038.1s, it took 12.1s to simulate the past 60s 
2026-03-25 11:25 <INFO>  [8h38m18s] Current Time is 31098.1s, it took 12.174s to simulate the past 60s 
2026-03-25 11:25 <INFO>  [8h39m18s] Current Time is 31158.1s, it took 12.509s to simulate the past 60s 
2026-03-25 11:25 <INFO>  [8h40m18s] Current Time is 31218.1s, it took 11.9s to simulate the past 60s 
2026-03-25 11:25 <INFO>  [8h41m18s] Current Time is 31278.1s, it took 11.911s to simulate the past 60s 
2026-03-25 11:25 <INFO>  [8h42m18s] Current Time is 31338.1s, it took 11.887s to simulate the past 60s 
2026-03-25 11:26 <INFO>  [8h43m18s] Current Time is 31398.1s, it took 11.766s to simulate the past 60s 
2026-03-25 11:26 <INFO>  [8h44m18s] Current Time is 31458.1s, it took 11.797s to simulate the past 60s 
2026-03-25 11:26 <INFO>  [8h45m18s] Current Time is 31518.1s, it took 11.857s to simulate the past 60s 
2026-03-25 11:26 <INFO>  [8h46m18s] Current Time is 31578.1s, it took 11.784s to simulate the past 60s 
2026-03-25 11:26 <INFO>  [8h47m18s] Current Time is 31638.1s, it took 12.515s to simulate the past 60s 
2026-03-25 11:27 <INFO>  [8h48m18s] Current Time is 31698.1s, it took 11.765s to simulate the past 60s 
2026-03-25 11:27 <INFO>  [8h49m18s] Current Time is 31758.1s, it took 11.703s to simulate the past 60s 
2026-03-25 11:27 <INFO>  [8h50m18s] Current Time is 31818.1s, it took 11.83s to simulate the past 60s 
2026-03-25 11:27 <INFO>  [8h51m18s] Current Time is 31878.1s, it took 12.086s to simulate the past 60s 
2026-03-25 11:27 <INFO>  [8h52m18s] Current Time is 31938.1s, it took 13.639s to simulate the past 60s 
2026-03-25 11:27 <INFO>  [8h52m18s] [Action] 31938.2(s), Patient Action : Consume Nutrients
	Charbohydrates: None
	Fat: None
	Protein: None
	Calcium: None
	Sodium: None
	Water: 0.4(L) 
2026-03-25 11:28 <INFO>  [8h53m18s] Current Time is 31998.1s, it took 14.552s to simulate the past 60s 
2026-03-25 11:28 <INFO>  [8h54m18s] Current Time is 32058.1s, it took 14.314s to simulate the past 60s 
2026-03-25 11:28 <INFO>  [8h55m18s] Current Time is 32118.1s, it took 14.946s to simulate the past 60s 
2026-03-25 11:28 <INFO>  [8h56m18s] Current Time is 32178.1s, it took 12.742s to simulate the past 60s 
2026-03-25 11:29 <INFO>  [8h57m18s] Current Time is 32238.1s, it took 13.459s to simulate the past 60s 
2026-03-25 11:29 <INFO>  [8h58m18s] Current Time is 32298.1s, it took 12.045s to simulate the past 60s 
2026-03-25 11:29 <INFO>  [8h59m18s] Current Time is 32358.1s, it took 11.752s to simulate the past 60s 
2026-03-25 11:29 <INFO>  [9h0m18s] Current Time is 32418.1s, it took 11.526s to simulate the past 60s 
2026-03-25 11:29 <INFO>  [9h1m18s] Current Time is 32478.1s, it took 11.805s to simulate the past 60s 
2026-03-25 11:30 <INFO>  [9h2m18s] Current Time is 32538.1s, it took 12.1s to simulate the past 60s 
2026-03-25 11:30 <INFO>  [9h2m18s] [Action] 32538.2(s), Type : SaveFilename : C:/health-digital-twin/biogears_service/engine/BioGears/bin/batch_UHI_0001.xml 
2026-03-25 11:30 <INFO>  [9h2m18s] It took 5505.12s to run this simulation 
