2026-03-11 11:14 <WARNING>  [0s] Multiple Renal Clearances specified, but not the same. RenalDynamics will override Systemic. 
2026-03-11 11:14 <WARNING>  [0s] Multiple Renal Clearances specified, but not the same. RenalDynamics will override Systemic. 
2026-03-11 11:14 <INFO>  [1h9m31s] Biogears has sucesfully loaded U001. 
2026-03-11 11:14 <INFO>  [1h9m31s] Executing Scenario 
2026-03-11 11:14 <INFO>  [1h9m31s] [Action] 4171.2(s), Patient Action : Consume Nutrients
	Charbohydrates: 125(g)
	Fat: None
	Protein: None
	Calcium: None
	Sodium: None
	Water: None 
2026-03-11 11:14 <INFO>  [1h10m31s] Current Time is 4231.2s, it took 7.129s to simulate the past 60s 
2026-03-11 11:14 <INFO>  [1h11m31s] Current Time is 4291.2s, it took 7.263s to simulate the past 60s 
2026-03-11 11:14 <INFO>  [1h12m31s] Current Time is 4351.2s, it took 7.355s to simulate the past 60s 
2026-03-11 11:14 <INFO>  [1h13m31s] Current Time is 4411.2s, it took 7.964s to simulate the past 60s 
2026-03-11 11:14 <INFO>  [1h14m31s] Current Time is 4471.2s, it took 7.882s to simulate the past 60s 
2026-03-11 11:14 <INFO>  [1h15m31s] Current Time is 4531.2s, it took 7.429s to simulate the past 60s 
2026-03-11 11:14 <INFO>  [1h16m31s] Current Time is 4591.2s, it took 7.545s to simulate the past 60s 
2026-03-11 11:15 <INFO>  [1h17m31s] Current Time is 4651.2s, it took 7.613s to simulate the past 60s 
2026-03-11 11:15 <INFO>  [1h18m31s] Current Time is 4711.2s, it took 7.743s to simulate the past 60s 
2026-03-11 11:15 <INFO>  [1h19m31s] Current Time is 4771.2s, it took 7.578s to simulate the past 60s 
2026-03-11 11:15 <INFO>  [1h20m31s] Current Time is 4831.2s, it took 7.672s to simulate the past 60s 
2026-03-11 11:15 <INFO>  [1h21m31s] Current Time is 4891.2s, it took 7.759s to simulate the past 60s 
2026-03-11 11:15 <INFO>  [1h22m31s] Current Time is 4951.2s, it took 7.67s to simulate the past 60s 
2026-03-11 11:15 <INFO>  [1h23m31s] Current Time is 5011.2s, it took 7.746s to simulate the past 60s 
2026-03-11 11:15 <INFO>  [1h24m31s] Current Time is 5071.2s, it took 7.725s to simulate the past 60s 
2026-03-11 11:16 <INFO>  [1h25m31s] Current Time is 5131.2s, it took 7.855s to simulate the past 60s 
2026-03-11 11:16 <INFO>  [1h26m31s] Current Time is 5191.2s, it took 7.981s to simulate the past 60s 
2026-03-11 11:16 <INFO>  [1h27m31s] Current Time is 5251.2s, it took 8.178s to simulate the past 60s 
2026-03-11 11:16 <INFO>  [1h28m31s] Current Time is 5311.2s, it took 8.382s to simulate the past 60s 
2026-03-11 11:16 <INFO>  [1h29m31s] Current Time is 5371.2s, it took 7.931s to simulate the past 60s 
2026-03-11 11:16 <INFO>  [1h29m31s] [Action] 5371.24(s), Type : SaveFilename : C:/health-digital-twin/biogears_service/engine/BioGears/bin/U001.xml 
2026-03-11 11:16 <INFO>  [1h29m31s] It took 154.611s to run this simulation 
