2026-03-23 00:05 <WARNING>  [0s] Multiple Renal Clearances specified, but not the same. RenalDynamics will override Systemic. 
2026-03-23 00:05 <WARNING>  [0s] Multiple Renal Clearances specified, but not the same. RenalDynamics will override Systemic. 
2026-03-23 00:05 <INFO>  [30s] Biogears has sucesfully loaded UHI_0001. 
2026-03-23 00:05 <INFO>  [30s] Executing Scenario 
2026-03-23 00:05 <FATAL>  [30s] Unknown Data Request : FatigueLevelFraction 
2026-03-23 00:05 <INFO>  [1m30s] Current Time is 90.02s, it took 7.272s to simulate the past 60s 
2026-03-23 00:06 <INFO>  [2m30s] Current Time is 150.02s, it took 7.407s to simulate the past 60s 
2026-03-23 00:06 <INFO>  [3m30s] Current Time is 210.02s, it took 7.543s to simulate the past 60s 
2026-03-23 00:06 <INFO>  [4m30s] Current Time is 270.02s, it took 7.773s to simulate the past 60s 
2026-03-23 00:06 <INFO>  [5m30s] Current Time is 330.02s, it took 7.639s to simulate the past 60s 
2026-03-23 00:06 <INFO>  [5m34s] [Action] 334.04(s), Patient Action : Oral Substance Administration
	Substance: Caffine
	Administration Route: Gastrointestinal
	Dose: 100(mg) 
2026-03-23 00:06 <INFO>  [6m30s] Current Time is 390.02s, it took 8.028s to simulate the past 60s 
2026-03-23 00:06 <INFO>  [7m29s] [Event] 449.04(s),  The patient is shivering 
2026-03-23 00:06 <INFO>  [7m30s] Current Time is 450.02s, it took 8.143s to simulate the past 60s 
2026-03-23 00:06 <INFO>  [8m30s] Current Time is 510.02s, it took 8.181s to simulate the past 60s 
2026-03-23 00:07 <INFO>  [9m30s] Current Time is 570.02s, it took 8.388s to simulate the past 60s 
2026-03-23 00:07 <INFO>  [10m30s] Current Time is 630.02s, it took 8.254s to simulate the past 60s 
2026-03-23 00:07 <INFO>  [11m30s] Current Time is 690.02s, it took 8.161s to simulate the past 60s 
2026-03-23 00:07 <INFO>  [12m30s] Current Time is 750.02s, it took 8.88s to simulate the past 60s 
2026-03-23 00:07 <INFO>  [13m30s] Current Time is 810.02s, it took 8.379s to simulate the past 60s 
2026-03-23 00:07 <INFO>  [14m30s] Current Time is 870.02s, it took 8.481s to simulate the past 60s 
2026-03-23 00:07 <INFO>  [15m30s] Current Time is 930.02s, it took 8.438s to simulate the past 60s 
2026-03-23 00:07 <INFO>  [15m34s] [Action] 934.06(s), Type : SaveFilename : C:/health-digital-twin/biogears_service/engine/BioGears/bin/batch_UHI_0001.xml 
2026-03-23 00:07 <INFO>  [15m34s] It took 121.707s to run this simulation 
