2026-03-25 10:04 <WARNING>  [0s] Multiple Renal Clearances specified, but not the same. RenalDynamics will override Systemic. 
2026-03-25 10:04 <WARNING>  [0s] Multiple Renal Clearances specified, but not the same. RenalDynamics will override Systemic. 
2026-03-25 10:04 <INFO>  [52m18s] Biogears has sucesfully loaded UHI_0001. 
2026-03-25 10:04 <INFO>  [52m18s] Executing Scenario 
2026-03-25 10:04 <FATAL>  [52m18s] Unknown Data Request : FatigueLevelFraction 
2026-03-25 10:04 <INFO>  [53m18s] Current Time is 3198.14s, it took 11.094s to simulate the past 60s 
2026-03-25 10:04 <INFO>  [54m18s] Current Time is 3258.14s, it took 11.278s to simulate the past 60s 
2026-03-25 10:04 <INFO>  [55m18s] Current Time is 3318.14s, it took 11.61s to simulate the past 60s 
2026-03-25 10:04 <INFO>  [56m18s] Current Time is 3378.14s, it took 11.314s to simulate the past 60s 
2026-03-25 10:05 <INFO>  [57m18s] Current Time is 3438.14s, it took 11.405s to simulate the past 60s 
2026-03-25 10:05 <INFO>  [58m18s] Current Time is 3498.14s, it took 11.285s to simulate the past 60s 
2026-03-25 10:05 <INFO>  [59m18s] Current Time is 3558.14s, it took 11.192s to simulate the past 60s 
2026-03-25 10:05 <INFO>  [1h0m18s] Current Time is 3618.14s, it took 11.198s to simulate the past 60s 
2026-03-25 10:05 <INFO>  [1h1m18s] Current Time is 3678.14s, it took 11.331s to simulate the past 60s 
2026-03-25 10:06 <INFO>  [1h2m18s] Current Time is 3738.14s, it took 11.308s to simulate the past 60s 
2026-03-25 10:06 <INFO>  [1h3m18s] Current Time is 3798.14s, it took 11.174s to simulate the past 60s 
2026-03-25 10:06 <INFO>  [1h4m18s] Current Time is 3858.14s, it took 11.675s to simulate the past 60s 
2026-03-25 10:06 <INFO>  [1h5m18s] Current Time is 3918.14s, it took 11.543s to simulate the past 60s 
2026-03-25 10:06 <INFO>  [1h6m18s] Current Time is 3978.14s, it took 11.42s to simulate the past 60s 
2026-03-25 10:07 <INFO>  [1h7m18s] Current Time is 4038.14s, it took 11.29s to simulate the past 60s 
2026-03-25 10:07 <INFO>  [1h8m18s] Current Time is 4098.14s, it took 11.301s to simulate the past 60s 
2026-03-25 10:07 <INFO>  [1h9m18s] Current Time is 4158.14s, it took 11.314s to simulate the past 60s 
2026-03-25 10:07 <INFO>  [1h10m18s] Current Time is 4218.14s, it took 11.125s to simulate the past 60s 
2026-03-25 10:07 <INFO>  [1h11m18s] Current Time is 4278.14s, it took 11.345s to simulate the past 60s 
2026-03-25 10:07 <INFO>  [1h12m18s] Current Time is 4338.14s, it took 11.05s to simulate the past 60s 
2026-03-25 10:08 <INFO>  [1h13m18s] Current Time is 4398.14s, it took 11.026s to simulate the past 60s 
2026-03-25 10:08 <INFO>  [1h14m18s] Current Time is 4458.14s, it took 12.306s to simulate the past 60s 
2026-03-25 10:08 <INFO>  [1h15m18s] Current Time is 4518.14s, it took 11.451s to simulate the past 60s 
2026-03-25 10:08 <INFO>  [1h16m18s] Current Time is 4578.14s, it took 11.499s to simulate the past 60s 
2026-03-25 10:08 <INFO>  [1h17m18s] Current Time is 4638.14s, it took 11.929s to simulate the past 60s 
2026-03-25 10:09 <INFO>  [1h18m18s] Current Time is 4698.14s, it took 11.777s to simulate the past 60s 
2026-03-25 10:09 <INFO>  [1h19m18s] Current Time is 4758.14s, it took 11.268s to simulate the past 60s 
2026-03-25 10:09 <INFO>  [1h20m18s] Current Time is 4818.14s, it took 11.016s to simulate the past 60s 
2026-03-25 10:09 <INFO>  [1h21m18s] Current Time is 4878.14s, it took 11.195s to simulate the past 60s 
2026-03-25 10:09 <INFO>  [1h22m18s] Current Time is 4938.14s, it took 11.243s to simulate the past 60s 
2026-03-25 10:10 <INFO>  [1h23m18s] Current Time is 4998.14s, it took 11.117s to simulate the past 60s 
2026-03-25 10:10 <INFO>  [1h24m18s] Current Time is 5058.14s, it took 11.423s to simulate the past 60s 
2026-03-25 10:10 <INFO>  [1h25m18s] Current Time is 5118.14s, it took 11.545s to simulate the past 60s 
2026-03-25 10:10 <INFO>  [1h26m18s] Current Time is 5178.14s, it took 11.115s to simulate the past 60s 
2026-03-25 10:10 <INFO>  [1h27m18s] Current Time is 5238.14s, it took 11.205s to simulate the past 60s 
2026-03-25 10:11 <INFO>  [1h28m18s] Current Time is 5298.14s, it took 11.339s to simulate the past 60s 
2026-03-25 10:11 <INFO>  [1h29m18s] Current Time is 5358.14s, it took 11.023s to simulate the past 60s 
2026-03-25 10:11 <INFO>  [1h30m18s] Current Time is 5418.14s, it took 10.98s to simulate the past 60s 
2026-03-25 10:11 <INFO>  [1h31m18s] Current Time is 5478.14s, it took 11.416s to simulate the past 60s 
2026-03-25 10:11 <INFO>  [1h32m18s] Current Time is 5538.14s, it took 11.152s to simulate the past 60s 
2026-03-25 10:11 <INFO>  [1h33m18s] Current Time is 5598.14s, it took 11.179s to simulate the past 60s 
2026-03-25 10:12 <INFO>  [1h34m18s] Current Time is 5658.14s, it took 11.083s to simulate the past 60s 
2026-03-25 10:12 <INFO>  [1h35m18s] Current Time is 5718.14s, it took 10.945s to simulate the past 60s 
2026-03-25 10:12 <INFO>  [1h36m18s] Current Time is 5778.14s, it took 11.196s to simulate the past 60s 
2026-03-25 10:12 <INFO>  [1h37m18s] Current Time is 5838.14s, it took 11.13s to simulate the past 60s 
2026-03-25 10:12 <INFO>  [1h38m18s] Current Time is 5898.14s, it took 11.171s to simulate the past 60s 
2026-03-25 10:13 <INFO>  [1h39m18s] Current Time is 5958.14s, it took 11.202s to simulate the past 60s 
2026-03-25 10:13 <INFO>  [1h40m18s] Current Time is 6018.14s, it took 11.037s to simulate the past 60s 
2026-03-25 10:13 <INFO>  [1h41m18s] Current Time is 6078.14s, it took 11.201s to simulate the past 60s 
2026-03-25 10:13 <INFO>  [1h42m18s] Current Time is 6138.14s, it took 11.409s to simulate the past 60s 
2026-03-25 10:13 <INFO>  [1h43m18s] Current Time is 6198.14s, it took 11.144s to simulate the past 60s 
2026-03-25 10:14 <INFO>  [1h44m18s] Current Time is 6258.14s, it took 11.005s to simulate the past 60s 
2026-03-25 10:14 <INFO>  [1h45m18s] Current Time is 6318.14s, it took 11.293s to simulate the past 60s 
2026-03-25 10:14 <INFO>  [1h46m18s] Current Time is 6378.14s, it took 11.233s to simulate the past 60s 
2026-03-25 10:14 <INFO>  [1h47m18s] Current Time is 6438.14s, it took 10.942s to simulate the past 60s 
2026-03-25 10:14 <INFO>  [1h48m18s] Current Time is 6498.14s, it took 11.321s to simulate the past 60s 
2026-03-25 10:14 <INFO>  [1h49m18s] Current Time is 6558.14s, it took 11.304s to simulate the past 60s 
2026-03-25 10:15 <INFO>  [1h50m18s] Current Time is 6618.14s, it took 11.267s to simulate the past 60s 
2026-03-25 10:15 <INFO>  [1h51m18s] Current Time is 6678.14s, it took 11.605s to simulate the past 60s 
2026-03-25 10:15 <INFO>  [1h52m18s] Current Time is 6738.14s, it took 11.611s to simulate the past 60s 
2026-03-25 10:15 <INFO>  [1h53m18s] Current Time is 6798.14s, it took 10.807s to simulate the past 60s 
2026-03-25 10:15 <INFO>  [1h54m18s] Current Time is 6858.14s, it took 10.844s to simulate the past 60s 
2026-03-25 10:16 <INFO>  [1h55m18s] Current Time is 6918.14s, it took 10.789s to simulate the past 60s 
2026-03-25 10:16 <INFO>  [1h56m18s] Current Time is 6978.14s, it took 10.823s to simulate the past 60s 
2026-03-25 10:16 <INFO>  [1h57m18s] Current Time is 7038.14s, it took 10.709s to simulate the past 60s 
2026-03-25 10:16 <INFO>  [1h58m18s] Current Time is 7098.14s, it took 11.24s to simulate the past 60s 
2026-03-25 10:16 <INFO>  [1h59m18s] Current Time is 7158.14s, it took 10.906s to simulate the past 60s 
2026-03-25 10:17 <INFO>  [2h0m18s] Current Time is 7218.14s, it took 13.788s to simulate the past 60s 
2026-03-25 10:17 <INFO>  [2h1m18s] Current Time is 7278.14s, it took 16.207s to simulate the past 60s 
2026-03-25 10:17 <INFO>  [2h2m18s] Current Time is 7338.14s, it took 15.352s to simulate the past 60s 
2026-03-25 10:17 <INFO>  [2h3m18s] Current Time is 7398.14s, it took 16.747s to simulate the past 60s 
2026-03-25 10:18 <INFO>  [2h4m18s] Current Time is 7458.14s, it took 14.795s to simulate the past 60s 
2026-03-25 10:18 <INFO>  [2h5m18s] Current Time is 7518.14s, it took 11.229s to simulate the past 60s 
2026-03-25 10:18 <INFO>  [2h6m18s] Current Time is 7578.14s, it took 11.045s to simulate the past 60s 
2026-03-25 10:18 <INFO>  [2h7m18s] Current Time is 7638.14s, it took 11.366s to simulate the past 60s 
2026-03-25 10:18 <INFO>  [2h8m18s] Current Time is 7698.14s, it took 11.082s to simulate the past 60s 
2026-03-25 10:19 <INFO>  [2h9m18s] Current Time is 7758.14s, it took 11.388s to simulate the past 60s 
2026-03-25 10:19 <INFO>  [2h10m18s] Current Time is 7818.14s, it took 11.193s to simulate the past 60s 
2026-03-25 10:19 <INFO>  [2h11m18s] Current Time is 7878.14s, it took 11.51s to simulate the past 60s 
2026-03-25 10:19 <INFO>  [2h12m18s] Current Time is 7938.14s, it took 11.445s to simulate the past 60s 
2026-03-25 10:19 <INFO>  [2h13m18s] Current Time is 7998.14s, it took 10.945s to simulate the past 60s 
2026-03-25 10:19 <INFO>  [2h14m18s] Current Time is 8058.14s, it took 11.335s to simulate the past 60s 
2026-03-25 10:20 <INFO>  [2h15m18s] Current Time is 8118.14s, it took 11.137s to simulate the past 60s 
