2026-03-25 10:23 <WARNING>  [0s] Multiple Renal Clearances specified, but not the same. RenalDynamics will override Systemic. 
2026-03-25 10:23 <WARNING>  [0s] Multiple Renal Clearances specified, but not the same. RenalDynamics will override Systemic. 
2026-03-25 10:23 <INFO>  [52m18s] Biogears has sucesfully loaded UHI_0001. 
2026-03-25 10:23 <INFO>  [52m18s] Executing Scenario 
2026-03-25 10:23 <FATAL>  [52m18s] Unknown Data Request : FatigueLevelFraction 
2026-03-25 10:23 <INFO>  [52m18s] [Action] 3138.14(s), Patient Action : Consume Nutrients
	Charbohydrates: None
	Fat: None
	Protein: None
	Calcium: None
	Sodium: None
	Water: 0.25(L) 
2026-03-25 10:23 <INFO>  [53m18s] Current Time is 3198.14s, it took 10.546s to simulate the past 60s 
2026-03-25 10:23 <INFO>  [54m18s] Current Time is 3258.14s, it took 10.483s to simulate the past 60s 
2026-03-25 10:23 <INFO>  [55m18s] Current Time is 3318.14s, it took 10.583s to simulate the past 60s 
2026-03-25 10:23 <INFO>  [56m18s] Current Time is 3378.14s, it took 10.528s to simulate the past 60s 
2026-03-25 10:24 <INFO>  [57m18s] Current Time is 3438.14s, it took 10.551s to simulate the past 60s 
2026-03-25 10:24 <INFO>  [58m18s] Current Time is 3498.14s, it took 11.2s to simulate the past 60s 
2026-03-25 10:24 <INFO>  [59m18s] Current Time is 3558.14s, it took 10.526s to simulate the past 60s 
2026-03-25 10:24 <INFO>  [1h0m18s] Current Time is 3618.14s, it took 10.472s to simulate the past 60s 
2026-03-25 10:24 <INFO>  [1h1m18s] Current Time is 3678.14s, it took 10.684s to simulate the past 60s 
2026-03-25 10:25 <INFO>  [1h2m18s] Current Time is 3738.14s, it took 10.724s to simulate the past 60s 
2026-03-25 10:25 <INFO>  [1h3m18s] Current Time is 3798.14s, it took 10.475s to simulate the past 60s 
2026-03-25 10:25 <INFO>  [1h4m18s] Current Time is 3858.14s, it took 10.412s to simulate the past 60s 
2026-03-25 10:25 <INFO>  [1h5m18s] Current Time is 3918.14s, it took 10.498s to simulate the past 60s 
2026-03-25 10:25 <INFO>  [1h6m18s] Current Time is 3978.14s, it took 10.561s to simulate the past 60s 
2026-03-25 10:25 <INFO>  [1h7m18s] Current Time is 4038.14s, it took 10.678s to simulate the past 60s 
2026-03-25 10:26 <INFO>  [1h8m18s] Current Time is 4098.14s, it took 10.64s to simulate the past 60s 
2026-03-25 10:26 <INFO>  [1h9m18s] Current Time is 4158.14s, it took 10.846s to simulate the past 60s 
2026-03-25 10:26 <INFO>  [1h10m18s] Current Time is 4218.14s, it took 10.725s to simulate the past 60s 
2026-03-25 10:26 <INFO>  [1h11m18s] Current Time is 4278.14s, it took 11.034s to simulate the past 60s 
2026-03-25 10:26 <INFO>  [1h12m18s] Current Time is 4338.14s, it took 10.798s to simulate the past 60s 
2026-03-25 10:26 <INFO>  [1h13m18s] Current Time is 4398.14s, it took 10.662s to simulate the past 60s 
2026-03-25 10:27 <INFO>  [1h14m18s] Current Time is 4458.14s, it took 10.611s to simulate the past 60s 
2026-03-25 10:27 <INFO>  [1h15m18s] Current Time is 4518.14s, it took 10.438s to simulate the past 60s 
2026-03-25 10:27 <INFO>  [1h16m18s] Current Time is 4578.14s, it took 10.525s to simulate the past 60s 
2026-03-25 10:27 <INFO>  [1h17m18s] Current Time is 4638.14s, it took 10.59s to simulate the past 60s 
2026-03-25 10:27 <INFO>  [1h18m18s] Current Time is 4698.14s, it took 10.455s to simulate the past 60s 
2026-03-25 10:28 <INFO>  [1h19m18s] Current Time is 4758.14s, it took 10.803s to simulate the past 60s 
2026-03-25 10:28 <INFO>  [1h20m18s] Current Time is 4818.14s, it took 10.81s to simulate the past 60s 
2026-03-25 10:28 <INFO>  [1h21m18s] Current Time is 4878.14s, it took 10.808s to simulate the past 60s 
2026-03-25 10:28 <INFO>  [1h22m18s] Current Time is 4938.14s, it took 10.819s to simulate the past 60s 
2026-03-25 10:28 <INFO>  [1h22m18s] [Action] 4938.16(s), Patient Action : Consume Nutrients
	Charbohydrates: 50(g)
	Fat: 16.7(g)
	Protein: 37.5(g)
	Calcium: None
	Sodium: None
	Water: 0.15(L) 
2026-03-25 10:28 <INFO>  [1h23m18s] Current Time is 4998.14s, it took 10.907s to simulate the past 60s 
2026-03-25 10:29 <INFO>  [1h24m18s] Current Time is 5058.14s, it took 15.383s to simulate the past 60s 
2026-03-25 10:29 <INFO>  [1h25m18s] Current Time is 5118.14s, it took 14.281s to simulate the past 60s 
2026-03-25 10:29 <INFO>  [1h26m18s] Current Time is 5178.14s, it took 10.888s to simulate the past 60s 
2026-03-25 10:29 <INFO>  [1h27m18s] Current Time is 5238.14s, it took 10.89s to simulate the past 60s 
2026-03-25 10:29 <INFO>  [1h28m18s] Current Time is 5298.14s, it took 10.791s to simulate the past 60s 
2026-03-25 10:29 <INFO>  [1h29m18s] Current Time is 5358.14s, it took 10.882s to simulate the past 60s 
2026-03-25 10:30 <INFO>  [1h30m18s] Current Time is 5418.14s, it took 10.832s to simulate the past 60s 
2026-03-25 10:30 <INFO>  [1h31m18s] Current Time is 5478.14s, it took 10.665s to simulate the past 60s 
2026-03-25 10:30 <INFO>  [1h32m18s] Current Time is 5538.14s, it took 10.774s to simulate the past 60s 
2026-03-25 10:30 <INFO>  [1h33m18s] Current Time is 5598.14s, it took 10.887s to simulate the past 60s 
2026-03-25 10:30 <INFO>  [1h34m18s] Current Time is 5658.14s, it took 10.741s to simulate the past 60s 
2026-03-25 10:31 <INFO>  [1h35m18s] Current Time is 5718.14s, it took 10.727s to simulate the past 60s 
2026-03-25 10:31 <INFO>  [1h36m18s] Current Time is 5778.14s, it took 10.727s to simulate the past 60s 
2026-03-25 10:31 <INFO>  [1h37m18s] Current Time is 5838.14s, it took 10.581s to simulate the past 60s 
2026-03-25 10:31 <INFO>  [1h38m18s] Current Time is 5898.14s, it took 11.423s to simulate the past 60s 
2026-03-25 10:31 <INFO>  [1h39m18s] Current Time is 5958.14s, it took 11.601s to simulate the past 60s 
2026-03-25 10:31 <INFO>  [1h40m18s] Current Time is 6018.14s, it took 10.884s to simulate the past 60s 
2026-03-25 10:32 <INFO>  [1h41m18s] Current Time is 6078.14s, it took 10.815s to simulate the past 60s 
2026-03-25 10:32 <INFO>  [1h42m18s] Current Time is 6138.14s, it took 10.694s to simulate the past 60s 
2026-03-25 10:32 <INFO>  [1h43m18s] Current Time is 6198.14s, it took 10.984s to simulate the past 60s 
2026-03-25 10:32 <INFO>  [1h44m18s] Current Time is 6258.14s, it took 11.41s to simulate the past 60s 
2026-03-25 10:32 <INFO>  [1h45m18s] Current Time is 6318.14s, it took 10.912s to simulate the past 60s 
2026-03-25 10:33 <INFO>  [1h46m18s] Current Time is 6378.14s, it took 10.746s to simulate the past 60s 
2026-03-25 10:33 <INFO>  [1h47m18s] Current Time is 6438.14s, it took 10.743s to simulate the past 60s 
2026-03-25 10:33 <INFO>  [1h48m18s] Current Time is 6498.14s, it took 10.776s to simulate the past 60s 
2026-03-25 10:33 <INFO>  [1h49m18s] Current Time is 6558.14s, it took 10.981s to simulate the past 60s 
2026-03-25 10:33 <INFO>  [1h50m18s] Current Time is 6618.14s, it took 11.072s to simulate the past 60s 
2026-03-25 10:33 <INFO>  [1h51m18s] Current Time is 6678.14s, it took 10.972s to simulate the past 60s 
2026-03-25 10:34 <INFO>  [1h52m18s] Current Time is 6738.14s, it took 10.965s to simulate the past 60s 
2026-03-25 10:34 <INFO>  [1h53m18s] Current Time is 6798.14s, it took 11.094s to simulate the past 60s 
2026-03-25 10:34 <INFO>  [1h54m18s] Current Time is 6858.14s, it took 10.839s to simulate the past 60s 
2026-03-25 10:34 <INFO>  [1h55m18s] Current Time is 6918.14s, it took 10.925s to simulate the past 60s 
2026-03-25 10:34 <INFO>  [1h56m18s] Current Time is 6978.14s, it took 11.008s to simulate the past 60s 
2026-03-25 10:35 <INFO>  [1h57m18s] Current Time is 7038.14s, it took 10.775s to simulate the past 60s 
2026-03-25 10:35 <INFO>  [1h58m18s] Current Time is 7098.14s, it took 10.716s to simulate the past 60s 
2026-03-25 10:35 <INFO>  [1h59m18s] Current Time is 7158.14s, it took 10.818s to simulate the past 60s 
2026-03-25 10:35 <INFO>  [2h0m18s] Current Time is 7218.14s, it took 10.662s to simulate the past 60s 
2026-03-25 10:35 <INFO>  [2h1m18s] Current Time is 7278.14s, it took 11.271s to simulate the past 60s 
2026-03-25 10:36 <INFO>  [2h2m18s] Current Time is 7338.14s, it took 12.682s to simulate the past 60s 
2026-03-25 10:36 <INFO>  [2h3m18s] Current Time is 7398.14s, it took 13.369s to simulate the past 60s 
2026-03-25 10:36 <INFO>  [2h4m18s] Current Time is 7458.14s, it took 12.489s to simulate the past 60s 
2026-03-25 10:36 <INFO>  [2h5m18s] Current Time is 7518.14s, it took 12.926s to simulate the past 60s 
2026-03-25 10:36 <INFO>  [2h6m18s] Current Time is 7578.14s, it took 12.905s to simulate the past 60s 
2026-03-25 10:37 <INFO>  [2h7m18s] Current Time is 7638.14s, it took 12.496s to simulate the past 60s 
2026-03-25 10:37 <INFO>  [2h8m18s] Current Time is 7698.14s, it took 12.564s to simulate the past 60s 
2026-03-25 10:37 <INFO>  [2h9m18s] Current Time is 7758.14s, it took 12.595s to simulate the past 60s 
2026-03-25 10:37 <INFO>  [2h10m18s] Current Time is 7818.14s, it took 12.741s to simulate the past 60s 
2026-03-25 10:37 <INFO>  [2h11m18s] Current Time is 7878.14s, it took 12.992s to simulate the past 60s 
2026-03-25 10:38 <INFO>  [2h12m18s] Current Time is 7938.14s, it took 12.818s to simulate the past 60s 
2026-03-25 10:38 <INFO>  [2h13m18s] Current Time is 7998.14s, it took 12.464s to simulate the past 60s 
2026-03-25 10:38 <INFO>  [2h14m18s] Current Time is 8058.14s, it took 12.25s to simulate the past 60s 
2026-03-25 10:38 <INFO>  [2h15m18s] Current Time is 8118.14s, it took 12.404s to simulate the past 60s 
2026-03-25 10:38 <INFO>  [2h16m18s] Current Time is 8178.14s, it took 12.382s to simulate the past 60s 
2026-03-25 10:39 <INFO>  [2h17m18s] Current Time is 8238.14s, it took 12.22s to simulate the past 60s 
2026-03-25 10:39 <INFO>  [2h18m18s] Current Time is 8298.14s, it took 12.179s to simulate the past 60s 
2026-03-25 10:39 <INFO>  [2h19m18s] Current Time is 8358.14s, it took 11.985s to simulate the past 60s 
2026-03-25 10:39 <INFO>  [2h20m18s] Current Time is 8418.14s, it took 12.121s to simulate the past 60s 
2026-03-25 10:39 <INFO>  [2h21m18s] Current Time is 8478.14s, it took 12.132s to simulate the past 60s 
2026-03-25 10:40 <INFO>  [2h22m18s] Current Time is 8538.14s, it took 12.076s to simulate the past 60s 
