2026-03-23 00:13 <WARNING>  [0s] Multiple Renal Clearances specified, but not the same. RenalDynamics will override Systemic. 
2026-03-23 00:13 <WARNING>  [0s] Multiple Renal Clearances specified, but not the same. RenalDynamics will override Systemic. 
2026-03-23 00:13 <INFO>  [15m34s] Biogears has sucesfully loaded UHI_0001. 
2026-03-23 00:13 <INFO>  [15m34s] Executing Scenario 
2026-03-23 00:13 <FATAL>  [15m34s] Unknown Data Request : FatigueLevelFraction 
2026-03-23 00:14 <INFO>  [16m34s] Current Time is 994.06s, it took 7.464s to simulate the past 60s 
2026-03-23 00:14 <INFO>  [17m34s] Current Time is 1054.06s, it took 7.556s to simulate the past 60s 
2026-03-23 00:14 <INFO>  [18m34s] Current Time is 1114.06s, it took 7.591s to simulate the past 60s 
2026-03-23 00:14 <INFO>  [19m34s] Current Time is 1174.06s, it took 7.443s to simulate the past 60s 
2026-03-23 00:14 <INFO>  [19m59s] Stomach is out of Sodium 
2026-03-23 00:14 <INFO>  [20m34s] Current Time is 1234.06s, it took 7.716s to simulate the past 60s 
2026-03-23 00:14 <INFO>  [21m34s] Current Time is 1294.06s, it took 7.625s to simulate the past 60s 
2026-03-23 00:14 <INFO>  [21m36s] [Action] 1296.08(s), Patient Action : Consume Nutrients
	Charbohydrates: None
	Fat: None
	Protein: None
	Calcium: None
	Sodium: None
	Water: 0.25(L) 
2026-03-23 00:14 <INFO>  [22m34s] Current Time is 1354.06s, it took 8.066s to simulate the past 60s 
2026-03-23 00:14 <INFO>  [23m34s] Current Time is 1414.06s, it took 7.901s to simulate the past 60s 
2026-03-23 00:15 <INFO>  [24m34s] Current Time is 1474.06s, it took 8.066s to simulate the past 60s 
2026-03-23 00:15 <INFO>  [25m34s] Current Time is 1534.06s, it took 7.948s to simulate the past 60s 
2026-03-23 00:15 <INFO>  [26m34s] Current Time is 1594.06s, it took 7.801s to simulate the past 60s 
2026-03-23 00:15 <INFO>  [27m34s] Current Time is 1654.06s, it took 7.794s to simulate the past 60s 
2026-03-23 00:15 <INFO>  [28m34s] Current Time is 1714.06s, it took 8.12s to simulate the past 60s 
2026-03-23 00:15 <INFO>  [29m34s] Current Time is 1774.06s, it took 7.859s to simulate the past 60s 
2026-03-23 00:15 <INFO>  [30m34s] Current Time is 1834.06s, it took 7.906s to simulate the past 60s 
2026-03-23 00:15 <INFO>  [31m34s] Current Time is 1894.06s, it took 7.829s to simulate the past 60s 
2026-03-23 00:15 <INFO>  [31m36s] [Action] 1896.1(s), Type : SaveFilename : C:/health-digital-twin/biogears_service/engine/BioGears/bin/batch_UHI_0001.xml 
2026-03-23 00:15 <INFO>  [31m36s] It took 125.135s to run this simulation 
