2026-03-31 10:04 <WARNING>  [0s] Multiple Renal Clearances specified, but not the same. RenalDynamics will override Systemic. 
2026-03-31 10:04 <WARNING>  [0s] Multiple Renal Clearances specified, but not the same. RenalDynamics will override Systemic. 
2026-03-31 10:04 <INFO>  [52m18s] Biogears has sucesfully loaded UHI_0001. 
2026-03-31 10:04 <INFO>  [52m18s] Executing Scenario 
2026-03-31 10:04 <INFO>  [52m18s] [Action] 3138.14(s), Patient Action : Consume Nutrients
	Charbohydrates: None
	Fat: None
	Protein: None
	Calcium: None
	Sodium: None
	Water: 0.25(L) 
2026-03-31 10:04 <INFO>  [53m18s] Current Time is 3198.14s, it took 8.826s to simulate the past 60s 
2026-03-31 10:04 <INFO>  [54m18s] Current Time is 3258.14s, it took 8.757s to simulate the past 60s 
2026-03-31 10:04 <INFO>  [55m18s] Current Time is 3318.14s, it took 8.805s to simulate the past 60s 
2026-03-31 10:04 <INFO>  [56m18s] Current Time is 3378.14s, it took 8.961s to simulate the past 60s 
2026-03-31 10:04 <INFO>  [57m18s] Current Time is 3438.14s, it took 8.894s to simulate the past 60s 
2026-03-31 10:04 <INFO>  [58m18s] Current Time is 3498.14s, it took 8.953s to simulate the past 60s 
2026-03-31 10:05 <INFO>  [59m18s] Current Time is 3558.14s, it took 9.083s to simulate the past 60s 
2026-03-31 10:05 <INFO>  [1h0m18s] Current Time is 3618.14s, it took 9.123s to simulate the past 60s 
2026-03-31 10:05 <INFO>  [1h1m18s] Current Time is 3678.14s, it took 9.572s to simulate the past 60s 
2026-03-31 10:05 <INFO>  [1h2m18s] Current Time is 3738.14s, it took 10.903s to simulate the past 60s 
2026-03-31 10:05 <INFO>  [1h3m18s] Current Time is 3798.14s, it took 10.445s to simulate the past 60s 
2026-03-31 10:05 <INFO>  [1h4m18s] Current Time is 3858.14s, it took 9.897s to simulate the past 60s 
2026-03-31 10:06 <INFO>  [1h5m18s] Current Time is 3918.14s, it took 10.665s to simulate the past 60s 
2026-03-31 10:06 <INFO>  [1h6m18s] Current Time is 3978.14s, it took 9.179s to simulate the past 60s 
2026-03-31 10:06 <INFO>  [1h7m18s] Current Time is 4038.14s, it took 8.921s to simulate the past 60s 
2026-03-31 10:06 <INFO>  [1h8m18s] Current Time is 4098.14s, it took 9.081s to simulate the past 60s 
2026-03-31 10:06 <INFO>  [1h9m18s] Current Time is 4158.14s, it took 9.589s to simulate the past 60s 
2026-03-31 10:06 <INFO>  [1h10m18s] Current Time is 4218.14s, it took 9.039s to simulate the past 60s 
2026-03-31 10:06 <INFO>  [1h11m18s] Current Time is 4278.14s, it took 9.115s to simulate the past 60s 
2026-03-31 10:07 <INFO>  [1h12m18s] Current Time is 4338.14s, it took 9.286s to simulate the past 60s 
2026-03-31 10:07 <INFO>  [1h13m18s] Current Time is 4398.14s, it took 9.866s to simulate the past 60s 
2026-03-31 10:07 <INFO>  [1h14m18s] Current Time is 4458.14s, it took 10.348s to simulate the past 60s 
2026-03-31 10:07 <INFO>  [1h15m18s] Current Time is 4518.14s, it took 11.588s to simulate the past 60s 
2026-03-31 10:07 <INFO>  [1h16m18s] Current Time is 4578.14s, it took 11.934s to simulate the past 60s 
2026-03-31 10:08 <INFO>  [1h17m18s] Current Time is 4638.14s, it took 16.695s to simulate the past 60s 
2026-03-31 10:08 <INFO>  [1h18m18s] Current Time is 4698.14s, it took 12.616s to simulate the past 60s 
2026-03-31 10:08 <INFO>  [1h19m18s] Current Time is 4758.14s, it took 14.506s to simulate the past 60s 
2026-03-31 10:08 <INFO>  [1h20m18s] Current Time is 4818.14s, it took 11.059s to simulate the past 60s 
2026-03-31 10:09 <INFO>  [1h21m18s] Current Time is 4878.14s, it took 12.845s to simulate the past 60s 
2026-03-31 10:09 <INFO>  [1h22m18s] Current Time is 4938.14s, it took 11.945s to simulate the past 60s 
2026-03-31 10:09 <INFO>  [1h22m18s] [Action] 4938.16(s), Patient Action : Consume Nutrients
	Charbohydrates: 50(g)
	Fat: 16.7(g)
	Protein: 37.5(g)
	Calcium: None
	Sodium: None
	Water: 0.25(L) 
2026-03-31 10:09 <INFO>  [1h23m18s] Current Time is 4998.14s, it took 10.546s to simulate the past 60s 
2026-03-31 10:09 <INFO>  [1h24m18s] Current Time is 5058.14s, it took 11.136s to simulate the past 60s 
2026-03-31 10:09 <INFO>  [1h25m18s] Current Time is 5118.14s, it took 10.966s to simulate the past 60s 
2026-03-31 10:09 <INFO>  [1h26m18s] Current Time is 5178.14s, it took 10.487s to simulate the past 60s 
2026-03-31 10:10 <INFO>  [1h27m18s] Current Time is 5238.14s, it took 11.324s to simulate the past 60s 
2026-03-31 10:10 <INFO>  [1h28m18s] Current Time is 5298.14s, it took 10.844s to simulate the past 60s 
2026-03-31 10:10 <INFO>  [1h29m18s] Current Time is 5358.14s, it took 10.625s to simulate the past 60s 
2026-03-31 10:10 <INFO>  [1h30m18s] Current Time is 5418.14s, it took 11.475s to simulate the past 60s 
2026-03-31 10:10 <INFO>  [1h31m18s] Current Time is 5478.14s, it took 10.644s to simulate the past 60s 
2026-03-31 10:11 <INFO>  [1h32m18s] Current Time is 5538.14s, it took 11.51s to simulate the past 60s 
2026-03-31 10:11 <INFO>  [1h33m18s] Current Time is 5598.14s, it took 11.797s to simulate the past 60s 
2026-03-31 10:11 <INFO>  [1h34m18s] Current Time is 5658.14s, it took 11.044s to simulate the past 60s 
2026-03-31 10:11 <INFO>  [1h35m18s] Current Time is 5718.14s, it took 11.014s to simulate the past 60s 
2026-03-31 10:11 <INFO>  [1h36m18s] Current Time is 5778.14s, it took 10.571s to simulate the past 60s 
2026-03-31 10:11 <INFO>  [1h37m18s] Current Time is 5838.14s, it took 10.43s to simulate the past 60s 
2026-03-31 10:12 <INFO>  [1h38m18s] Current Time is 5898.14s, it took 11.949s to simulate the past 60s 
2026-03-31 10:12 <INFO>  [1h39m18s] Current Time is 5958.14s, it took 10.491s to simulate the past 60s 
2026-03-31 10:12 <INFO>  [1h40m18s] Current Time is 6018.14s, it took 10.434s to simulate the past 60s 
2026-03-31 10:12 <INFO>  [1h41m18s] Current Time is 6078.14s, it took 10.797s to simulate the past 60s 
2026-03-31 10:12 <INFO>  [1h42m18s] Current Time is 6138.14s, it took 10.303s to simulate the past 60s 
2026-03-31 10:13 <INFO>  [1h43m18s] Current Time is 6198.14s, it took 10.37s to simulate the past 60s 
2026-03-31 10:13 <INFO>  [1h44m18s] Current Time is 6258.14s, it took 10.701s to simulate the past 60s 
2026-03-31 10:13 <INFO>  [1h45m18s] Current Time is 6318.14s, it took 10.241s to simulate the past 60s 
2026-03-31 10:13 <INFO>  [1h45m52s] [Event] 6352.1(s),  Patient has entered Diuresis 
2026-03-31 10:13 <INFO>  [1h46m18s] Current Time is 6378.14s, it took 10.428s to simulate the past 60s 
2026-03-31 10:13 <INFO>  [1h47m18s] Current Time is 6438.14s, it took 13.777s to simulate the past 60s 
2026-03-31 10:13 <INFO>  [1h48m18s] Current Time is 6498.14s, it took 10.584s to simulate the past 60s 
2026-03-31 10:14 <INFO>  [1h49m18s] Current Time is 6558.14s, it took 11.198s to simulate the past 60s 
2026-03-31 10:14 <INFO>  [1h50m18s] Current Time is 6618.14s, it took 10.729s to simulate the past 60s 
2026-03-31 10:14 <INFO>  [1h51m18s] Current Time is 6678.14s, it took 11.475s to simulate the past 60s 
2026-03-31 10:14 <INFO>  [1h52m18s] Current Time is 6738.14s, it took 11.784s to simulate the past 60s 
2026-03-31 10:14 <INFO>  [1h53m18s] Current Time is 6798.14s, it took 10.985s to simulate the past 60s 
2026-03-31 10:15 <INFO>  [1h54m18s] Current Time is 6858.14s, it took 11.881s to simulate the past 60s 
2026-03-31 10:15 <INFO>  [1h55m18s] Current Time is 6918.14s, it took 12.289s to simulate the past 60s 
2026-03-31 10:15 <INFO>  [1h56m18s] Current Time is 6978.14s, it took 11.984s to simulate the past 60s 
2026-03-31 10:15 <INFO>  [1h57m18s] Current Time is 7038.14s, it took 12.971s to simulate the past 60s 
2026-03-31 10:15 <INFO>  [1h58m18s] Current Time is 7098.14s, it took 12.478s to simulate the past 60s 
2026-03-31 10:16 <INFO>  [1h59m18s] Current Time is 7158.14s, it took 11.76s to simulate the past 60s 
2026-03-31 10:16 <INFO>  [2h0m18s] Current Time is 7218.14s, it took 11.219s to simulate the past 60s 
2026-03-31 10:16 <INFO>  [2h1m18s] Current Time is 7278.14s, it took 10.906s to simulate the past 60s 
2026-03-31 10:16 <INFO>  [2h2m18s] Current Time is 7338.14s, it took 17.395s to simulate the past 60s 
2026-03-31 10:16 <INFO>  [2h3m18s] Current Time is 7398.14s, it took 13.759s to simulate the past 60s 
2026-03-31 10:17 <INFO>  [2h4m18s] Current Time is 7458.14s, it took 16.694s to simulate the past 60s 
2026-03-31 10:17 <INFO>  [2h5m18s] Current Time is 7518.14s, it took 15.441s to simulate the past 60s 
2026-03-31 10:17 <INFO>  [2h6m18s] Current Time is 7578.14s, it took 17.78s to simulate the past 60s 
2026-03-31 10:18 <INFO>  [2h7m18s] Current Time is 7638.14s, it took 16.797s to simulate the past 60s 
2026-03-31 10:18 <INFO>  [2h8m18s] Current Time is 7698.14s, it took 14.406s to simulate the past 60s 
2026-03-31 10:18 <INFO>  [2h9m18s] Current Time is 7758.14s, it took 12.98s to simulate the past 60s 
2026-03-31 10:18 <INFO>  [2h10m18s] Current Time is 7818.14s, it took 16.403s to simulate the past 60s 
2026-03-31 10:19 <INFO>  [2h11m18s] Current Time is 7878.14s, it took 11.62s to simulate the past 60s 
2026-03-31 10:19 <INFO>  [2h12m18s] Current Time is 7938.14s, it took 10.312s to simulate the past 60s 
2026-03-31 10:19 <INFO>  [2h13m18s] Current Time is 7998.14s, it took 10.303s to simulate the past 60s 
2026-03-31 10:19 <INFO>  [2h14m18s] Current Time is 8058.14s, it took 10.259s to simulate the past 60s 
2026-03-31 10:19 <INFO>  [2h15m18s] Current Time is 8118.14s, it took 10.572s to simulate the past 60s 
2026-03-31 10:19 <INFO>  [2h16m18s] Current Time is 8178.14s, it took 12.343s to simulate the past 60s 
2026-03-31 10:20 <INFO>  [2h17m18s] Current Time is 8238.14s, it took 11.674s to simulate the past 60s 
2026-03-31 10:20 <INFO>  [2h18m18s] Current Time is 8298.14s, it took 12.93s to simulate the past 60s 
2026-03-31 10:20 <INFO>  [2h19m18s] Current Time is 8358.14s, it took 12.792s to simulate the past 60s 
2026-03-31 10:20 <INFO>  [2h20m18s] Current Time is 8418.14s, it took 11.302s to simulate the past 60s 
2026-03-31 10:20 <INFO>  [2h21m18s] Current Time is 8478.14s, it took 10.582s to simulate the past 60s 
2026-03-31 10:21 <INFO>  [2h22m18s] Current Time is 8538.14s, it took 10.354s to simulate the past 60s 
2026-03-31 10:21 <INFO>  [2h23m18s] Current Time is 8598.14s, it took 11.028s to simulate the past 60s 
2026-03-31 10:21 <INFO>  [2h24m18s] Current Time is 8658.14s, it took 10.786s to simulate the past 60s 
2026-03-31 10:21 <INFO>  [2h25m18s] Current Time is 8718.14s, it took 10.406s to simulate the past 60s 
2026-03-31 10:21 <INFO>  [2h26m18s] Current Time is 8778.14s, it took 10.572s to simulate the past 60s 
2026-03-31 10:21 <INFO>  [2h27m18s] Current Time is 8838.14s, it took 10.559s to simulate the past 60s 
2026-03-31 10:22 <INFO>  [2h28m18s] Current Time is 8898.14s, it took 10.622s to simulate the past 60s 
2026-03-31 10:22 <INFO>  [2h29m18s] Current Time is 8958.14s, it took 10.946s to simulate the past 60s 
2026-03-31 10:22 <INFO>  [2h30m18s] Current Time is 9018.14s, it took 10.912s to simulate the past 60s 
2026-03-31 10:22 <INFO>  [2h31m18s] Current Time is 9078.14s, it took 10.819s to simulate the past 60s 
2026-03-31 10:22 <INFO>  [2h32m18s] Current Time is 9138.14s, it took 10.682s to simulate the past 60s 
2026-03-31 10:23 <INFO>  [2h33m18s] Current Time is 9198.14s, it took 10.299s to simulate the past 60s 
2026-03-31 10:23 <INFO>  [2h34m18s] Current Time is 9258.14s, it took 10.756s to simulate the past 60s 
2026-03-31 10:23 <INFO>  [2h35m18s] Current Time is 9318.14s, it took 10.918s to simulate the past 60s 
2026-03-31 10:23 <INFO>  [2h36m18s] Current Time is 9378.14s, it took 10.444s to simulate the past 60s 
2026-03-31 10:23 <INFO>  [2h37m18s] Current Time is 9438.14s, it took 10.762s to simulate the past 60s 
2026-03-31 10:23 <INFO>  [2h38m18s] Current Time is 9498.14s, it took 10.474s to simulate the past 60s 
2026-03-31 10:24 <INFO>  [2h39m18s] Current Time is 9558.14s, it took 10.541s to simulate the past 60s 
2026-03-31 10:24 <INFO>  [2h40m18s] Current Time is 9618.14s, it took 11.082s to simulate the past 60s 
2026-03-31 10:24 <INFO>  [2h41m18s] Current Time is 9678.14s, it took 12.014s to simulate the past 60s 
2026-03-31 10:24 <INFO>  [2h42m18s] Current Time is 9738.14s, it took 11.067s to simulate the past 60s 
2026-03-31 10:24 <INFO>  [2h43m18s] Current Time is 9798.14s, it took 11.484s to simulate the past 60s 
2026-03-31 10:25 <INFO>  [2h44m18s] Current Time is 9858.14s, it took 11.072s to simulate the past 60s 
2026-03-31 10:25 <INFO>  [2h45m18s] Current Time is 9918.14s, it took 10.987s to simulate the past 60s 
2026-03-31 10:25 <INFO>  [2h46m18s] Current Time is 9978.14s, it took 10.631s to simulate the past 60s 
2026-03-31 10:25 <INFO>  [2h47m18s] Current Time is 10038.1s, it took 10.473s to simulate the past 60s 
2026-03-31 10:25 <INFO>  [2h48m18s] Current Time is 10098.1s, it took 10.737s to simulate the past 60s 
2026-03-31 10:25 <INFO>  [2h49m18s] Current Time is 10158.1s, it took 10.643s to simulate the past 60s 
2026-03-31 10:26 <INFO>  [2h50m18s] Current Time is 10218.1s, it took 10.374s to simulate the past 60s 
2026-03-31 10:26 <INFO>  [2h51m18s] Current Time is 10278.1s, it took 10.763s to simulate the past 60s 
2026-03-31 10:26 <INFO>  [2h52m18s] Current Time is 10338.1s, it took 11.034s to simulate the past 60s 
2026-03-31 10:26 <INFO>  [2h53m18s] Current Time is 10398.1s, it took 10.729s to simulate the past 60s 
2026-03-31 10:26 <INFO>  [2h54m18s] Current Time is 10458.1s, it took 10.622s to simulate the past 60s 
2026-03-31 10:27 <INFO>  [2h55m18s] Current Time is 10518.1s, it took 10.624s to simulate the past 60s 
2026-03-31 10:27 <INFO>  [2h56m18s] Current Time is 10578.1s, it took 11.408s to simulate the past 60s 
2026-03-31 10:27 <INFO>  [2h57m18s] Current Time is 10638.1s, it took 11.006s to simulate the past 60s 
2026-03-31 10:27 <INFO>  [2h58m18s] Current Time is 10698.1s, it took 10.45s to simulate the past 60s 
2026-03-31 10:27 <INFO>  [2h59m18s] Current Time is 10758.1s, it took 10.813s to simulate the past 60s 
2026-03-31 10:27 <INFO>  [2h59m45s] [Event] 10785.9(s),  Patient has involuntarily emptied their bladder 
2026-03-31 10:27 <INFO>  [3h0m18s] Current Time is 10818.1s, it took 10.709s to simulate the past 60s 
2026-03-31 10:28 <INFO>  [3h1m18s] Current Time is 10878.1s, it took 10.545s to simulate the past 60s 
2026-03-31 10:28 <INFO>  [3h2m18s] Current Time is 10938.1s, it took 10.74s to simulate the past 60s 
2026-03-31 10:28 <INFO>  [3h3m18s] Current Time is 10998.1s, it took 10.512s to simulate the past 60s 
2026-03-31 10:28 <INFO>  [3h4m18s] Current Time is 11058.1s, it took 10.6s to simulate the past 60s 
2026-03-31 10:28 <INFO>  [3h5m18s] Current Time is 11118.1s, it took 10.753s to simulate the past 60s 
2026-03-31 10:28 <INFO>  [3h6m18s] Current Time is 11178.1s, it took 10.425s to simulate the past 60s 
2026-03-31 10:29 <INFO>  [3h7m18s] Current Time is 11238.1s, it took 10.432s to simulate the past 60s 
2026-03-31 10:29 <INFO>  [3h8m18s] Current Time is 11298.1s, it took 10.839s to simulate the past 60s 
2026-03-31 10:29 <INFO>  [3h9m18s] Current Time is 11358.1s, it took 10.509s to simulate the past 60s 
2026-03-31 10:29 <INFO>  [3h10m18s] Current Time is 11418.1s, it took 10.777s to simulate the past 60s 
2026-03-31 10:29 <INFO>  [3h11m18s] Current Time is 11478.1s, it took 11.275s to simulate the past 60s 
2026-03-31 10:30 <INFO>  [3h12m18s] Current Time is 11538.1s, it took 10.515s to simulate the past 60s 
2026-03-31 10:30 <INFO>  [3h13m18s] Current Time is 11598.1s, it took 11.14s to simulate the past 60s 
2026-03-31 10:30 <INFO>  [3h14m18s] Current Time is 11658.1s, it took 10.971s to simulate the past 60s 
2026-03-31 10:30 <INFO>  [3h15m18s] Current Time is 11718.1s, it took 11.988s to simulate the past 60s 
2026-03-31 10:30 <INFO>  [3h16m18s] Current Time is 11778.1s, it took 10.809s to simulate the past 60s 
2026-03-31 10:30 <INFO>  [3h17m18s] Current Time is 11838.1s, it took 10.234s to simulate the past 60s 
2026-03-31 10:31 <INFO>  [3h18m18s] Current Time is 11898.1s, it took 10.165s to simulate the past 60s 
2026-03-31 10:31 <INFO>  [3h19m18s] Current Time is 11958.1s, it took 10.399s to simulate the past 60s 
2026-03-31 10:31 <INFO>  [3h20m18s] Current Time is 12018.1s, it took 10.203s to simulate the past 60s 
2026-03-31 10:31 <INFO>  [3h21m18s] Current Time is 12078.1s, it took 10.233s to simulate the past 60s 
2026-03-31 10:31 <INFO>  [3h22m18s] Current Time is 12138.1s, it took 10.584s to simulate the past 60s 
2026-03-31 10:31 <INFO>  [3h23m18s] Current Time is 12198.1s, it took 10.218s to simulate the past 60s 
2026-03-31 10:32 <INFO>  [3h24m18s] Current Time is 12258.1s, it took 10.471s to simulate the past 60s 
2026-03-31 10:32 <INFO>  [3h25m18s] Current Time is 12318.1s, it took 10.335s to simulate the past 60s 
2026-03-31 10:32 <INFO>  [3h26m18s] Current Time is 12378.1s, it took 10.151s to simulate the past 60s 
2026-03-31 10:32 <INFO>  [3h27m18s] Current Time is 12438.1s, it took 10.186s to simulate the past 60s 
2026-03-31 10:32 <INFO>  [3h28m18s] Current Time is 12498.1s, it took 10.287s to simulate the past 60s 
2026-03-31 10:33 <INFO>  [3h29m18s] Current Time is 12558.1s, it took 10.255s to simulate the past 60s 
2026-03-31 10:33 <INFO>  [3h30m18s] Current Time is 12618.1s, it took 10.381s to simulate the past 60s 
2026-03-31 10:33 <INFO>  [3h31m18s] Current Time is 12678.1s, it took 11.377s to simulate the past 60s 
2026-03-31 10:33 <INFO>  [3h32m18s] Current Time is 12738.1s, it took 11.941s to simulate the past 60s 
2026-03-31 10:33 <INFO>  [3h33m18s] Current Time is 12798.1s, it took 11.068s to simulate the past 60s 
2026-03-31 10:33 <INFO>  [3h34m18s] Current Time is 12858.1s, it took 10.699s to simulate the past 60s 
2026-03-31 10:34 <INFO>  [3h35m18s] Current Time is 12918.1s, it took 10.768s to simulate the past 60s 
2026-03-31 10:34 <INFO>  [3h36m18s] Current Time is 12978.1s, it took 11.055s to simulate the past 60s 
2026-03-31 10:34 <INFO>  [3h37m18s] Current Time is 13038.1s, it took 11.224s to simulate the past 60s 
2026-03-31 10:34 <INFO>  [3h38m18s] Current Time is 13098.1s, it took 10.888s to simulate the past 60s 
2026-03-31 10:34 <INFO>  [3h39m18s] Current Time is 13158.1s, it took 10.934s to simulate the past 60s 
2026-03-31 10:35 <INFO>  [3h40m18s] Current Time is 13218.1s, it took 10.672s to simulate the past 60s 
2026-03-31 10:35 <INFO>  [3h41m18s] Current Time is 13278.1s, it took 10.785s to simulate the past 60s 
2026-03-31 10:35 <INFO>  [3h42m18s] Current Time is 13338.1s, it took 10.697s to simulate the past 60s 
2026-03-31 10:35 <INFO>  [3h43m18s] Current Time is 13398.1s, it took 10.756s to simulate the past 60s 
2026-03-31 10:35 <INFO>  [3h44m18s] Current Time is 13458.1s, it took 10.846s to simulate the past 60s 
2026-03-31 10:35 <INFO>  [3h45m18s] Current Time is 13518.1s, it took 10.92s to simulate the past 60s 
2026-03-31 10:36 <INFO>  [3h46m18s] Current Time is 13578.1s, it took 10.785s to simulate the past 60s 
2026-03-31 10:36 <INFO>  [3h47m18s] Current Time is 13638.1s, it took 10.893s to simulate the past 60s 
2026-03-31 10:36 <INFO>  [3h48m18s] Current Time is 13698.1s, it took 10.582s to simulate the past 60s 
2026-03-31 10:36 <INFO>  [3h49m18s] Current Time is 13758.1s, it took 10.297s to simulate the past 60s 
2026-03-31 10:36 <INFO>  [3h50m18s] Current Time is 13818.1s, it took 11.179s to simulate the past 60s 
2026-03-31 10:37 <INFO>  [3h51m18s] Current Time is 13878.1s, it took 11.007s to simulate the past 60s 
2026-03-31 10:37 <INFO>  [3h52m18s] Current Time is 13938.1s, it took 12.182s to simulate the past 60s 
2026-03-31 10:37 <INFO>  [3h53m18s] Current Time is 13998.1s, it took 14.216s to simulate the past 60s 
2026-03-31 10:37 <INFO>  [3h54m18s] Current Time is 14058.1s, it took 11.363s to simulate the past 60s 
2026-03-31 10:37 <INFO>  [3h55m18s] Current Time is 14118.1s, it took 11.767s to simulate the past 60s 
2026-03-31 10:38 <INFO>  [3h56m18s] Current Time is 14178.1s, it took 10.952s to simulate the past 60s 
2026-03-31 10:38 <INFO>  [3h57m18s] Current Time is 14238.1s, it took 10.639s to simulate the past 60s 
2026-03-31 10:38 <INFO>  [3h58m18s] Current Time is 14298.1s, it took 10.492s to simulate the past 60s 
2026-03-31 10:38 <INFO>  [3h59m18s] Current Time is 14358.1s, it took 10.202s to simulate the past 60s 
2026-03-31 10:38 <INFO>  [4h0m18s] Current Time is 14418.1s, it took 10.55s to simulate the past 60s 
2026-03-31 10:38 <INFO>  [4h1m18s] Current Time is 14478.1s, it took 10.785s to simulate the past 60s 
2026-03-31 10:39 <INFO>  [4h2m18s] Current Time is 14538.1s, it took 10.513s to simulate the past 60s 
2026-03-31 10:39 <INFO>  [4h3m18s] Current Time is 14598.1s, it took 10.959s to simulate the past 60s 
2026-03-31 10:39 <INFO>  [4h4m18s] Current Time is 14658.1s, it took 10.825s to simulate the past 60s 
