2026-03-23 00:26 <WARNING>  [0s] Multiple Renal Clearances specified, but not the same. RenalDynamics will override Systemic. 
2026-03-23 00:26 <WARNING>  [0s] Multiple Renal Clearances specified, but not the same. RenalDynamics will override Systemic. 
2026-03-23 00:26 <INFO>  [31m36s] Biogears has sucesfully loaded UHI_0001. 
2026-03-23 00:26 <INFO>  [31m36s] Executing Scenario 
2026-03-23 00:26 <FATAL>  [31m36s] Unknown Data Request : FatigueLevelFraction 
2026-03-23 00:26 <INFO>  [32m36s] Current Time is 1956.1s, it took 11.35s to simulate the past 60s 
2026-03-23 00:27 <INFO>  [33m36s] Current Time is 2016.1s, it took 10.062s to simulate the past 60s 
2026-03-23 00:27 <INFO>  [34m36s] Current Time is 2076.1s, it took 10.082s to simulate the past 60s 
2026-03-23 00:27 <INFO>  [35m36s] Current Time is 2136.1s, it took 9.227s to simulate the past 60s 
2026-03-23 00:27 <INFO>  [36m36s] Current Time is 2196.1s, it took 9.471s to simulate the past 60s 
2026-03-23 00:27 <INFO>  [37m36s] Current Time is 2256.1s, it took 9.332s to simulate the past 60s 
2026-03-23 00:27 <INFO>  [38m36s] Current Time is 2316.1s, it took 9.128s to simulate the past 60s 
2026-03-23 00:28 <INFO>  [39m36s] Current Time is 2376.1s, it took 9.364s to simulate the past 60s 
2026-03-23 00:28 <INFO>  [40m36s] Current Time is 2436.1s, it took 9.507s to simulate the past 60s 
2026-03-23 00:28 <INFO>  [41m36s] Current Time is 2496.1s, it took 9.889s to simulate the past 60s 
2026-03-23 00:28 <INFO>  [42m18s] [Action] 2538.12(s), Patient Action : Consume Nutrients
	Charbohydrates: None
	Fat: None
	Protein: None
	Calcium: None
	Sodium: None
	Water: 0.25(L) 
2026-03-23 00:28 <INFO>  [42m36s] Current Time is 2556.1s, it took 9.059s to simulate the past 60s 
2026-03-23 00:28 <INFO>  [43m36s] Current Time is 2616.1s, it took 8.372s to simulate the past 60s 
2026-03-23 00:28 <INFO>  [44m36s] Current Time is 2676.1s, it took 8.046s to simulate the past 60s 
2026-03-23 00:28 <INFO>  [45m36s] Current Time is 2736.1s, it took 8.04s to simulate the past 60s 
2026-03-23 00:29 <INFO>  [46m36s] Current Time is 2796.1s, it took 8.001s to simulate the past 60s 
2026-03-23 00:29 <INFO>  [47m36s] Current Time is 2856.1s, it took 8.061s to simulate the past 60s 
2026-03-23 00:29 <INFO>  [48m36s] Current Time is 2916.1s, it took 8.17s to simulate the past 60s 
2026-03-23 00:29 <INFO>  [49m36s] Current Time is 2976.1s, it took 7.954s to simulate the past 60s 
2026-03-23 00:29 <INFO>  [50m36s] Current Time is 3036.1s, it took 8.224s to simulate the past 60s 
2026-03-23 00:29 <INFO>  [51m36s] Current Time is 3096.1s, it took 8.107s to simulate the past 60s 
2026-03-23 00:29 <INFO>  [52m18s] [Action] 3138.14(s), Type : SaveFilename : C:/health-digital-twin/biogears_service/engine/BioGears/bin/batch_UHI_0001.xml 
2026-03-23 00:29 <INFO>  [52m18s] It took 185.75s to run this simulation 
