2026-03-31 10:07 <WARNING>  [0s] Multiple Renal Clearances specified, but not the same. RenalDynamics will override Systemic. 
2026-03-31 10:07 <WARNING>  [0s] Multiple Renal Clearances specified, but not the same. RenalDynamics will override Systemic. 
2026-03-31 10:07 <INFO>  [52m18s] Biogears has sucesfully loaded UHI_0001. 
2026-03-31 10:07 <INFO>  [52m18s] Executing Scenario 
2026-03-31 10:07 <INFO>  [53m18s] Current Time is 3198.14s, it took 10.291s to simulate the past 60s 
2026-03-31 10:07 <INFO>  [54m18s] Current Time is 3258.14s, it took 10.744s to simulate the past 60s 
2026-03-31 10:07 <INFO>  [55m18s] Current Time is 3318.14s, it took 12.261s to simulate the past 60s 
2026-03-31 10:07 <INFO>  [56m18s] Current Time is 3378.14s, it took 13.302s to simulate the past 60s 
2026-03-31 10:08 <INFO>  [57m18s] Current Time is 3438.14s, it took 15.434s to simulate the past 60s 
2026-03-31 10:08 <INFO>  [58m18s] Current Time is 3498.14s, it took 12.871s to simulate the past 60s 
2026-03-31 10:08 <INFO>  [59m18s] Current Time is 3558.14s, it took 13.997s to simulate the past 60s 
2026-03-31 10:08 <INFO>  [1h0m18s] Current Time is 3618.14s, it took 11.004s to simulate the past 60s 
2026-03-31 10:09 <INFO>  [1h1m18s] Current Time is 3678.14s, it took 13.04s to simulate the past 60s 
2026-03-31 10:09 <INFO>  [1h2m18s] Current Time is 3738.14s, it took 11.193s to simulate the past 60s 
2026-03-31 10:09 <INFO>  [1h3m18s] Current Time is 3798.14s, it took 10.568s to simulate the past 60s 
2026-03-31 10:09 <INFO>  [1h4m18s] Current Time is 3858.14s, it took 11.485s to simulate the past 60s 
2026-03-31 10:09 <INFO>  [1h5m18s] Current Time is 3918.14s, it took 10.601s to simulate the past 60s 
2026-03-31 10:09 <INFO>  [1h6m18s] Current Time is 3978.14s, it took 10.67s to simulate the past 60s 
2026-03-31 10:10 <INFO>  [1h7m18s] Current Time is 4038.14s, it took 11.282s to simulate the past 60s 
2026-03-31 10:10 <INFO>  [1h8m18s] Current Time is 4098.14s, it took 10.607s to simulate the past 60s 
2026-03-31 10:10 <INFO>  [1h9m18s] Current Time is 4158.14s, it took 10.975s to simulate the past 60s 
2026-03-31 10:10 <INFO>  [1h10m18s] Current Time is 4218.14s, it took 11.235s to simulate the past 60s 
2026-03-31 10:10 <INFO>  [1h11m18s] Current Time is 4278.14s, it took 10.633s to simulate the past 60s 
2026-03-31 10:11 <INFO>  [1h12m18s] Current Time is 4338.14s, it took 11.997s to simulate the past 60s 
2026-03-31 10:11 <INFO>  [1h13m18s] Current Time is 4398.14s, it took 11.372s to simulate the past 60s 
2026-03-31 10:11 <INFO>  [1h14m18s] Current Time is 4458.14s, it took 10.865s to simulate the past 60s 
2026-03-31 10:11 <INFO>  [1h15m18s] Current Time is 4518.14s, it took 11.162s to simulate the past 60s 
2026-03-31 10:11 <INFO>  [1h16m18s] Current Time is 4578.14s, it took 10.3s to simulate the past 60s 
2026-03-31 10:12 <INFO>  [1h17m18s] Current Time is 4638.14s, it took 11.558s to simulate the past 60s 
2026-03-31 10:12 <INFO>  [1h18m18s] Current Time is 4698.14s, it took 10.925s to simulate the past 60s 
2026-03-31 10:12 <INFO>  [1h19m18s] Current Time is 4758.14s, it took 10.23s to simulate the past 60s 
2026-03-31 10:12 <INFO>  [1h20m18s] Current Time is 4818.14s, it took 10.5s to simulate the past 60s 
2026-03-31 10:12 <INFO>  [1h21m18s] Current Time is 4878.14s, it took 10.662s to simulate the past 60s 
2026-03-31 10:12 <INFO>  [1h22m18s] Current Time is 4938.14s, it took 10.272s to simulate the past 60s 
2026-03-31 10:13 <INFO>  [1h23m18s] Current Time is 4998.14s, it took 10.548s to simulate the past 60s 
2026-03-31 10:13 <INFO>  [1h24m18s] Current Time is 5058.14s, it took 10.515s to simulate the past 60s 
2026-03-31 10:13 <INFO>  [1h25m18s] Current Time is 5118.14s, it took 10.131s to simulate the past 60s 
2026-03-31 10:13 <INFO>  [1h26m18s] Current Time is 5178.14s, it took 11.246s to simulate the past 60s 
2026-03-31 10:13 <INFO>  [1h27m18s] Current Time is 5238.14s, it took 13.045s to simulate the past 60s 
2026-03-31 10:14 <INFO>  [1h28m18s] Current Time is 5298.14s, it took 10.566s to simulate the past 60s 
2026-03-31 10:14 <INFO>  [1h29m18s] Current Time is 5358.14s, it took 11.151s to simulate the past 60s 
2026-03-31 10:14 <INFO>  [1h30m18s] Current Time is 5418.14s, it took 10.323s to simulate the past 60s 
2026-03-31 10:14 <INFO>  [1h31m18s] Current Time is 5478.14s, it took 11.802s to simulate the past 60s 
2026-03-31 10:14 <INFO>  [1h32m18s] Current Time is 5538.14s, it took 11.547s to simulate the past 60s 
2026-03-31 10:14 <INFO>  [1h33m18s] Current Time is 5598.14s, it took 10.665s to simulate the past 60s 
2026-03-31 10:15 <INFO>  [1h34m18s] Current Time is 5658.14s, it took 12.514s to simulate the past 60s 
2026-03-31 10:15 <INFO>  [1h35m18s] Current Time is 5718.14s, it took 12.084s to simulate the past 60s 
2026-03-31 10:15 <INFO>  [1h36m18s] Current Time is 5778.14s, it took 11.439s to simulate the past 60s 
2026-03-31 10:15 <INFO>  [1h37m18s] Current Time is 5838.14s, it took 13.052s to simulate the past 60s 
2026-03-31 10:15 <INFO>  [1h38m18s] Current Time is 5898.14s, it took 11.731s to simulate the past 60s 
2026-03-31 10:16 <INFO>  [1h39m18s] Current Time is 5958.14s, it took 11.738s to simulate the past 60s 
2026-03-31 10:16 <INFO>  [1h40m18s] Current Time is 6018.14s, it took 10.977s to simulate the past 60s 
2026-03-31 10:16 <INFO>  [1h41m18s] Current Time is 6078.14s, it took 10.721s to simulate the past 60s 
2026-03-31 10:16 <INFO>  [1h42m18s] Current Time is 6138.14s, it took 17.853s to simulate the past 60s 
2026-03-31 10:17 <INFO>  [1h43m18s] Current Time is 6198.14s, it took 13.692s to simulate the past 60s 
2026-03-31 10:17 <INFO>  [1h44m18s] Current Time is 6258.14s, it took 16.837s to simulate the past 60s 
2026-03-31 10:17 <INFO>  [1h45m18s] Current Time is 6318.14s, it took 15.843s to simulate the past 60s 
2026-03-31 10:17 <INFO>  [1h46m18s] Current Time is 6378.14s, it took 16.814s to simulate the past 60s 
2026-03-31 10:18 <INFO>  [1h47m18s] Current Time is 6438.14s, it took 16.629s to simulate the past 60s 
2026-03-31 10:18 <INFO>  [1h48m18s] Current Time is 6498.14s, it took 13.816s to simulate the past 60s 
2026-03-31 10:18 <INFO>  [1h49m18s] Current Time is 6558.14s, it took 13.033s to simulate the past 60s 
2026-03-31 10:18 <INFO>  [1h50m18s] Current Time is 6618.14s, it took 16.172s to simulate the past 60s 
2026-03-31 10:19 <INFO>  [1h51m18s] Current Time is 6678.14s, it took 11.145s to simulate the past 60s 
2026-03-31 10:19 <INFO>  [1h52m18s] Current Time is 6738.14s, it took 10.191s to simulate the past 60s 
2026-03-31 10:19 <INFO>  [1h53m18s] Current Time is 6798.14s, it took 10.218s to simulate the past 60s 
2026-03-31 10:19 <INFO>  [1h54m18s] Current Time is 6858.14s, it took 10.075s to simulate the past 60s 
2026-03-31 10:19 <INFO>  [1h55m18s] Current Time is 6918.14s, it took 10.399s to simulate the past 60s 
2026-03-31 10:19 <INFO>  [1h56m18s] Current Time is 6978.14s, it took 12.491s to simulate the past 60s 
2026-03-31 10:20 <INFO>  [1h57m18s] Current Time is 7038.14s, it took 11.341s to simulate the past 60s 
2026-03-31 10:20 <INFO>  [1h58m18s] Current Time is 7098.14s, it took 12.814s to simulate the past 60s 
2026-03-31 10:20 <INFO>  [1h59m18s] Current Time is 7158.14s, it took 12.635s to simulate the past 60s 
2026-03-31 10:20 <INFO>  [2h0m18s] Current Time is 7218.14s, it took 11.361s to simulate the past 60s 
2026-03-31 10:20 <INFO>  [2h1m18s] Current Time is 7278.14s, it took 10.521s to simulate the past 60s 
2026-03-31 10:21 <INFO>  [2h2m18s] Current Time is 7338.14s, it took 10.152s to simulate the past 60s 
2026-03-31 10:21 <INFO>  [2h3m18s] Current Time is 7398.14s, it took 10.775s to simulate the past 60s 
2026-03-31 10:21 <INFO>  [2h4m18s] Current Time is 7458.14s, it took 10.73s to simulate the past 60s 
2026-03-31 10:21 <INFO>  [2h5m18s] Current Time is 7518.14s, it took 10.231s to simulate the past 60s 
2026-03-31 10:21 <INFO>  [2h6m18s] Current Time is 7578.14s, it took 10.473s to simulate the past 60s 
2026-03-31 10:21 <INFO>  [2h7m18s] Current Time is 7638.14s, it took 10.431s to simulate the past 60s 
2026-03-31 10:22 <INFO>  [2h8m18s] Current Time is 7698.14s, it took 10.391s to simulate the past 60s 
2026-03-31 10:22 <INFO>  [2h9m18s] Current Time is 7758.14s, it took 10.782s to simulate the past 60s 
2026-03-31 10:22 <INFO>  [2h10m18s] Current Time is 7818.14s, it took 10.788s to simulate the past 60s 
2026-03-31 10:22 <INFO>  [2h11m18s] Current Time is 7878.14s, it took 10.687s to simulate the past 60s 
2026-03-31 10:22 <INFO>  [2h12m18s] Current Time is 7938.14s, it took 10.687s to simulate the past 60s 
2026-03-31 10:23 <INFO>  [2h13m18s] Current Time is 7998.14s, it took 10.219s to simulate the past 60s 
2026-03-31 10:23 <INFO>  [2h14m18s] Current Time is 8058.14s, it took 10.455s to simulate the past 60s 
2026-03-31 10:23 <INFO>  [2h15m18s] Current Time is 8118.14s, it took 10.93s to simulate the past 60s 
2026-03-31 10:23 <INFO>  [2h16m18s] Current Time is 8178.14s, it took 10.422s to simulate the past 60s 
2026-03-31 10:23 <INFO>  [2h17m18s] Current Time is 8238.14s, it took 10.392s to simulate the past 60s 
2026-03-31 10:23 <INFO>  [2h18m18s] Current Time is 8298.14s, it took 10.643s to simulate the past 60s 
2026-03-31 10:24 <INFO>  [2h19m18s] Current Time is 8358.14s, it took 10.278s to simulate the past 60s 
2026-03-31 10:24 <INFO>  [2h20m18s] Current Time is 8418.14s, it took 10.884s to simulate the past 60s 
2026-03-31 10:24 <INFO>  [2h21m18s] Current Time is 8478.14s, it took 11.742s to simulate the past 60s 
2026-03-31 10:24 <INFO>  [2h22m18s] Current Time is 8538.14s, it took 10.837s to simulate the past 60s 
2026-03-31 10:24 <INFO>  [2h23m18s] Current Time is 8598.14s, it took 11.266s to simulate the past 60s 
2026-03-31 10:24 <INFO>  [2h24m18s] Current Time is 8658.14s, it took 11.097s to simulate the past 60s 
2026-03-31 10:25 <INFO>  [2h25m18s] Current Time is 8718.14s, it took 10.986s to simulate the past 60s 
2026-03-31 10:25 <INFO>  [2h26m18s] Current Time is 8778.14s, it took 10.569s to simulate the past 60s 
2026-03-31 10:25 <INFO>  [2h27m18s] Current Time is 8838.14s, it took 10.502s to simulate the past 60s 
2026-03-31 10:25 <INFO>  [2h28m18s] Current Time is 8898.14s, it took 10.42s to simulate the past 60s 
2026-03-31 10:25 <INFO>  [2h29m18s] Current Time is 8958.14s, it took 10.742s to simulate the past 60s 
2026-03-31 10:26 <INFO>  [2h30m18s] Current Time is 9018.14s, it took 10.243s to simulate the past 60s 
2026-03-31 10:26 <INFO>  [2h31m18s] Current Time is 9078.14s, it took 10.583s to simulate the past 60s 
2026-03-31 10:26 <INFO>  [2h32m18s] Current Time is 9138.14s, it took 10.973s to simulate the past 60s 
2026-03-31 10:26 <INFO>  [2h33m18s] Current Time is 9198.14s, it took 10.524s to simulate the past 60s 
2026-03-31 10:26 <INFO>  [2h34m18s] Current Time is 9258.14s, it took 10.734s to simulate the past 60s 
2026-03-31 10:26 <INFO>  [2h35m18s] Current Time is 9318.14s, it took 10.466s to simulate the past 60s 
2026-03-31 10:27 <INFO>  [2h36m18s] Current Time is 9378.14s, it took 10.584s to simulate the past 60s 
2026-03-31 10:27 <INFO>  [2h37m18s] Current Time is 9438.14s, it took 11.449s to simulate the past 60s 
2026-03-31 10:27 <INFO>  [2h38m18s] Current Time is 9498.14s, it took 10.565s to simulate the past 60s 
2026-03-31 10:27 <INFO>  [2h39m18s] Current Time is 9558.14s, it took 10.429s to simulate the past 60s 
2026-03-31 10:27 <INFO>  [2h40m18s] Current Time is 9618.14s, it took 10.766s to simulate the past 60s 
2026-03-31 10:28 <INFO>  [2h41m18s] Current Time is 9678.14s, it took 10.42s to simulate the past 60s 
2026-03-31 10:28 <INFO>  [2h42m18s] Current Time is 9738.14s, it took 10.457s to simulate the past 60s 
2026-03-31 10:28 <INFO>  [2h43m18s] Current Time is 9798.14s, it took 10.514s to simulate the past 60s 
2026-03-31 10:28 <INFO>  [2h44m18s] Current Time is 9858.14s, it took 10.331s to simulate the past 60s 
2026-03-31 10:28 <INFO>  [2h45m18s] Current Time is 9918.14s, it took 10.677s to simulate the past 60s 
2026-03-31 10:28 <INFO>  [2h46m18s] Current Time is 9978.14s, it took 10.625s to simulate the past 60s 
2026-03-31 10:29 <INFO>  [2h47m18s] Current Time is 10038.1s, it took 10.23s to simulate the past 60s 
2026-03-31 10:29 <INFO>  [2h48m18s] Current Time is 10098.1s, it took 10.649s to simulate the past 60s 
2026-03-31 10:29 <INFO>  [2h49m18s] Current Time is 10158.1s, it took 10.591s to simulate the past 60s 
2026-03-31 10:29 <INFO>  [2h50m18s] Current Time is 10218.1s, it took 10.436s to simulate the past 60s 
2026-03-31 10:29 <INFO>  [2h51m18s] Current Time is 10278.1s, it took 10.987s to simulate the past 60s 
2026-03-31 10:29 <INFO>  [2h52m18s] Current Time is 10338.1s, it took 10.88s to simulate the past 60s 
2026-03-31 10:30 <INFO>  [2h53m18s] Current Time is 10398.1s, it took 10.67s to simulate the past 60s 
2026-03-31 10:30 <INFO>  [2h54m18s] Current Time is 10458.1s, it took 11.08s to simulate the past 60s 
2026-03-31 10:30 <INFO>  [2h55m18s] Current Time is 10518.1s, it took 10.574s to simulate the past 60s 
2026-03-31 10:30 <INFO>  [2h56m18s] Current Time is 10578.1s, it took 12.227s to simulate the past 60s 
2026-03-31 10:30 <INFO>  [2h57m18s] Current Time is 10638.1s, it took 10.589s to simulate the past 60s 
2026-03-31 10:31 <INFO>  [2h58m18s] Current Time is 10698.1s, it took 10.073s to simulate the past 60s 
2026-03-31 10:31 <INFO>  [2h59m18s] Current Time is 10758.1s, it took 10.167s to simulate the past 60s 
2026-03-31 10:31 <INFO>  [3h0m18s] Current Time is 10818.1s, it took 10.29s to simulate the past 60s 
2026-03-31 10:31 <INFO>  [3h1m18s] Current Time is 10878.1s, it took 10.048s to simulate the past 60s 
2026-03-31 10:31 <INFO>  [3h2m18s] Current Time is 10938.1s, it took 10.262s to simulate the past 60s 
2026-03-31 10:31 <INFO>  [3h3m18s] Current Time is 10998.1s, it took 10.446s to simulate the past 60s 
2026-03-31 10:32 <INFO>  [3h4m18s] Current Time is 11058.1s, it took 10.158s to simulate the past 60s 
2026-03-31 10:32 <INFO>  [3h5m18s] Current Time is 11118.1s, it took 10.329s to simulate the past 60s 
2026-03-31 10:32 <INFO>  [3h6m18s] Current Time is 11178.1s, it took 10.302s to simulate the past 60s 
2026-03-31 10:32 <INFO>  [3h7m18s] Current Time is 11238.1s, it took 10.149s to simulate the past 60s 
2026-03-31 10:32 <INFO>  [3h8m18s] Current Time is 11298.1s, it took 10.212s to simulate the past 60s 
2026-03-31 10:32 <INFO>  [3h9m18s] Current Time is 11358.1s, it took 10.266s to simulate the past 60s 
2026-03-31 10:33 <INFO>  [3h10m18s] Current Time is 11418.1s, it took 10.189s to simulate the past 60s 
2026-03-31 10:33 <INFO>  [3h11m18s] Current Time is 11478.1s, it took 10.733s to simulate the past 60s 
2026-03-31 10:33 <INFO>  [3h12m18s] Current Time is 11538.1s, it took 11.294s to simulate the past 60s 
2026-03-31 10:33 <INFO>  [3h13m18s] Current Time is 11598.1s, it took 11.62s to simulate the past 60s 
2026-03-31 10:33 <INFO>  [3h14m18s] Current Time is 11658.1s, it took 10.908s to simulate the past 60s 
2026-03-31 10:33 <INFO>  [3h15m18s] Current Time is 11718.1s, it took 10.476s to simulate the past 60s 
2026-03-31 10:34 <INFO>  [3h16m18s] Current Time is 11778.1s, it took 10.836s to simulate the past 60s 
2026-03-31 10:34 <INFO>  [3h17m18s] Current Time is 11838.1s, it took 11.176s to simulate the past 60s 
2026-03-31 10:34 <INFO>  [3h18m18s] Current Time is 11898.1s, it took 10.933s to simulate the past 60s 
2026-03-31 10:34 <INFO>  [3h18m25s] [Event] 11905.8(s),  Patient has involuntarily emptied their bladder 
2026-03-31 10:34 <INFO>  [3h19m18s] Current Time is 11958.1s, it took 10.921s to simulate the past 60s 
2026-03-31 10:34 <INFO>  [3h20m18s] Current Time is 12018.1s, it took 10.848s to simulate the past 60s 
2026-03-31 10:35 <INFO>  [3h21m18s] Current Time is 12078.1s, it took 10.61s to simulate the past 60s 
2026-03-31 10:35 <INFO>  [3h22m18s] Current Time is 12138.1s, it took 10.78s to simulate the past 60s 
2026-03-31 10:35 <INFO>  [3h23m18s] Current Time is 12198.1s, it took 10.581s to simulate the past 60s 
2026-03-31 10:35 <INFO>  [3h24m18s] Current Time is 12258.1s, it took 10.729s to simulate the past 60s 
2026-03-31 10:35 <INFO>  [3h25m18s] Current Time is 12318.1s, it took 10.781s to simulate the past 60s 
2026-03-31 10:35 <INFO>  [3h26m18s] Current Time is 12378.1s, it took 10.78s to simulate the past 60s 
2026-03-31 10:36 <INFO>  [3h27m18s] Current Time is 12438.1s, it took 10.687s to simulate the past 60s 
2026-03-31 10:36 <INFO>  [3h28m18s] Current Time is 12498.1s, it took 10.866s to simulate the past 60s 
2026-03-31 10:36 <INFO>  [3h29m18s] Current Time is 12558.1s, it took 10.336s to simulate the past 60s 
2026-03-31 10:36 <INFO>  [3h30m18s] Current Time is 12618.1s, it took 10.348s to simulate the past 60s 
2026-03-31 10:36 <INFO>  [3h31m18s] Current Time is 12678.1s, it took 11.142s to simulate the past 60s 
2026-03-31 10:37 <INFO>  [3h32m18s] Current Time is 12738.1s, it took 10.985s to simulate the past 60s 
2026-03-31 10:37 <INFO>  [3h33m18s] Current Time is 12798.1s, it took 12.625s to simulate the past 60s 
2026-03-31 10:37 <INFO>  [3h34m18s] Current Time is 12858.1s, it took 13.236s to simulate the past 60s 
2026-03-31 10:37 <INFO>  [3h35m18s] Current Time is 12918.1s, it took 11.207s to simulate the past 60s 
2026-03-31 10:37 <INFO>  [3h36m18s] Current Time is 12978.1s, it took 11.804s to simulate the past 60s 
2026-03-31 10:38 <INFO>  [3h37m18s] Current Time is 13038.1s, it took 10.919s to simulate the past 60s 
2026-03-31 10:38 <INFO>  [3h38m18s] Current Time is 13098.1s, it took 10.591s to simulate the past 60s 
2026-03-31 10:38 <INFO>  [3h39m18s] Current Time is 13158.1s, it took 10.357s to simulate the past 60s 
2026-03-31 10:38 <INFO>  [3h40m18s] Current Time is 13218.1s, it took 10.117s to simulate the past 60s 
2026-03-31 10:38 <INFO>  [3h41m18s] Current Time is 13278.1s, it took 10.504s to simulate the past 60s 
2026-03-31 10:38 <INFO>  [3h42m18s] Current Time is 13338.1s, it took 10.651s to simulate the past 60s 
2026-03-31 10:39 <INFO>  [3h43m18s] Current Time is 13398.1s, it took 10.43s to simulate the past 60s 
2026-03-31 10:39 <INFO>  [3h44m18s] Current Time is 13458.1s, it took 10.874s to simulate the past 60s 
2026-03-31 10:39 <INFO>  [3h45m18s] Current Time is 13518.1s, it took 10.75s to simulate the past 60s 
