2026-03-12 10:41 <WARNING>  [0s] Multiple Renal Clearances specified, but not the same. RenalDynamics will override Systemic. 
2026-03-12 10:41 <INFO>  [0s] Configuring patient 
2026-03-12 10:41 <INFO>  [0s] No patient pain susceptibility set 0.000000 being used. 
2026-03-12 10:41 <INFO>  [0s] No patient sweat susceptibility set 0.000000 being used. 
2026-03-12 10:41 <INFO>  [0s] No patient sleep amount set 8.000000 hr being used. 
2026-03-12 10:41 <INFO>  [0s] Patient lean body mass computed and set to 61.500000 kg. 
2026-03-12 10:41 <INFO>  [0s] Patient muscle mass computed and set to 28.800000 kg. 
2026-03-12 10:41 <INFO>  [0s] Patient body density computed and set to 1.057537 g/cm^3. 
2026-03-12 10:41 <INFO>  [0s] No patient heart rate maximum set. Using a computed value of 187.000000 bpm. 
2026-03-12 10:41 <INFO>  [0s] No patient heart rate minimum set. Using a default value of 0.001bpm. 
2026-03-12 10:41 <INFO>  [0s] Patient's blood type antigen has not been set. Defaulting to  0.000000 
2026-03-12 10:41 <INFO>  [0s] No patient blood volume baseline set. Using a computed value of 5363.722835 mL. 
2026-03-12 10:41 <INFO>  [0s] No patient respiration rate baseline set. Using the standard value of 14.000000 bpm. 
2026-03-12 10:41 <INFO>  [0s] No patient right lung ratio set. Using the standard value of 0.525000 . 
2026-03-12 10:41 <INFO>  [0s] No patient total lung capacity set. Using a computed value of 6.000000 L. 
2026-03-12 10:41 <INFO>  [0s] No patient functional residual capacity set. Using a computed value of 2.250000 L. 
2026-03-12 10:41 <INFO>  [0s] No patient residual volume set. Using a computed value of 1.500000 L. 
2026-03-12 10:41 <INFO>  [0s] Patient tidal volume computed and set to 0.525000 L. 
2026-03-12 10:41 <INFO>  [0s] Patient vital capacity computed and set to 4.500000 L. 
2026-03-12 10:41 <INFO>  [0s] Patient expiratory reserve volume computed and set to 0.750000 L. 
2026-03-12 10:41 <INFO>  [0s] Patient inspiratory reserve volume computed and set to 3.225000 L. 
2026-03-12 10:41 <INFO>  [0s] Patient inspiratory capacity computed and set to 3.750000 L. 
2026-03-12 10:41 <INFO>  [0s] No patient alveoli surface area set. Using a computed value of 68.071313 m^2. 
2026-03-12 10:41 <INFO>  [0s] No patient skin surface area set. Using a computed value of 1.942380 m^2. 
2026-03-12 10:41 <INFO>  [0s] No patient basal metabolic rate set. Using a computed value of << kcal/day. 
2026-03-12 10:41 <INFO>  [0s] No patient maximum work rate set. Using a computed value of 1341.000000 Watts. 
2026-03-12 10:41 <INFO>  [0s] Resetting Substances 
2026-03-12 10:41 <INFO>  [0s] Initializing Configuration 
2026-03-12 10:41 <INFO>  [0s] Merging Provided Configuration 
2026-03-12 10:41 <INFO>  [0s] Merging OnDisk Configuration 
2026-03-12 10:41 <INFO>  [0s] Creating Circuits and Compartments 
2026-03-12 10:41 <INFO>  [0s] Setting Up Cardiovascular 
2026-03-12 10:41 <INFO>  [0s] Setting up Cerebral 
2026-03-12 10:41 <INFO>  [0s] Setting Up Renal 
2026-03-12 10:41 <INFO>  [0s] Setting Up Tissue 
2026-03-12 10:41 <INFO>  [0s] Setting Up Gastrointestinal 
2026-03-12 10:41 <INFO>  [0s] Setting Up External Temperature 
2026-03-12 10:41 <INFO>  [0s] Setting Up Internal Temperature 
2026-03-12 10:41 <INFO>  [0s] Setting Up Respiratory 
2026-03-12 10:41 <INFO>  [0s] Setting Up Anesthesia Machine 
2026-03-12 10:41 <INFO>  [0s] Setting Up Inhaler 
2026-03-12 10:41 <INFO>  [0s] Setting Up Nasal Cannula 
2026-03-12 10:41 <INFO>  [0s] Setting Up MechanicalVentilator 
2026-03-12 10:41 <INFO>  [0s] Initializing Substances 
2026-03-12 10:41 <INFO>  [0s] Initializing Systems 
2026-03-12 10:41 <INFO>  [0s] Tuning to patient parameters : HeartRate(bpm):72 Systolic(mmHg):115 Diastolic(mmHg):75 
2026-03-12 10:41 <INFO>  [0s] We are stable at 76.4 
2026-03-12 10:41 <INFO>  [0s] Tuning paths, Current values : HeartRate(bpm):72 Systolic(mmHg):117.852 Diastolic(mmHg):72.0448 Cardiac Output(mL/min):5821.18 Mean CVP(mmHg):3.99609 MAP(mmHg):96.0523 BloodVolume(mL): 5382.07 
2026-03-12 10:41 <INFO>  [0s] We are stable at 100.78 
2026-03-12 10:41 <INFO>  [0s] Successfully tuned circuit. Final values : HeartRate(bpm):72 Systolic(mmHg):114.365 Diastolic(mmHg):75.4957 Cardiac Output(mL/min):5834.03 Mean CVP(mmHg):4.00067 MAP(mmHg):96.2332 BloodVolume(mL): 5381.65 
2026-03-12 10:41 <INFO>  [0s] Converging to a steady state 
2026-03-12 10:41 <INFO>  [10s] Converging System... it took 1.17s to simulate the past 10s 
2026-03-12 10:41 <INFO>  [20s] Converging System... it took 1.29s to simulate the past 10s 
2026-03-12 10:41 <INFO>  [25s] 25.66s - Resetting the target for EndTidalCarbonDioxideFraction to 0.0447789, the last target value was 0.0448964 
2026-03-12 10:41 <INFO>  [29s] 29.88s - Resetting the target for TidalVolume to 0.551093, the last target value was 0.546808 
2026-03-12 10:41 <INFO>  [30s] Converging System... it took 1.32s to simulate the past 10s 
2026-03-12 10:41 <INFO>  [34s] 34.1s - Resetting the target for TidalVolume to 0.555018, the last target value was 0.551093 
2026-03-12 10:41 <INFO>  [38s] 38.3s - Resetting the target for EndTidalCarbonDioxideFraction to 0.044665, the last target value was 0.0447789 
2026-03-12 10:41 <INFO>  [40s] Converging System... it took 1.25s to simulate the past 10s 
2026-03-12 10:41 <INFO>  [42s] 42.5s - Resetting the target for TidalVolume to 0.558982, the last target value was 0.555018 
2026-03-12 10:41 <INFO>  [50s] Converging System... it took 1.18s to simulate the past 10s 
2026-03-12 10:41 <INFO>  [51s] 51.64s - Resetting the target for SkinTemperatureLeftLeg to 34.061, the last target value was 33.7237 
2026-03-12 10:41 <INFO>  [51s] 51.64s - Resetting the target for SkinTemperatureRightLeg to 34.061, the last target value was 33.7237 
2026-03-12 10:41 <INFO>  [55s] 55.06s - Resetting the target for TidalVolume to 0.562824, the last target value was 0.558982 
2026-03-12 10:41 <INFO>  [1m0s] Converging System... it took 1.18s to simulate the past 10s 
2026-03-12 10:41 <INFO>  [1m7s] 67.56s - Resetting the target for TidalVolume to 0.566629, the last target value was 0.562824 
2026-03-12 10:41 <INFO>  [1m7s] 67.56s - Resetting the target for EndTidalCarbonDioxideFraction to 0.0445428, the last target value was 0.044665 
2026-03-12 10:41 <INFO>  [1m10s] Converging System... it took 1.17s to simulate the past 10s 
2026-03-12 10:41 <INFO>  [1m11s] 71.02s - Resetting the target for SkinTemperatureHead to 34.0404, the last target value was 33.7034 
2026-03-12 10:41 <INFO>  [1m12s] 72.2s - Resetting the target for SkinTemperatureLeftArm to 34.0642, the last target value was 33.7269 
2026-03-12 10:41 <INFO>  [1m12s] 72.2s - Resetting the target for SkinTemperatureRightArm to 34.0642, the last target value was 33.7269 
2026-03-12 10:41 <INFO>  [1m20s] Converging System... it took 1.18s to simulate the past 10s 
2026-03-12 10:41 <INFO>  [1m24s] 84.16s - Resetting the target for TidalVolume to 0.570469, the last target value was 0.566629 
2026-03-12 10:41 <INFO>  [1m24s] 84.16s - Resetting the target for EndTidalCarbonDioxideFraction to 0.0444276, the last target value was 0.0445428 
2026-03-12 10:41 <INFO>  [1m30s] Converging System... it took 1.17s to simulate the past 10s 
2026-03-12 10:41 <INFO>  [1m35s] 95.06s - Resetting the target for SkinTemperatureLeftLeg to 34.4017, the last target value was 34.061 
2026-03-12 10:41 <INFO>  [1m35s] 95.06s - Resetting the target for SkinTemperatureRightLeg to 34.4017, the last target value was 34.061 
2026-03-12 10:41 <INFO>  [1m40s] Converging System... it took 1.19s to simulate the past 10s 
2026-03-12 10:41 <INFO>  [1m40s] 100.72s - Resetting the target for EndTidalCarbonDioxideFraction to 0.0443026, the last target value was 0.0444276 
2026-03-12 10:41 <INFO>  [1m50s] Converging System... it took 1.18s to simulate the past 10s 
2026-03-12 10:41 <WARNING>  [1m55s] We have passed required and optional convergence criteria. 
2026-03-12 10:41 <INFO>  [1m55s] Convergence took 13.9s to simulate 116s to get engine to a steady state 
2026-03-12 10:41 <INFO>  [1m55s] [Condition] Patient Condition : DiabetesType1
	Diabetes Type 1 Insulin Production Severity: 0.700000 
2026-03-12 10:41 <INFO>  [1m55s] Initial Stabilization Homeostasis: Patient heart rate = 72(1/min) 
2026-03-12 10:41 <INFO>  [1m55s] Initial Stabilization Homeostasis: Patient diastolic arterial pressure = 76.0063(mmHg) 
2026-03-12 10:41 <INFO>  [1m55s] Initial Stabilization Homeostasis: Patient systolic arterial pressure = 114.603(mmHg) 
2026-03-12 10:41 <INFO>  [1m55s] Initial Stabilization Homeostasis: Patient mean arterial pressure = 96.5814(mmHg) 
2026-03-12 10:41 <INFO>  [1m55s] Initial Stabilization Homeostasis: Patient respiration rate = 14.4928 bpm. 
2026-03-12 10:41 <INFO>  [1m55s] Initial Stabilization Homeostasis: Patient tidal volume = 0.570458 L. 
2026-03-12 10:41 <INFO>  [1m55s] Initial Stabilization Homeostasis: Patient functional residual capacity = 2.5554 L. 
2026-03-12 10:41 <INFO>  [1m55s] Initial Stabilization Homeostasis: Patient vital capacity = 4.5 L. 
2026-03-12 10:41 <INFO>  [1m55s] Initial Stabilization Homeostasis: Patient expiratory reserve volume = 1.0554 L. 
2026-03-12 10:41 <INFO>  [1m55s] Initial Stabilization Homeostasis: Patient inspiratory reserve volume = 2.87414 L. 
2026-03-12 10:41 <INFO>  [1m55s] Initial Stabilization Homeostasis: Patient inspiratory capacity = 3.4446 L. 
2026-03-12 10:41 <INFO>  [1m55s] Converging provided condition to a steady state 
2026-03-12 10:41 <INFO>  [2m5s] Converging System... it took 1.19s to simulate the past 10s 
2026-03-12 10:41 <INFO>  [2m15s] Converging System... it took 1.19s to simulate the past 10s 
2026-03-12 10:41 <INFO>  [2m25s] Converging System... it took 1.18s to simulate the past 10s 
2026-03-12 10:41 <INFO>  [2m26s] 30.66s - Resetting the target for EndTidalCarbonDioxideFraction to 0.0440583, the last target value was 0.0441898 
2026-03-12 10:41 <INFO>  [2m34s] 38.98s - Resetting the target for EndTidalCarbonDioxideFraction to 0.0438681, the last target value was 0.0440583 
2026-03-12 10:41 <INFO>  [2m35s] Converging System... it took 1.21s to simulate the past 10s 
2026-03-12 10:41 <INFO>  [2m43s] 47.34s - Resetting the target for TidalVolume to 0.566221, the last target value was 0.569064 
2026-03-12 10:41 <INFO>  [2m43s] 47.34s - Resetting the target for EndTidalCarbonDioxideFraction to 0.0436531, the last target value was 0.0438681 
2026-03-12 10:41 <INFO>  [2m43s] 47.66s - Resetting the target for SkinTemperatureLeftLeg to 34.7194, the last target value was 34.6328 
2026-03-12 10:41 <INFO>  [2m43s] 47.66s - Resetting the target for SkinTemperatureRightLeg to 34.7194, the last target value was 34.6328 
2026-03-12 10:41 <INFO>  [2m44s] 48.82s - Resetting the target for SkinTemperatureLeftArm to 34.4968, the last target value was 34.4107 
2026-03-12 10:41 <INFO>  [2m44s] 48.82s - Resetting the target for SkinTemperatureRightArm to 34.4968, the last target value was 34.4107 
2026-03-12 10:41 <INFO>  [2m44s] 48.88s - Resetting the target for SkinTemperatureHead to 34.4787, the last target value was 34.3926 
2026-03-12 10:41 <INFO>  [2m45s] Converging System... it took 1.74s to simulate the past 10s 
2026-03-12 10:41 <INFO>  [2m45s] 50.24s - Resetting the target for SkinTemperatureTorso to 34.7218, the last target value was 34.6352 
2026-03-12 10:41 <INFO>  [2m51s] 55.7s - Resetting the target for EndTidalCarbonDioxideFraction to 0.0434744, the last target value was 0.0436531 
2026-03-12 10:42 <INFO>  [2m53s] 58.24s - Resetting the target for DiastolicArterialPressure to 75.8707, the last target value was 76.0612 
2026-03-12 10:42 <INFO>  [2m55s] Converging System... it took 1.68s to simulate the past 10s 
2026-03-12 10:42 <INFO>  [2m59s] 64.06s - Resetting the target for EndTidalCarbonDioxideFraction to 0.0432862, the last target value was 0.0434744 
2026-03-12 10:42 <INFO>  [3m5s] Converging System... it took 1.29s to simulate the past 10s 
2026-03-12 10:42 <INFO>  [3m8s] 72.46s - Resetting the target for TidalVolume to 0.564029, the last target value was 0.566221 
2026-03-12 10:42 <INFO>  [3m8s] 72.46s - Resetting the target for EndTidalCarbonDioxideFraction to 0.043108, the last target value was 0.0432862 
2026-03-12 10:42 <INFO>  [3m10s] 74.54s - Resetting the target for SkinTemperatureLeftLeg to 34.8062, the last target value was 34.7194 
2026-03-12 10:42 <INFO>  [3m10s] 74.54s - Resetting the target for SkinTemperatureRightLeg to 34.8062, the last target value was 34.7194 
2026-03-12 10:42 <INFO>  [3m12s] 76.66s - Resetting the target for SkinTemperatureLeftArm to 34.583, the last target value was 34.4968 
2026-03-12 10:42 <INFO>  [3m12s] 76.66s - Resetting the target for SkinTemperatureRightArm to 34.583, the last target value was 34.4968 
2026-03-12 10:42 <INFO>  [3m12s] 76.72s - Resetting the target for SystolicArterialPressure to 114.379, the last target value was 114.671 
2026-03-12 10:42 <INFO>  [3m12s] 76.78s - Resetting the target for SkinTemperatureHead to 34.5649, the last target value was 34.4787 
2026-03-12 10:42 <INFO>  [3m12s] 77.1s - Resetting the target for SkinTemperatureTorso to 34.8086, the last target value was 34.7218 
2026-03-12 10:42 <INFO>  [3m15s] 80.08s - Resetting the target for DiastolicArterialPressure to 75.6803, the last target value was 75.8707 
2026-03-12 10:42 <INFO>  [3m15s] Converging System... it took 1.32s to simulate the past 10s 
2026-03-12 10:42 <INFO>  [3m16s] 80.86s - Resetting the target for EndTidalCarbonDioxideFraction to 0.0429766, the last target value was 0.043108 
2026-03-12 10:42 <INFO>  [3m25s] 89.3s - Resetting the target for TidalVolume to 0.561611, the last target value was 0.564029 
2026-03-12 10:42 <INFO>  [3m25s] 89.3s - Resetting the target for EndTidalCarbonDioxideFraction to 0.0428462, the last target value was 0.0429766 
2026-03-12 10:42 <INFO>  [3m25s] Converging System... it took 1.36s to simulate the past 10s 
2026-03-12 10:42 <INFO>  [3m32s] 96.88s - Resetting the target for CardiacOutput to 5805.58, the last target value was 5791.01 
2026-03-12 10:42 <INFO>  [3m35s] Converging System... it took 1.22s to simulate the past 10s 
2026-03-12 10:42 <INFO>  [3m37s] 102s - Resetting the target for TidalVolume to 0.5589, the last target value was 0.561611 
2026-03-12 10:42 <INFO>  [3m37s] 102s - Resetting the target for EndTidalCarbonDioxideFraction to 0.0427072, the last target value was 0.0428462 
2026-03-12 10:42 <INFO>  [3m42s] 106.6s - Resetting the target for SkinTemperatureTorso to 34.8956, the last target value was 34.8086 
2026-03-12 10:42 <INFO>  [3m42s] 106.88s - Resetting the target for SkinTemperatureLeftLeg to 34.8933, the last target value was 34.8062 
2026-03-12 10:42 <INFO>  [3m42s] 106.88s - Resetting the target for SkinTemperatureRightLeg to 34.8933, the last target value was 34.8062 
2026-03-12 10:42 <INFO>  [3m45s] 109.74s - Resetting the target for SkinTemperatureLeftArm to 34.6695, the last target value was 34.583 
2026-03-12 10:42 <INFO>  [3m45s] 109.74s - Resetting the target for SkinTemperatureRightArm to 34.6695, the last target value was 34.583 
2026-03-12 10:42 <INFO>  [3m45s] 109.9s - Resetting the target for SkinTemperatureHead to 34.6514, the last target value was 34.5649 
2026-03-12 10:42 <INFO>  [3m45s] Converging System... it took 1.26s to simulate the past 10s 
2026-03-12 10:42 <INFO>  [3m54s] 118.72s - Resetting the target for DiastolicArterialPressure to 75.4897, the last target value was 75.6803 
2026-03-12 10:42 <INFO>  [3m54s] 119s - Resetting the target for TidalVolume to 0.556508, the last target value was 0.5589 
2026-03-12 10:42 <INFO>  [3m54s] 119s - Resetting the target for EndTidalCarbonDioxideFraction to 0.0425775, the last target value was 0.0427072 
2026-03-12 10:42 <INFO>  [3m55s] Converging System... it took 1.23s to simulate the past 10s 
2026-03-12 10:42 <INFO>  [4m6s] Converging System... it took 1.27s to simulate the past 10s 
2026-03-12 10:42 <WARNING>  [4m9s] We have passed required and optional convergence criteria. 
2026-03-12 10:42 <INFO>  [4m9s] Convergence took 17.6s to simulate 134s to get engine to a steady state 
2026-03-12 10:42 <INFO>  [4m9s] Secondary Stabilization Homeostasis: Patient heart rate = 72(1/min) 
2026-03-12 10:42 <INFO>  [4m9s] Secondary Stabilization Homeostasis: Patient diastolic arterial pressure = 75.4687(mmHg) 
2026-03-12 10:42 <INFO>  [4m9s] Secondary Stabilization Homeostasis: Patient systolic arterial pressure = 114.198(mmHg) 
2026-03-12 10:42 <INFO>  [4m9s] Secondary Stabilization Homeostasis: Patient mean arterial pressure = 96.1372(mmHg) 
2026-03-12 10:42 <INFO>  [4m9s] Secondary Stabilization Homeostasis: Patient respiration rate = 14.0187 bpm. 
2026-03-12 10:42 <INFO>  [4m9s] Secondary Stabilization Homeostasis: Patient tidal volume = 0.556954 L. 
2026-03-12 10:42 <INFO>  [4m9s] Secondary Stabilization Homeostasis: Patient functional residual capacity = 2.55532 L. 
2026-03-12 10:42 <INFO>  [4m9s] Secondary Stabilization Homeostasis: Patient vital capacity = 4.5 L. 
2026-03-12 10:42 <INFO>  [4m9s] Secondary Stabilization Homeostasis: Patient expiratory reserve volume = 1.05532 L. 
2026-03-12 10:42 <INFO>  [4m9s] Secondary Stabilization Homeostasis: Patient inspiratory reserve volume = 2.88773 L. 
2026-03-12 10:42 <INFO>  [4m9s] Secondary Stabilization Homeostasis: Patient inspiratory capacity = 3.44468 L. 
2026-03-12 10:42 <INFO>  [4m9s] Nutrient stores refilled after stabilization 
2026-03-12 10:42 <INFO>  [4m9s] Finalizing homeostasis 
2026-03-12 10:42 <INFO>  [4m39s] Engine is now Active 
2026-03-12 10:42 <INFO>  [0s] Executing Scenario 
2026-03-12 10:42 <INFO>  [30s] [Condition] Patient Condition : DiabetesType1
	Diabetes Type 1 Insulin Production Severity: 0.700000[Action] 30.02(s), Type : SaveFilename : C:/health-digital-twin/biogears_service/engine/BioGears/bin/U001.xml 
2026-03-12 10:42 <INFO>  [30s] It took 3.881s to run this simulation 
