2026-03-23 00:00 <WARNING>  [0s] Multiple Renal Clearances specified, but not the same. RenalDynamics will override Systemic. 
2026-03-23 00:00 <INFO>  [0s] Configuring patient 
2026-03-23 00:00 <INFO>  [0s] No patient pain susceptibility set 0.000000 being used. 
2026-03-23 00:00 <INFO>  [0s] No patient sweat susceptibility set 0.000000 being used. 
2026-03-23 00:00 <INFO>  [0s] No patient sleep amount set 8.000000 hr being used. 
2026-03-23 00:00 <INFO>  [0s] Patient lean body mass computed and set to 56.000000 kg. 
2026-03-23 00:00 <INFO>  [0s] Patient muscle mass computed and set to 26.880000 kg. 
2026-03-23 00:00 <INFO>  [0s] Patient body density computed and set to 1.052851 g/cm^3. 
2026-03-23 00:00 <INFO>  [0s] No patient heart rate maximum set. Using a computed value of 176.500000 bpm. 
2026-03-23 00:00 <INFO>  [0s] No patient heart rate minimum set. Using a default value of 0.001bpm. 
2026-03-23 00:00 <INFO>  [0s] Patient's blood type antigen has not been set. Defaulting to  0.000000 
2026-03-23 00:00 <INFO>  [0s] No patient blood volume baseline set. Using a computed value of 4999.238315 mL. 
2026-03-23 00:00 <INFO>  [0s] No patient respiration rate baseline set. Using the standard value of 14.000000 bpm. 
2026-03-23 00:00 <INFO>  [0s] No patient right lung ratio set. Using the standard value of 0.525000 . 
2026-03-23 00:00 <INFO>  [0s] No patient total lung capacity set. Using a computed value of 5.600000 L. 
2026-03-23 00:00 <INFO>  [0s] No patient functional residual capacity set. Using a computed value of 2.100000 L. 
2026-03-23 00:00 <INFO>  [0s] No patient residual volume set. Using a computed value of 1.400000 L. 
2026-03-23 00:00 <INFO>  [0s] Patient tidal volume computed and set to 0.490000 L. 
2026-03-23 00:00 <INFO>  [0s] Patient vital capacity computed and set to 4.200000 L. 
2026-03-23 00:00 <INFO>  [0s] Patient expiratory reserve volume computed and set to 0.700000 L. 
2026-03-23 00:00 <INFO>  [0s] Patient inspiratory reserve volume computed and set to 3.010000 L. 
2026-03-23 00:00 <INFO>  [0s] Patient inspiratory capacity computed and set to 3.500000 L. 
2026-03-23 00:00 <INFO>  [0s] No patient alveoli surface area set. Using a computed value of 63.533225 m^2. 
2026-03-23 00:00 <INFO>  [0s] No patient skin surface area set. Using a computed value of 1.809684 m^2. 
2026-03-23 00:00 <INFO>  [0s] No patient basal metabolic rate set. Using a computed value of << kcal/day. 
2026-03-23 00:00 <INFO>  [0s] No patient maximum work rate set. Using a computed value of 976.500000 Watts. 
2026-03-23 00:00 <INFO>  [0s] Resetting Substances 
2026-03-23 00:00 <INFO>  [0s] Initializing Configuration 
2026-03-23 00:00 <INFO>  [0s] Merging Provided Configuration 
2026-03-23 00:00 <INFO>  [0s] Merging OnDisk Configuration 
2026-03-23 00:00 <INFO>  [0s] Creating Circuits and Compartments 
2026-03-23 00:00 <INFO>  [0s] Setting Up Cardiovascular 
2026-03-23 00:00 <INFO>  [0s] Setting up Cerebral 
2026-03-23 00:00 <INFO>  [0s] Setting Up Renal 
2026-03-23 00:00 <INFO>  [0s] Setting Up Tissue 
2026-03-23 00:00 <INFO>  [0s] Setting Up Gastrointestinal 
2026-03-23 00:00 <INFO>  [0s] Setting Up External Temperature 
2026-03-23 00:00 <INFO>  [0s] Setting Up Internal Temperature 
2026-03-23 00:00 <INFO>  [0s] Setting Up Respiratory 
2026-03-23 00:00 <INFO>  [0s] Setting Up Anesthesia Machine 
2026-03-23 00:00 <INFO>  [0s] Setting Up Inhaler 
2026-03-23 00:00 <INFO>  [0s] Setting Up Nasal Cannula 
2026-03-23 00:00 <INFO>  [0s] Setting Up MechanicalVentilator 
2026-03-23 00:00 <INFO>  [0s] Initializing Substances 
2026-03-23 00:00 <INFO>  [0s] Initializing Systems 
2026-03-23 00:00 <INFO>  [0s] Tuning to patient parameters : HeartRate(bpm):72 Systolic(mmHg):114 Diastolic(mmHg):73.5 
2026-03-23 00:00 <INFO>  [0s] We are stable at 87.32 
2026-03-23 00:00 <INFO>  [0s] Tuning paths, Current values : HeartRate(bpm):72 Systolic(mmHg):117.712 Diastolic(mmHg):70.1522 Cardiac Output(mL/min):5789.48 Mean CVP(mmHg):3.95909 MAP(mmHg):94.8669 BloodVolume(mL): 5019.79 
2026-03-23 00:00 <INFO>  [0s] We are stable at 125.14 
2026-03-23 00:00 <INFO>  [0s] Successfully tuned circuit. Final values : HeartRate(bpm):72 Systolic(mmHg):113.278 Diastolic(mmHg):74.1715 Cardiac Output(mL/min):5800.79 Mean CVP(mmHg):3.96345 MAP(mmHg):95.0313 BloodVolume(mL): 5019.23 
2026-03-23 00:00 <INFO>  [0s] Converging to a steady state 
2026-03-23 00:00 <INFO>  [10s] Converging System... it took 1.18s to simulate the past 10s 
2026-03-23 00:00 <INFO>  [20s] Converging System... it took 1.19s to simulate the past 10s 
2026-03-23 00:00 <INFO>  [25s] 25.62s - Resetting the target for TidalVolume to 0.515115, the last target value was 0.511122 
2026-03-23 00:00 <INFO>  [29s] 29.82s - Resetting the target for TidalVolume to 0.519039, the last target value was 0.515115 
2026-03-23 00:00 <INFO>  [29s] 29.82s - Resetting the target for EndTidalCarbonDioxideFraction to 0.0448779, the last target value was 0.0449953 
2026-03-23 00:00 <INFO>  [30s] Converging System... it took 1.19s to simulate the past 10s 
2026-03-23 00:00 <INFO>  [33s] 34s - Resetting the target for TidalVolume to 0.522922, the last target value was 0.519039 
2026-03-23 00:00 <INFO>  [38s] 38.16s - Resetting the target for TidalVolume to 0.526797, the last target value was 0.522922 
2026-03-23 00:00 <INFO>  [38s] 38.16s - Resetting the target for EndTidalCarbonDioxideFraction to 0.0447541, the last target value was 0.0448779 
2026-03-23 00:00 <INFO>  [40s] Converging System... it took 1.2s to simulate the past 10s 
2026-03-23 00:00 <INFO>  [42s] 42.32s - Resetting the target for TidalVolume to 0.530689, the last target value was 0.526797 
2026-03-23 00:00 <INFO>  [46s] 46.46s - Resetting the target for EndTidalCarbonDioxideFraction to 0.0445757, the last target value was 0.0447541 
2026-03-23 00:00 <INFO>  [50s] Converging System... it took 1.15s to simulate the past 10s 
2026-03-23 00:00 <INFO>  [50s] 50.6s - Resetting the target for TidalVolume to 0.534775, the last target value was 0.530689 
2026-03-23 00:00 <INFO>  [52s] 52.7s - Resetting the target for SkinTemperatureLeftLeg to 34.0409, the last target value was 33.7038 
2026-03-23 00:00 <INFO>  [52s] 52.7s - Resetting the target for SkinTemperatureRightLeg to 34.0409, the last target value was 33.7038 
2026-03-23 00:00 <INFO>  [54s] 54.72s - Resetting the target for EndTidalCarbonDioxideFraction to 0.0443869, the last target value was 0.0445757 
2026-03-23 00:00 <INFO>  [58s] 58.84s - Resetting the target for TidalVolume to 0.538868, the last target value was 0.534775 
2026-03-23 00:00 <INFO>  [1m0s] Converging System... it took 1.15s to simulate the past 10s 
2026-03-23 00:00 <INFO>  [1m2s] 62.96s - Resetting the target for EndTidalCarbonDioxideFraction to 0.0441909, the last target value was 0.0443869 
2026-03-23 00:00 <INFO>  [1m10s] Converging System... it took 1.17s to simulate the past 10s 
2026-03-23 00:00 <INFO>  [1m11s] 71.16s - Resetting the target for TidalVolume to 0.543192, the last target value was 0.538868 
2026-03-23 00:00 <INFO>  [1m11s] 71.16s - Resetting the target for EndTidalCarbonDioxideFraction to 0.0440267, the last target value was 0.0441909 
2026-03-23 00:00 <INFO>  [1m16s] 76.1s - Resetting the target for SkinTemperatureHead to 34.0065, the last target value was 33.6697 
2026-03-23 00:00 <INFO>  [1m17s] 77.8s - Resetting the target for SkinTemperatureLeftArm to 34.0354, the last target value was 33.6983 
2026-03-23 00:00 <INFO>  [1m17s] 77.8s - Resetting the target for SkinTemperatureRightArm to 34.0354, the last target value was 33.6983 
2026-03-23 00:00 <INFO>  [1m19s] 79.36s - Resetting the target for EndTidalCarbonDioxideFraction to 0.0438608, the last target value was 0.0440267 
2026-03-23 00:00 <INFO>  [1m20s] Converging System... it took 1.18s to simulate the past 10s 
2026-03-23 00:00 <INFO>  [1m27s] 87.58s - Resetting the target for EndTidalCarbonDioxideFraction to 0.0437225, the last target value was 0.0438608 
2026-03-23 00:00 <INFO>  [1m30s] Converging System... it took 1.21s to simulate the past 10s 
2026-03-23 00:00 <INFO>  [1m31s] 91.7s - Resetting the target for TidalVolume to 0.540188, the last target value was 0.543192 
2026-03-23 00:00 <INFO>  [1m39s] 99.24s - Resetting the target for SkinTemperatureLeftLeg to 34.3814, the last target value was 34.0409 
2026-03-23 00:00 <INFO>  [1m39s] 99.24s - Resetting the target for SkinTemperatureRightLeg to 34.3814, the last target value was 34.0409 
2026-03-23 00:00 <INFO>  [1m39s] 99.94s - Resetting the target for EndTidalCarbonDioxideFraction to 0.0435989, the last target value was 0.0437225 
2026-03-23 00:00 <INFO>  [1m40s] Converging System... it took 1.22s to simulate the past 10s 
2026-03-23 00:00 <INFO>  [1m48s] 108.22s - Resetting the target for TidalVolume to 0.537174, the last target value was 0.540188 
2026-03-23 00:00 <INFO>  [1m50s] Converging System... it took 1.2s to simulate the past 10s 
2026-03-23 00:00 <INFO>  [2m0s] Converging System... it took 1.32s to simulate the past 10s 
2026-03-23 00:00 <INFO>  [2m0s] 120.68s - Resetting the target for TidalVolume to 0.534011, the last target value was 0.537174 
2026-03-23 00:00 <INFO>  [2m10s] Converging System... it took 1.34s to simulate the past 10s 
2026-03-23 00:00 <INFO>  [2m13s] 133.2s - Resetting the target for TidalVolume to 0.530865, the last target value was 0.534011 
2026-03-23 00:00 <INFO>  [2m20s] Converging System... it took 1.24s to simulate the past 10s 
2026-03-23 00:00 <INFO>  [2m25s] 145.78s - Resetting the target for TidalVolume to 0.52771, the last target value was 0.530865 
2026-03-23 00:00 <INFO>  [2m30s] Converging System... it took 1.26s to simulate the past 10s 
2026-03-23 00:00 <INFO>  [2m32s] 152.56s - Resetting the target for SkinTemperatureHead to 34.3465, the last target value was 34.0065 
2026-03-23 00:00 <INFO>  [2m35s] 155.1s - Resetting the target for SkinTemperatureLeftArm to 34.3758, the last target value was 34.0354 
2026-03-23 00:00 <INFO>  [2m35s] 155.1s - Resetting the target for SkinTemperatureRightArm to 34.3758, the last target value was 34.0354 
2026-03-23 00:00 <INFO>  [2m40s] Converging System... it took 1.33s to simulate the past 10s 
2026-03-23 00:00 <INFO>  [2m42s] 162.62s - Resetting the target for TidalVolume to 0.524688, the last target value was 0.52771 
2026-03-23 00:00 <INFO>  [2m50s] Converging System... it took 1.26s to simulate the past 10s 
2026-03-23 00:00 <INFO>  [2m51s] 171.06s - Resetting the target for EndTidalCarbonDioxideFraction to 0.0437176, the last target value was 0.0435989 
2026-03-23 00:00 <INFO>  [3m0s] Converging System... it took 1.25s to simulate the past 10s 
2026-03-23 00:00 <INFO>  [3m1s] 181.1s - Resetting the target for SkinTemperatureTorso to 34.7228, the last target value was 34.379 
2026-03-23 00:00 <INFO>  [3m5s] 185.68s - Resetting the target for SkinTemperatureLeftLeg to 34.7252, the last target value was 34.3814 
2026-03-23 00:00 <INFO>  [3m5s] 185.68s - Resetting the target for SkinTemperatureRightLeg to 34.7252, the last target value was 34.3814 
2026-03-23 00:00 <INFO>  [3m10s] Converging System... it took 1.24s to simulate the past 10s 
2026-03-23 00:00 <INFO>  [3m20s] Converging System... it took 1.2s to simulate the past 10s 
2026-03-23 00:00 <WARNING>  [3m20s] We have passed required and optional convergence criteria. 
2026-03-23 00:00 <INFO>  [3m20s] Convergence took 24.5s to simulate 201s to get engine to a steady state 
2026-03-23 00:00 <INFO>  [3m20s] Initial Stabilization Homeostasis: Patient heart rate = 72(1/min) 
2026-03-23 00:00 <INFO>  [3m20s] Initial Stabilization Homeostasis: Patient diastolic arterial pressure = 74.6698(mmHg) 
2026-03-23 00:00 <INFO>  [3m20s] Initial Stabilization Homeostasis: Patient systolic arterial pressure = 113.473(mmHg) 
2026-03-23 00:00 <INFO>  [3m20s] Initial Stabilization Homeostasis: Patient mean arterial pressure = 95.3583(mmHg) 
2026-03-23 00:00 <INFO>  [3m20s] Initial Stabilization Homeostasis: Patient respiration rate = 14.218 bpm. 
2026-03-23 00:00 <INFO>  [3m20s] Initial Stabilization Homeostasis: Patient tidal volume = 0.525696 L. 
2026-03-23 00:00 <INFO>  [3m20s] Initial Stabilization Homeostasis: Patient functional residual capacity = 2.45524 L. 
2026-03-23 00:00 <INFO>  [3m20s] Initial Stabilization Homeostasis: Patient vital capacity = 4.2 L. 
2026-03-23 00:00 <INFO>  [3m20s] Initial Stabilization Homeostasis: Patient expiratory reserve volume = 1.05524 L. 
2026-03-23 00:00 <INFO>  [3m20s] Initial Stabilization Homeostasis: Patient inspiratory reserve volume = 2.61906 L. 
2026-03-23 00:00 <INFO>  [3m20s] Initial Stabilization Homeostasis: Patient inspiratory capacity = 3.14476 L. 
2026-03-23 00:00 <INFO>  [3m20s] Converging feedback to a steady state 
2026-03-23 00:00 <INFO>  [3m30s] Converging System... it took 1.28s to simulate the past 10s 
2026-03-23 00:00 <INFO>  [3m40s] Converging System... it took 1.4s to simulate the past 10s 
2026-03-23 00:00 <INFO>  [3m50s] Converging System... it took 1.25s to simulate the past 10s 
2026-03-23 00:00 <WARNING>  [4m0s] We have passed required and optional convergence criteria. 
2026-03-23 00:00 <INFO>  [4m0s] Convergence took 5.23s to simulate 40s to get engine to a steady state 
2026-03-23 00:00 <INFO>  [4m0s] Secondary Stabilization Homeostasis: Patient heart rate = 72(1/min) 
2026-03-23 00:00 <INFO>  [4m0s] Secondary Stabilization Homeostasis: Patient diastolic arterial pressure = 74.7169(mmHg) 
2026-03-23 00:00 <INFO>  [4m0s] Secondary Stabilization Homeostasis: Patient systolic arterial pressure = 113.535(mmHg) 
2026-03-23 00:00 <INFO>  [4m0s] Secondary Stabilization Homeostasis: Patient mean arterial pressure = 95.4166(mmHg) 
2026-03-23 00:00 <INFO>  [4m0s] Secondary Stabilization Homeostasis: Patient respiration rate = 14.1509 bpm. 
2026-03-23 00:00 <INFO>  [4m0s] Secondary Stabilization Homeostasis: Patient tidal volume = 0.52446 L. 
2026-03-23 00:00 <INFO>  [4m0s] Secondary Stabilization Homeostasis: Patient functional residual capacity = 2.45524 L. 
2026-03-23 00:00 <INFO>  [4m0s] Secondary Stabilization Homeostasis: Patient vital capacity = 4.2 L. 
2026-03-23 00:00 <INFO>  [4m0s] Secondary Stabilization Homeostasis: Patient expiratory reserve volume = 1.05524 L. 
2026-03-23 00:00 <INFO>  [4m0s] Secondary Stabilization Homeostasis: Patient inspiratory reserve volume = 2.6203 L. 
2026-03-23 00:00 <INFO>  [4m0s] Secondary Stabilization Homeostasis: Patient inspiratory capacity = 3.14476 L. 
2026-03-23 00:00 <INFO>  [4m0s] Nutrient stores refilled after stabilization 
2026-03-23 00:00 <INFO>  [4m0s] Finalizing homeostasis 
2026-03-23 00:00 <INFO>  [4m30s] Engine is now Active 
2026-03-23 00:00 <INFO>  [0s] Executing Scenario 
2026-03-23 00:00 <INFO>  [30s] [Action] 30.02(s), Type : SaveFilename : C:/health-digital-twin/biogears_service/engine/BioGears/bin/UHI_0001.xml 
2026-03-23 00:00 <INFO>  [30s] It took 4.099s to run this simulation 
