2026-03-11 11:56 <WARNING>  [0s] Multiple Renal Clearances specified, but not the same. RenalDynamics will override Systemic. 
2026-03-11 11:56 <INFO>  [0s] Configuring patient 
2026-03-11 11:56 <INFO>  [0s] No patient pain susceptibility set 0.000000 being used. 
2026-03-11 11:56 <INFO>  [0s] No patient sweat susceptibility set 0.000000 being used. 
2026-03-11 11:56 <INFO>  [0s] No patient sleep amount set 8.000000 hr being used. 
2026-03-11 11:56 <INFO>  [0s] Patient lean body mass computed and set to 61.500000 kg. 
2026-03-11 11:56 <INFO>  [0s] Patient muscle mass computed and set to 28.800000 kg. 
2026-03-11 11:56 <INFO>  [0s] Patient body density computed and set to 1.057537 g/cm^3. 
2026-03-11 11:56 <INFO>  [0s] No patient heart rate maximum set. Using a computed value of 187.000000 bpm. 
2026-03-11 11:56 <INFO>  [0s] No patient heart rate minimum set. Using a default value of 0.001bpm. 
2026-03-11 11:56 <INFO>  [0s] Patient's blood type antigen has not been set. Defaulting to  0.000000 
2026-03-11 11:56 <INFO>  [0s] No patient blood volume baseline set. Using a computed value of 5363.722835 mL. 
2026-03-11 11:56 <INFO>  [0s] No patient respiration rate baseline set. Using the standard value of 14.000000 bpm. 
2026-03-11 11:56 <INFO>  [0s] No patient right lung ratio set. Using the standard value of 0.525000 . 
2026-03-11 11:56 <INFO>  [0s] No patient total lung capacity set. Using a computed value of 6.000000 L. 
2026-03-11 11:56 <INFO>  [0s] No patient functional residual capacity set. Using a computed value of 2.250000 L. 
2026-03-11 11:56 <INFO>  [0s] No patient residual volume set. Using a computed value of 1.500000 L. 
2026-03-11 11:56 <INFO>  [0s] Patient tidal volume computed and set to 0.525000 L. 
2026-03-11 11:56 <INFO>  [0s] Patient vital capacity computed and set to 4.500000 L. 
2026-03-11 11:56 <INFO>  [0s] Patient expiratory reserve volume computed and set to 0.750000 L. 
2026-03-11 11:56 <INFO>  [0s] Patient inspiratory reserve volume computed and set to 3.225000 L. 
2026-03-11 11:56 <INFO>  [0s] Patient inspiratory capacity computed and set to 3.750000 L. 
2026-03-11 11:56 <INFO>  [0s] No patient alveoli surface area set. Using a computed value of 68.071313 m^2. 
2026-03-11 11:56 <INFO>  [0s] No patient skin surface area set. Using a computed value of 1.942380 m^2. 
2026-03-11 11:56 <INFO>  [0s] No patient basal metabolic rate set. Using a computed value of << kcal/day. 
2026-03-11 11:56 <INFO>  [0s] No patient maximum work rate set. Using a computed value of 1341.000000 Watts. 
2026-03-11 11:56 <INFO>  [0s] Resetting Substances 
2026-03-11 11:56 <INFO>  [0s] Initializing Configuration 
2026-03-11 11:56 <INFO>  [0s] Merging Provided Configuration 
2026-03-11 11:56 <INFO>  [0s] Merging OnDisk Configuration 
2026-03-11 11:56 <INFO>  [0s] Creating Circuits and Compartments 
2026-03-11 11:56 <INFO>  [0s] Setting Up Cardiovascular 
2026-03-11 11:56 <INFO>  [0s] Setting up Cerebral 
2026-03-11 11:56 <INFO>  [0s] Setting Up Renal 
2026-03-11 11:56 <INFO>  [0s] Setting Up Tissue 
2026-03-11 11:56 <INFO>  [0s] Setting Up Gastrointestinal 
2026-03-11 11:56 <INFO>  [0s] Setting Up External Temperature 
2026-03-11 11:56 <INFO>  [0s] Setting Up Internal Temperature 
2026-03-11 11:56 <INFO>  [0s] Setting Up Respiratory 
2026-03-11 11:56 <INFO>  [0s] Setting Up Anesthesia Machine 
2026-03-11 11:56 <INFO>  [0s] Setting Up Inhaler 
2026-03-11 11:56 <INFO>  [0s] Setting Up Nasal Cannula 
2026-03-11 11:56 <INFO>  [0s] Setting Up MechanicalVentilator 
2026-03-11 11:56 <INFO>  [0s] Initializing Substances 
2026-03-11 11:56 <INFO>  [0s] Initializing Systems 
2026-03-11 11:56 <INFO>  [0s] Tuning to patient parameters : HeartRate(bpm):72 Systolic(mmHg):115 Diastolic(mmHg):75 
2026-03-11 11:56 <INFO>  [0s] We are stable at 76.4 
2026-03-11 11:56 <INFO>  [0s] Tuning paths, Current values : HeartRate(bpm):72 Systolic(mmHg):117.852 Diastolic(mmHg):72.0448 Cardiac Output(mL/min):5821.18 Mean CVP(mmHg):3.99609 MAP(mmHg):96.0523 BloodVolume(mL): 5382.07 
2026-03-11 11:56 <INFO>  [0s] We are stable at 100.78 
2026-03-11 11:56 <INFO>  [0s] Successfully tuned circuit. Final values : HeartRate(bpm):72 Systolic(mmHg):114.365 Diastolic(mmHg):75.4957 Cardiac Output(mL/min):5834.03 Mean CVP(mmHg):4.00067 MAP(mmHg):96.2332 BloodVolume(mL): 5381.65 
2026-03-11 11:56 <INFO>  [0s] Converging to a steady state 
2026-03-11 11:56 <INFO>  [10s] Converging System... it took 1.16s to simulate the past 10s 
2026-03-11 11:56 <INFO>  [20s] Converging System... it took 1.17s to simulate the past 10s 
2026-03-11 11:56 <INFO>  [25s] 25.66s - Resetting the target for EndTidalCarbonDioxideFraction to 0.0447789, the last target value was 0.0448964 
2026-03-11 11:56 <INFO>  [29s] 29.88s - Resetting the target for TidalVolume to 0.551093, the last target value was 0.546808 
2026-03-11 11:56 <INFO>  [30s] Converging System... it took 1.2s to simulate the past 10s 
2026-03-11 11:56 <INFO>  [34s] 34.1s - Resetting the target for TidalVolume to 0.555018, the last target value was 0.551093 
2026-03-11 11:56 <INFO>  [38s] 38.3s - Resetting the target for EndTidalCarbonDioxideFraction to 0.044665, the last target value was 0.0447789 
2026-03-11 11:56 <INFO>  [40s] Converging System... it took 1.2s to simulate the past 10s 
2026-03-11 11:56 <INFO>  [42s] 42.5s - Resetting the target for TidalVolume to 0.558982, the last target value was 0.555018 
2026-03-11 11:56 <INFO>  [50s] Converging System... it took 1.32s to simulate the past 10s 
2026-03-11 11:56 <INFO>  [51s] 51.64s - Resetting the target for SkinTemperatureLeftLeg to 34.061, the last target value was 33.7237 
2026-03-11 11:56 <INFO>  [51s] 51.64s - Resetting the target for SkinTemperatureRightLeg to 34.061, the last target value was 33.7237 
2026-03-11 11:56 <INFO>  [55s] 55.06s - Resetting the target for TidalVolume to 0.562824, the last target value was 0.558982 
2026-03-11 11:56 <INFO>  [1m0s] Converging System... it took 1.48s to simulate the past 10s 
2026-03-11 11:56 <INFO>  [1m7s] 67.56s - Resetting the target for TidalVolume to 0.566629, the last target value was 0.562824 
2026-03-11 11:56 <INFO>  [1m7s] 67.56s - Resetting the target for EndTidalCarbonDioxideFraction to 0.0445428, the last target value was 0.044665 
2026-03-11 11:56 <INFO>  [1m10s] Converging System... it took 1.23s to simulate the past 10s 
2026-03-11 11:56 <INFO>  [1m11s] 71.02s - Resetting the target for SkinTemperatureHead to 34.0404, the last target value was 33.7034 
2026-03-11 11:56 <INFO>  [1m12s] 72.2s - Resetting the target for SkinTemperatureLeftArm to 34.0642, the last target value was 33.7269 
2026-03-11 11:56 <INFO>  [1m12s] 72.2s - Resetting the target for SkinTemperatureRightArm to 34.0642, the last target value was 33.7269 
2026-03-11 11:56 <INFO>  [1m20s] Converging System... it took 1.22s to simulate the past 10s 
2026-03-11 11:56 <INFO>  [1m24s] 84.16s - Resetting the target for TidalVolume to 0.570469, the last target value was 0.566629 
2026-03-11 11:56 <INFO>  [1m24s] 84.16s - Resetting the target for EndTidalCarbonDioxideFraction to 0.0444276, the last target value was 0.0445428 
2026-03-11 11:56 <INFO>  [1m30s] Converging System... it took 1.22s to simulate the past 10s 
2026-03-11 11:56 <INFO>  [1m35s] 95.06s - Resetting the target for SkinTemperatureLeftLeg to 34.4017, the last target value was 34.061 
2026-03-11 11:56 <INFO>  [1m35s] 95.06s - Resetting the target for SkinTemperatureRightLeg to 34.4017, the last target value was 34.061 
2026-03-11 11:56 <INFO>  [1m40s] Converging System... it took 1.19s to simulate the past 10s 
2026-03-11 11:56 <INFO>  [1m40s] 100.72s - Resetting the target for EndTidalCarbonDioxideFraction to 0.0443026, the last target value was 0.0444276 
2026-03-11 11:56 <INFO>  [1m50s] Converging System... it took 1.21s to simulate the past 10s 
2026-03-11 11:56 <WARNING>  [1m55s] We have passed required and optional convergence criteria. 
2026-03-11 11:56 <INFO>  [1m55s] Convergence took 14.2s to simulate 116s to get engine to a steady state 
2026-03-11 11:56 <INFO>  [1m55s] [Condition] Patient Condition : DiabetesType2
	Diabetes Type 2 Insulin Production Severity: 0.100000
	Diabetes Type 2 Insulin Resistance Severity: 0.500000 
2026-03-11 11:56 <INFO>  [1m55s] Initial Stabilization Homeostasis: Patient heart rate = 72(1/min) 
2026-03-11 11:56 <INFO>  [1m55s] Initial Stabilization Homeostasis: Patient diastolic arterial pressure = 76.0063(mmHg) 
2026-03-11 11:56 <INFO>  [1m55s] Initial Stabilization Homeostasis: Patient systolic arterial pressure = 114.603(mmHg) 
2026-03-11 11:56 <INFO>  [1m55s] Initial Stabilization Homeostasis: Patient mean arterial pressure = 96.5814(mmHg) 
2026-03-11 11:56 <INFO>  [1m55s] Initial Stabilization Homeostasis: Patient respiration rate = 14.4928 bpm. 
2026-03-11 11:56 <INFO>  [1m55s] Initial Stabilization Homeostasis: Patient tidal volume = 0.570458 L. 
2026-03-11 11:56 <INFO>  [1m55s] Initial Stabilization Homeostasis: Patient functional residual capacity = 2.5554 L. 
2026-03-11 11:56 <INFO>  [1m55s] Initial Stabilization Homeostasis: Patient vital capacity = 4.5 L. 
2026-03-11 11:56 <INFO>  [1m55s] Initial Stabilization Homeostasis: Patient expiratory reserve volume = 1.0554 L. 
2026-03-11 11:56 <INFO>  [1m55s] Initial Stabilization Homeostasis: Patient inspiratory reserve volume = 2.87414 L. 
2026-03-11 11:56 <INFO>  [1m55s] Initial Stabilization Homeostasis: Patient inspiratory capacity = 3.4446 L. 
2026-03-11 11:56 <INFO>  [1m55s] Converging provided condition to a steady state 
2026-03-11 11:56 <INFO>  [2m5s] Converging System... it took 1.2s to simulate the past 10s 
2026-03-11 11:56 <INFO>  [2m15s] Converging System... it took 1.21s to simulate the past 10s 
2026-03-11 11:56 <INFO>  [2m25s] Converging System... it took 1.19s to simulate the past 10s 
2026-03-11 11:56 <INFO>  [2m26s] 30.66s - Resetting the target for EndTidalCarbonDioxideFraction to 0.0440387, the last target value was 0.0441804 
2026-03-11 11:56 <INFO>  [2m34s] 38.98s - Resetting the target for EndTidalCarbonDioxideFraction to 0.0438369, the last target value was 0.0440387 
2026-03-11 11:56 <INFO>  [2m35s] Converging System... it took 1.2s to simulate the past 10s 
2026-03-11 11:56 <INFO>  [2m38s] 43.16s - Resetting the target for EndTidalCarbonDioxideFraction to 0.0437222, the last target value was 0.0438369 
2026-03-11 11:56 <INFO>  [2m43s] 47.34s - Resetting the target for TidalVolume to 0.566333, the last target value was 0.569068 
2026-03-11 11:56 <INFO>  [2m43s] 47.34s - Resetting the target for EndTidalCarbonDioxideFraction to 0.0436106, the last target value was 0.0437222 
2026-03-11 11:56 <INFO>  [2m43s] 47.66s - Resetting the target for SkinTemperatureLeftLeg to 34.7194, the last target value was 34.6328 
2026-03-11 11:56 <INFO>  [2m43s] 47.66s - Resetting the target for SkinTemperatureRightLeg to 34.7194, the last target value was 34.6328 
2026-03-11 11:56 <INFO>  [2m44s] 48.8s - Resetting the target for SkinTemperatureLeftArm to 34.4968, the last target value was 34.4107 
2026-03-11 11:56 <INFO>  [2m44s] 48.8s - Resetting the target for SkinTemperatureRightArm to 34.4968, the last target value was 34.4107 
2026-03-11 11:56 <INFO>  [2m44s] 48.86s - Resetting the target for SkinTemperatureHead to 34.4787, the last target value was 34.3926 
2026-03-11 11:56 <INFO>  [2m45s] Converging System... it took 1.19s to simulate the past 10s 
2026-03-11 11:56 <INFO>  [2m45s] 50.24s - Resetting the target for SkinTemperatureTorso to 34.7218, the last target value was 34.6352 
2026-03-11 11:56 <INFO>  [2m50s] 54.88s - Resetting the target for DiastolicArterialPressure to 75.8662, the last target value was 76.058 
2026-03-11 11:56 <INFO>  [2m51s] 55.7s - Resetting the target for EndTidalCarbonDioxideFraction to 0.0434189, the last target value was 0.0436106 
2026-03-11 11:56 <INFO>  [2m55s] Converging System... it took 1.22s to simulate the past 10s 
2026-03-11 11:56 <INFO>  [2m59s] 64.08s - Resetting the target for EndTidalCarbonDioxideFraction to 0.0432159, the last target value was 0.0434189 
2026-03-11 11:56 <INFO>  [3m4s] 68.28s - Resetting the target for TidalVolume to 0.564036, the last target value was 0.566333 
2026-03-11 11:56 <INFO>  [3m5s] Converging System... it took 1.2s to simulate the past 10s 
2026-03-11 11:56 <INFO>  [3m7s] 71.68s - Resetting the target for SystolicArterialPressure to 114.379, the last target value was 114.668 
2026-03-11 11:56 <INFO>  [3m8s] 72.48s - Resetting the target for EndTidalCarbonDioxideFraction to 0.0430496, the last target value was 0.0432159 
2026-03-11 11:56 <INFO>  [3m10s] 74.5s - Resetting the target for SkinTemperatureLeftLeg to 34.8063, the last target value was 34.7194 
2026-03-11 11:56 <INFO>  [3m10s] 74.5s - Resetting the target for SkinTemperatureRightLeg to 34.8063, the last target value was 34.7194 
2026-03-11 11:56 <INFO>  [3m11s] 75.88s - Resetting the target for DiastolicArterialPressure to 75.6691, the last target value was 75.8662 
2026-03-11 11:56 <INFO>  [3m12s] 76.6s - Resetting the target for SkinTemperatureLeftArm to 34.583, the last target value was 34.4968 
2026-03-11 11:56 <INFO>  [3m12s] 76.6s - Resetting the target for SkinTemperatureRightArm to 34.583, the last target value was 34.4968 
2026-03-11 11:56 <INFO>  [3m12s] 76.7s - Resetting the target for SkinTemperatureHead to 34.5649, the last target value was 34.4787 
2026-03-11 11:56 <INFO>  [3m12s] 77.08s - Resetting the target for SkinTemperatureTorso to 34.8087, the last target value was 34.7218 
2026-03-11 11:56 <INFO>  [3m15s] Converging System... it took 1.22s to simulate the past 10s 
2026-03-11 11:56 <INFO>  [3m16s] 80.9s - Resetting the target for EndTidalCarbonDioxideFraction to 0.0428915, the last target value was 0.0430496 
2026-03-11 11:56 <INFO>  [3m20s] 85.12s - Resetting the target for TidalVolume to 0.561819, the last target value was 0.564036 
2026-03-11 11:56 <INFO>  [3m25s] 89.34s - Resetting the target for EndTidalCarbonDioxideFraction to 0.0427728, the last target value was 0.0428915 
2026-03-11 11:56 <INFO>  [3m25s] Converging System... it took 1.23s to simulate the past 10s 
2026-03-11 11:56 <INFO>  [3m27s] 91.84s - Resetting the target for CardiacOutput to 5805.57, the last target value was 5791.04 
2026-03-11 11:56 <INFO>  [3m33s] 97.82s - Resetting the target for TidalVolume to 0.559305, the last target value was 0.561819 
2026-03-11 11:56 <INFO>  [3m33s] 97.82s - Resetting the target for EndTidalCarbonDioxideFraction to 0.042664, the last target value was 0.0427728 
2026-03-11 11:56 <INFO>  [3m35s] Converging System... it took 1.24s to simulate the past 10s 
2026-03-11 11:56 <INFO>  [3m41s] 105.28s - Resetting the target for DiastolicArterialPressure to 75.4738, the last target value was 75.6691 
2026-03-11 11:56 <INFO>  [3m42s] 106.54s - Resetting the target for SkinTemperatureTorso to 34.8957, the last target value was 34.8087 
2026-03-11 11:56 <INFO>  [3m42s] 106.74s - Resetting the target for SkinTemperatureLeftLeg to 34.8933, the last target value was 34.8063 
2026-03-11 11:56 <INFO>  [3m42s] 106.74s - Resetting the target for SkinTemperatureRightLeg to 34.8933, the last target value was 34.8063 
2026-03-11 11:56 <INFO>  [3m45s] 109.58s - Resetting the target for SkinTemperatureLeftArm to 34.6695, the last target value was 34.583 
2026-03-11 11:56 <INFO>  [3m45s] 109.58s - Resetting the target for SkinTemperatureRightArm to 34.6695, the last target value was 34.583 
2026-03-11 11:56 <INFO>  [3m45s] 109.72s - Resetting the target for SkinTemperatureHead to 34.6513, the last target value was 34.5649 
2026-03-11 11:56 <INFO>  [3m45s] Converging System... it took 1.2s to simulate the past 10s 
2026-03-11 11:56 <INFO>  [3m46s] 110.58s - Resetting the target for TidalVolume to 0.556805, the last target value was 0.559305 
2026-03-11 11:56 <INFO>  [3m46s] 110.58s - Resetting the target for EndTidalCarbonDioxideFraction to 0.0425476, the last target value was 0.042664 
2026-03-11 11:56 <INFO>  [3m55s] Converging System... it took 1.22s to simulate the past 10s 
2026-03-11 11:56 <INFO>  [3m59s] 123.4s - Resetting the target for TidalVolume to 0.55424, the last target value was 0.556805 
2026-03-11 11:56 <INFO>  [4m3s] 127.68s - Resetting the target for EndTidalCarbonDioxideFraction to 0.0424284, the last target value was 0.0425476 
2026-03-11 11:56 <INFO>  [4m6s] Converging System... it took 1.21s to simulate the past 10s 
2026-03-11 11:56 <INFO>  [4m12s] 136.28s - Resetting the target for TidalVolume to 0.551568, the last target value was 0.55424 
2026-03-11 11:56 <INFO>  [4m15s] 139.92s - Resetting the target for SkinTemperatureTorso to 34.9829, the last target value was 34.8957 
2026-03-11 11:56 <INFO>  [4m16s] Converging System... it took 1.2s to simulate the past 10s 
2026-03-11 11:56 <INFO>  [4m22s] 146.52s - Resetting the target for SkinTemperatureLeftLeg to 34.9805, the last target value was 34.8933 
2026-03-11 11:56 <INFO>  [4m22s] 146.52s - Resetting the target for SkinTemperatureRightLeg to 34.9805, the last target value was 34.8933 
2026-03-11 11:56 <INFO>  [4m25s] 149.88s - Resetting the target for SkinTemperatureLeftArm to 34.7562, the last target value was 34.6695 
2026-03-11 11:56 <INFO>  [4m25s] 149.88s - Resetting the target for SkinTemperatureRightArm to 34.7562, the last target value was 34.6695 
2026-03-11 11:56 <INFO>  [4m25s] 150.06s - Resetting the target for SkinTemperatureHead to 34.7379, the last target value was 34.6513 
2026-03-11 11:56 <INFO>  [4m26s] Converging System... it took 1.22s to simulate the past 10s 
2026-03-11 11:56 <INFO>  [4m29s] 153.52s - Resetting the target for TidalVolume to 0.549025, the last target value was 0.551568 
2026-03-11 11:56 <INFO>  [4m29s] 153.52s - Resetting the target for EndTidalCarbonDioxideFraction to 0.0423148, the last target value was 0.0424284 
2026-03-11 11:56 <INFO>  [4m36s] Converging System... it took 1.21s to simulate the past 10s 
2026-03-11 11:57 <WARNING>  [4m44s] We have passed required and optional convergence criteria. 
2026-03-11 11:57 <INFO>  [4m44s] Convergence took 20.4s to simulate 169s to get engine to a steady state 
2026-03-11 11:57 <INFO>  [4m44s] Secondary Stabilization Homeostasis: Patient heart rate = 72(1/min) 
2026-03-11 11:57 <INFO>  [4m44s] Secondary Stabilization Homeostasis: Patient diastolic arterial pressure = 75.4083(mmHg) 
2026-03-11 11:57 <INFO>  [4m44s] Secondary Stabilization Homeostasis: Patient systolic arterial pressure = 114.152(mmHg) 
2026-03-11 11:57 <INFO>  [4m44s] Secondary Stabilization Homeostasis: Patient mean arterial pressure = 96.0854(mmHg) 
2026-03-11 11:57 <INFO>  [4m44s] Secondary Stabilization Homeostasis: Patient respiration rate = 13.8889 bpm. 
2026-03-11 11:57 <INFO>  [4m44s] Secondary Stabilization Homeostasis: Patient tidal volume = 0.549704 L. 
2026-03-11 11:57 <INFO>  [4m44s] Secondary Stabilization Homeostasis: Patient functional residual capacity = 2.55529 L. 
2026-03-11 11:57 <INFO>  [4m44s] Secondary Stabilization Homeostasis: Patient vital capacity = 4.5 L. 
2026-03-11 11:57 <INFO>  [4m44s] Secondary Stabilization Homeostasis: Patient expiratory reserve volume = 1.05529 L. 
2026-03-11 11:57 <INFO>  [4m44s] Secondary Stabilization Homeostasis: Patient inspiratory reserve volume = 2.895 L. 
2026-03-11 11:57 <INFO>  [4m44s] Secondary Stabilization Homeostasis: Patient inspiratory capacity = 3.44471 L. 
2026-03-11 11:57 <INFO>  [4m44s] Nutrient stores refilled after stabilization 
2026-03-11 11:57 <INFO>  [4m44s] Finalizing homeostasis 
2026-03-11 11:57 <INFO>  [5m14s] Engine is now Active 
2026-03-11 11:57 <INFO>  [0s] Executing Scenario 
2026-03-11 11:57 <INFO>  [30s] [Condition] Patient Condition : DiabetesType2
	Diabetes Type 2 Insulin Production Severity: 0.100000
	Diabetes Type 2 Insulin Resistance Severity: 0.500000[Action] 30.02(s), Type : SaveFilename : C:/health-digital-twin/biogears_service/engine/BioGears/bin/U200.xml 
2026-03-11 11:57 <INFO>  [30s] It took 4.048s to run this simulation 
