2026-03-12 09:26 <WARNING>  [0s] Multiple Renal Clearances specified, but not the same. RenalDynamics will override Systemic. 
2026-03-12 09:26 <INFO>  [0s] Configuring patient 
2026-03-12 09:26 <INFO>  [0s] No patient pain susceptibility set 0.000000 being used. 
2026-03-12 09:26 <INFO>  [0s] No patient sweat susceptibility set 0.000000 being used. 
2026-03-12 09:26 <INFO>  [0s] No patient sleep amount set 8.000000 hr being used. 
2026-03-12 09:26 <WARNING>  [0s] Patient height of 180.000000 cm is outside of typical ranges - above 97th percentile(151.000000 cm). No guarantees of model validity. 
2026-03-12 09:26 <INFO>  [0s] Patient lean body mass computed and set to 61.500000 kg. 
2026-03-12 09:26 <INFO>  [0s] Patient muscle mass computed and set to 22.950000 kg. 
2026-03-12 09:26 <INFO>  [0s] Patient body density computed and set to 1.057537 g/cm^3. 
2026-03-12 09:26 <INFO>  [0s] No patient heart rate maximum set. Using a computed value of 187.000000 bpm. 
2026-03-12 09:26 <INFO>  [0s] No patient heart rate minimum set. Using a default value of 0.001bpm. 
2026-03-12 09:26 <INFO>  [0s] Patient's blood type antigen has not been set. Defaulting to  0.000000 
2026-03-12 09:26 <INFO>  [0s] No patient blood volume baseline set. Using a computed value of 5363.722835 mL. 
2026-03-12 09:26 <INFO>  [0s] No patient respiration rate baseline set. Using the standard value of 14.000000 bpm. 
2026-03-12 09:26 <INFO>  [0s] No patient right lung ratio set. Using the standard value of 0.525000 . 
2026-03-12 09:26 <INFO>  [0s] No patient total lung capacity set. Using a computed value of 6.000000 L. 
2026-03-12 09:26 <INFO>  [0s] No patient functional residual capacity set. Using a computed value of 2.250000 L. 
2026-03-12 09:26 <INFO>  [0s] No patient residual volume set. Using a computed value of 1.500000 L. 
2026-03-12 09:26 <INFO>  [0s] Patient tidal volume computed and set to 0.525000 L. 
2026-03-12 09:26 <INFO>  [0s] Patient vital capacity computed and set to 4.500000 L. 
2026-03-12 09:26 <INFO>  [0s] Patient expiratory reserve volume computed and set to 0.750000 L. 
2026-03-12 09:26 <INFO>  [0s] Patient inspiratory reserve volume computed and set to 3.225000 L. 
2026-03-12 09:26 <INFO>  [0s] Patient inspiratory capacity computed and set to 3.750000 L. 
2026-03-12 09:26 <INFO>  [0s] No patient alveoli surface area set. Using a computed value of 68.071313 m^2. 
2026-03-12 09:26 <INFO>  [0s] No patient skin surface area set. Using a computed value of 1.942380 m^2. 
2026-03-12 09:26 <INFO>  [0s] No patient basal metabolic rate set. Using a computed value of << kcal/day. 
2026-03-12 09:26 <INFO>  [0s] No patient maximum work rate set. Using a computed value of 1052.000000 Watts. 
2026-03-12 09:26 <INFO>  [0s] Resetting Substances 
2026-03-12 09:26 <INFO>  [0s] Initializing Configuration 
2026-03-12 09:26 <INFO>  [0s] Merging Provided Configuration 
2026-03-12 09:26 <INFO>  [0s] Merging OnDisk Configuration 
2026-03-12 09:26 <INFO>  [0s] Creating Circuits and Compartments 
2026-03-12 09:26 <INFO>  [0s] Setting Up Cardiovascular 
2026-03-12 09:26 <INFO>  [0s] Setting up Cerebral 
2026-03-12 09:26 <INFO>  [0s] Setting Up Renal 
2026-03-12 09:26 <INFO>  [0s] Setting Up Tissue 
2026-03-12 09:26 <INFO>  [0s] Setting Up Gastrointestinal 
2026-03-12 09:26 <INFO>  [0s] Setting Up External Temperature 
2026-03-12 09:26 <INFO>  [0s] Setting Up Internal Temperature 
2026-03-12 09:26 <INFO>  [0s] Setting Up Respiratory 
2026-03-12 09:26 <INFO>  [0s] Setting Up Anesthesia Machine 
2026-03-12 09:26 <INFO>  [0s] Setting Up Inhaler 
2026-03-12 09:26 <INFO>  [0s] Setting Up Nasal Cannula 
2026-03-12 09:26 <INFO>  [0s] Setting Up MechanicalVentilator 
2026-03-12 09:26 <INFO>  [0s] Initializing Substances 
2026-03-12 09:26 <INFO>  [0s] Initializing Systems 
2026-03-12 09:26 <INFO>  [0s] Tuning to patient parameters : HeartRate(bpm):72 Systolic(mmHg):115 Diastolic(mmHg):75 
2026-03-12 09:27 <INFO>  [0s] We are stable at 92.36 
2026-03-12 09:27 <INFO>  [0s] Tuning paths, Current values : HeartRate(bpm):72 Systolic(mmHg):117.209 Diastolic(mmHg):71.2483 Cardiac Output(mL/min):5881.57 Mean CVP(mmHg):4.03538 MAP(mmHg):95.2414 BloodVolume(mL): 5381.81 
2026-03-12 09:27 <INFO>  [0s] We are stable at 120.08 
2026-03-12 09:27 <INFO>  [0s] Successfully tuned circuit. Final values : HeartRate(bpm):72 Systolic(mmHg):113.963 Diastolic(mmHg):74.2526 Cardiac Output(mL/min):5891.28 Mean CVP(mmHg):4.03898 MAP(mmHg):95.3787 BloodVolume(mL): 5381.35 
2026-03-12 09:27 <INFO>  [0s] Converging to a steady state 
2026-03-12 09:27 <INFO>  [10s] Converging System... it took 1.16s to simulate the past 10s 
2026-03-12 09:27 <INFO>  [20s] Converging System... it took 1.17s to simulate the past 10s 
2026-03-12 09:27 <INFO>  [25s] 25.7s - Resetting the target for TidalVolume to 0.547383, the last target value was 0.54324 
2026-03-12 09:27 <INFO>  [25s] 25.7s - Resetting the target for EndTidalCarbonDioxideFraction to 0.0438963, the last target value was 0.044083 
2026-03-12 09:27 <INFO>  [29s] 29.96s - Resetting the target for EndTidalCarbonDioxideFraction to 0.0437641, the last target value was 0.0438963 
2026-03-12 09:27 <INFO>  [30s] Converging System... it took 1.17s to simulate the past 10s 
2026-03-12 09:27 <INFO>  [38s] 38.48s - Resetting the target for EndTidalCarbonDioxideFraction to 0.0436294, the last target value was 0.0437641 
2026-03-12 09:27 <INFO>  [40s] Converging System... it took 1.17s to simulate the past 10s 
2026-03-12 09:27 <INFO>  [42s] 42.74s - Resetting the target for TidalVolume to 0.548769, the last target value was 0.547383 
2026-03-12 09:27 <INFO>  [50s] Converging System... it took 1.17s to simulate the past 10s 
2026-03-12 09:27 <INFO>  [51s] 51.3s - Resetting the target for TidalVolume to 0.545603, the last target value was 0.548769 
2026-03-12 09:27 <INFO>  [51s] 51.96s - Resetting the target for SkinTemperatureLeftLeg to 34.057, the last target value was 33.7197 
2026-03-12 09:27 <INFO>  [51s] 51.96s - Resetting the target for SkinTemperatureRightLeg to 34.057, the last target value was 33.7197 
2026-03-12 09:27 <INFO>  [1m0s] Converging System... it took 1.16s to simulate the past 10s 
2026-03-12 09:27 <INFO>  [1m4s] 64.18s - Resetting the target for TidalVolume to 0.542804, the last target value was 0.545603 
2026-03-12 09:27 <INFO>  [1m10s] Converging System... it took 1.2s to simulate the past 10s 
2026-03-12 09:27 <INFO>  [1m11s] 71.76s - Resetting the target for SkinTemperatureHead to 34.0366, the last target value was 33.6996 
2026-03-12 09:27 <INFO>  [1m12s] 72.96s - Resetting the target for SkinTemperatureLeftArm to 34.0605, the last target value was 33.7231 
2026-03-12 09:27 <INFO>  [1m12s] 72.96s - Resetting the target for SkinTemperatureRightArm to 34.0605, the last target value was 33.7231 
2026-03-12 09:27 <INFO>  [1m20s] Converging System... it took 1.16s to simulate the past 10s 
2026-03-12 09:27 <INFO>  [1m21s] 81.42s - Resetting the target for TidalVolume to 0.540161, the last target value was 0.542804 
2026-03-12 09:27 <INFO>  [1m21s] 81.42s - Resetting the target for EndTidalCarbonDioxideFraction to 0.0435199, the last target value was 0.0436294 
2026-03-12 09:27 <INFO>  [1m30s] Converging System... it took 1.16s to simulate the past 10s 
2026-03-12 09:27 <INFO>  [1m36s] 96.18s - Resetting the target for SkinTemperatureLeftLeg to 34.3976, the last target value was 34.057 
2026-03-12 09:27 <INFO>  [1m36s] 96.18s - Resetting the target for SkinTemperatureRightLeg to 34.3976, the last target value was 34.057 
2026-03-12 09:27 <INFO>  [1m40s] Converging System... it took 1.15s to simulate the past 10s 
2026-03-12 09:27 <INFO>  [1m43s] 103.06s - Resetting the target for TidalVolume to 0.537476, the last target value was 0.540161 
2026-03-12 09:27 <INFO>  [1m50s] Converging System... it took 1.17s to simulate the past 10s 
2026-03-12 09:27 <WARNING>  [1m58s] We have passed required and optional convergence criteria. 
2026-03-12 09:27 <INFO>  [1m58s] Convergence took 13.7s to simulate 118s to get engine to a steady state 
2026-03-12 09:27 <INFO>  [1m58s] [Condition] Patient Condition : DiabetesType1
	Diabetes Type 1 Insulin Production Severity: 0.700000 
2026-03-12 09:27 <INFO>  [1m58s] Initial Stabilization Homeostasis: Patient heart rate = 72(1/min) 
2026-03-12 09:27 <INFO>  [1m58s] Initial Stabilization Homeostasis: Patient diastolic arterial pressure = 74.6477(mmHg) 
2026-03-12 09:27 <INFO>  [1m58s] Initial Stabilization Homeostasis: Patient systolic arterial pressure = 114.177(mmHg) 
2026-03-12 09:27 <INFO>  [1m58s] Initial Stabilization Homeostasis: Patient mean arterial pressure = 95.7174(mmHg) 
2026-03-12 09:27 <INFO>  [1m58s] Initial Stabilization Homeostasis: Patient respiration rate = 13.8249 bpm. 
2026-03-12 09:27 <INFO>  [1m58s] Initial Stabilization Homeostasis: Patient tidal volume = 0.537869 L. 
2026-03-12 09:27 <INFO>  [1m58s] Initial Stabilization Homeostasis: Patient functional residual capacity = 2.55526 L. 
2026-03-12 09:27 <INFO>  [1m58s] Initial Stabilization Homeostasis: Patient vital capacity = 4.5 L. 
2026-03-12 09:27 <INFO>  [1m58s] Initial Stabilization Homeostasis: Patient expiratory reserve volume = 1.05526 L. 
2026-03-12 09:27 <INFO>  [1m58s] Initial Stabilization Homeostasis: Patient inspiratory reserve volume = 2.90687 L. 
2026-03-12 09:27 <INFO>  [1m58s] Initial Stabilization Homeostasis: Patient inspiratory capacity = 3.44474 L. 
2026-03-12 09:27 <INFO>  [1m58s] Converging provided condition to a steady state 
2026-03-12 09:27 <INFO>  [2m8s] Converging System... it took 1.18s to simulate the past 10s 
2026-03-12 09:27 <INFO>  [2m18s] Converging System... it took 1.16s to simulate the past 10s 
2026-03-12 09:27 <INFO>  [2m28s] Converging System... it took 1.16s to simulate the past 10s 
2026-03-12 09:27 <INFO>  [2m30s] 32.72s - Resetting the target for EndTidalCarbonDioxideFraction to 0.0432055, the last target value was 0.0433801 
2026-03-12 09:27 <INFO>  [2m38s] Converging System... it took 1.16s to simulate the past 10s 
2026-03-12 09:27 <INFO>  [2m39s] 41.4s - Resetting the target for EndTidalCarbonDioxideFraction to 0.0429865, the last target value was 0.0432055 
2026-03-12 09:27 <INFO>  [2m43s] 45.76s - Resetting the target for EndTidalCarbonDioxideFraction to 0.0428622, the last target value was 0.0429865 
2026-03-12 09:27 <INFO>  [2m46s] 48.5s - Resetting the target for SkinTemperatureLeftLeg to 34.7146, the last target value was 34.6281 
2026-03-12 09:27 <INFO>  [2m46s] 48.5s - Resetting the target for SkinTemperatureRightLeg to 34.7146, the last target value was 34.6281 
2026-03-12 09:27 <INFO>  [2m47s] 49.66s - Resetting the target for SkinTemperatureLeftArm to 34.4919, the last target value was 34.4058 
2026-03-12 09:27 <INFO>  [2m47s] 49.66s - Resetting the target for SkinTemperatureRightArm to 34.4919, the last target value was 34.4058 
2026-03-12 09:27 <INFO>  [2m47s] 49.72s - Resetting the target for SkinTemperatureHead to 34.4738, the last target value was 34.3878 
2026-03-12 09:27 <INFO>  [2m48s] Converging System... it took 1.18s to simulate the past 10s 
2026-03-12 09:27 <INFO>  [2m48s] 50.12s - Resetting the target for TidalVolume to 0.534823, the last target value was 0.538195 
2026-03-12 09:27 <INFO>  [2m48s] 50.12s - Resetting the target for EndTidalCarbonDioxideFraction to 0.0427442, the last target value was 0.0428622 
2026-03-12 09:27 <INFO>  [2m48s] 50.9s - Resetting the target for SkinTemperatureTorso to 34.7187, the last target value was 34.6321 
2026-03-12 09:27 <INFO>  [2m56s] 58.42s - Resetting the target for DiastolicArterialPressure to 74.573, the last target value was 74.7682 
2026-03-12 09:27 <INFO>  [2m56s] 58.84s - Resetting the target for EndTidalCarbonDioxideFraction to 0.0425747, the last target value was 0.0427442 
2026-03-12 09:27 <INFO>  [2m58s] Converging System... it took 1.17s to simulate the past 10s 
2026-03-12 09:27 <INFO>  [3m5s] 67.56s - Resetting the target for EndTidalCarbonDioxideFraction to 0.0423786, the last target value was 0.0425747 
2026-03-12 09:27 <INFO>  [3m8s] Converging System... it took 1.17s to simulate the past 10s 
2026-03-12 09:27 <INFO>  [3m8s] 70.18s - Resetting the target for SystolicArterialPressure to 114.021, the last target value was 114.306 
2026-03-12 09:27 <INFO>  [3m14s] 76.3s - Resetting the target for EndTidalCarbonDioxideFraction to 0.0421898, the last target value was 0.0423786 
2026-03-12 09:27 <INFO>  [3m14s] 76.48s - Resetting the target for SkinTemperatureLeftLeg to 34.8014, the last target value was 34.7146 
2026-03-12 09:27 <INFO>  [3m14s] 76.48s - Resetting the target for SkinTemperatureRightLeg to 34.8014, the last target value was 34.7146 
2026-03-12 09:27 <INFO>  [3m16s] 78.56s - Resetting the target for SkinTemperatureTorso to 34.8055, the last target value was 34.7187 
2026-03-12 09:27 <INFO>  [3m16s] 78.58s - Resetting the target for SkinTemperatureLeftArm to 34.5782, the last target value was 34.4919 
2026-03-12 09:27 <INFO>  [3m16s] 78.58s - Resetting the target for SkinTemperatureRightArm to 34.5782, the last target value was 34.4919 
2026-03-12 09:27 <INFO>  [3m16s] 78.7s - Resetting the target for SkinTemperatureHead to 34.5601, the last target value was 34.4738 
2026-03-12 09:27 <INFO>  [3m18s] Converging System... it took 1.18s to simulate the past 10s 
2026-03-12 09:27 <INFO>  [3m18s] 80.68s - Resetting the target for TidalVolume to 0.53277, the last target value was 0.534823 
2026-03-12 09:27 <INFO>  [3m20s] 81.94s - Resetting the target for DiastolicArterialPressure to 74.3864, the last target value was 74.573 
2026-03-12 09:27 <INFO>  [3m23s] 85.06s - Resetting the target for EndTidalCarbonDioxideFraction to 0.0420584, the last target value was 0.0421898 
2026-03-12 09:27 <INFO>  [3m28s] Converging System... it took 1.17s to simulate the past 10s 
2026-03-12 09:27 <INFO>  [3m30s] 92.02s - Resetting the target for CardiacOutput to 5857.86, the last target value was 5843.23 
2026-03-12 09:27 <INFO>  [3m31s] 93.86s - Resetting the target for TidalVolume to 0.530202, the last target value was 0.53277 
2026-03-12 09:27 <INFO>  [3m31s] 93.86s - Resetting the target for EndTidalCarbonDioxideFraction to 0.0419061, the last target value was 0.0420584 
2026-03-12 09:27 <INFO>  [3m38s] Converging System... it took 1.18s to simulate the past 10s 
2026-03-12 09:27 <INFO>  [3m45s] 107.08s - Resetting the target for EndTidalCarbonDioxideFraction to 0.0417579, the last target value was 0.0419061 
2026-03-12 09:27 <INFO>  [3m47s] 109.08s - Resetting the target for SkinTemperatureTorso to 34.8925, the last target value was 34.8055 
2026-03-12 09:27 <INFO>  [3m48s] Converging System... it took 1.19s to simulate the past 10s 
2026-03-12 09:27 <INFO>  [3m48s] 110.3s - Resetting the target for SkinTemperatureLeftLeg to 34.8885, the last target value was 34.8014 
2026-03-12 09:27 <INFO>  [3m48s] 110.3s - Resetting the target for SkinTemperatureRightLeg to 34.8885, the last target value was 34.8014 
2026-03-12 09:27 <INFO>  [3m49s] 111.5s - Resetting the target for TidalVolume to 0.52804, the last target value was 0.530202 
2026-03-12 09:27 <INFO>  [3m51s] 113.08s - Resetting the target for SkinTemperatureLeftArm to 34.6646, the last target value was 34.5782 
2026-03-12 09:27 <INFO>  [3m51s] 113.08s - Resetting the target for SkinTemperatureRightArm to 34.6646, the last target value was 34.5782 
2026-03-12 09:27 <INFO>  [3m51s] 113.26s - Resetting the target for SkinTemperatureHead to 34.6465, the last target value was 34.5601 
2026-03-12 09:27 <INFO>  [3m57s] 119.74s - Resetting the target for DiastolicArterialPressure to 74.1998, the last target value was 74.3864 
2026-03-12 09:27 <INFO>  [3m58s] Converging System... it took 1.18s to simulate the past 10s 
2026-03-12 09:27 <INFO>  [3m58s] 120.36s - Resetting the target for EndTidalCarbonDioxideFraction to 0.0416367, the last target value was 0.0417579 
2026-03-12 09:27 <INFO>  [4m2s] 124.8s - Resetting the target for TidalVolume to 0.525554, the last target value was 0.52804 
2026-03-12 09:27 <INFO>  [4m7s] 128.98s - Resetting the target for SystolicArterialPressure to 113.735, the last target value was 114.021 
2026-03-12 09:27 <INFO>  [4m8s] Converging System... it took 1.19s to simulate the past 10s 
2026-03-12 09:27 <INFO>  [4m16s] 138.14s - Resetting the target for EndTidalCarbonDioxideFraction to 0.0414958, the last target value was 0.0416367 
2026-03-12 09:27 <INFO>  [4m18s] Converging System... it took 1.22s to simulate the past 10s 
2026-03-12 09:27 <INFO>  [4m20s] 142.6s - Resetting the target for TidalVolume to 0.523277, the last target value was 0.525554 
2026-03-12 09:27 <INFO>  [4m21s] 143.9s - Resetting the target for SkinTemperatureTorso to 34.9798, the last target value was 34.8925 
2026-03-12 09:27 <INFO>  [4m28s] Converging System... it took 1.22s to simulate the past 10s 
2026-03-12 09:27 <INFO>  [4m30s] 152.38s - Resetting the target for SkinTemperatureLeftLeg to 34.9757, the last target value was 34.8885 
2026-03-12 09:27 <INFO>  [4m30s] 152.38s - Resetting the target for SkinTemperatureRightLeg to 34.9757, the last target value was 34.8885 
2026-03-12 09:27 <INFO>  [4m33s] 155.62s - Resetting the target for SkinTemperatureLeftArm to 34.7513, the last target value was 34.6646 
2026-03-12 09:27 <INFO>  [4m33s] 155.62s - Resetting the target for SkinTemperatureRightArm to 34.7513, the last target value was 34.6646 
2026-03-12 09:27 <INFO>  [4m33s] 155.86s - Resetting the target for SkinTemperatureHead to 34.7332, the last target value was 34.6465 
2026-03-12 09:27 <INFO>  [4m34s] 156s - Resetting the target for EndTidalCarbonDioxideFraction to 0.0413845, the last target value was 0.0414958 
2026-03-12 09:27 <INFO>  [4m38s] Converging System... it took 1.2s to simulate the past 10s 
2026-03-12 09:27 <INFO>  [4m38s] 160.48s - Resetting the target for TidalVolume to 0.520824, the last target value was 0.523277 
2026-03-12 09:27 <INFO>  [4m48s] Converging System... it took 1.21s to simulate the past 10s 
2026-03-12 09:27 <WARNING>  [4m53s] We have passed required and optional convergence criteria. 
2026-03-12 09:27 <INFO>  [4m53s] Convergence took 20.8s to simulate 176s to get engine to a steady state 
2026-03-12 09:27 <INFO>  [4m53s] Secondary Stabilization Homeostasis: Patient heart rate = 72(1/min) 
2026-03-12 09:27 <INFO>  [4m53s] Secondary Stabilization Homeostasis: Patient diastolic arterial pressure = 74.1283(mmHg) 
2026-03-12 09:27 <INFO>  [4m53s] Secondary Stabilization Homeostasis: Patient systolic arterial pressure = 113.702(mmHg) 
2026-03-12 09:27 <INFO>  [4m53s] Secondary Stabilization Homeostasis: Patient mean arterial pressure = 95.1866(mmHg) 
2026-03-12 09:27 <INFO>  [4m53s] Secondary Stabilization Homeostasis: Patient respiration rate = 13.3929 bpm. 
2026-03-12 09:27 <INFO>  [4m53s] Secondary Stabilization Homeostasis: Patient tidal volume = 0.521369 L. 
2026-03-12 09:27 <INFO>  [4m53s] Secondary Stabilization Homeostasis: Patient functional residual capacity = 2.55518 L. 
2026-03-12 09:27 <INFO>  [4m53s] Secondary Stabilization Homeostasis: Patient vital capacity = 4.5 L. 
2026-03-12 09:27 <INFO>  [4m53s] Secondary Stabilization Homeostasis: Patient expiratory reserve volume = 1.05518 L. 
2026-03-12 09:27 <INFO>  [4m53s] Secondary Stabilization Homeostasis: Patient inspiratory reserve volume = 2.92345 L. 
2026-03-12 09:27 <INFO>  [4m53s] Secondary Stabilization Homeostasis: Patient inspiratory capacity = 3.44482 L. 
2026-03-12 09:27 <INFO>  [4m53s] Nutrient stores refilled after stabilization 
2026-03-12 09:27 <INFO>  [4m53s] Finalizing homeostasis 
2026-03-12 09:27 <INFO>  [5m23s] Engine is now Active 
2026-03-12 09:27 <INFO>  [0s] Executing Scenario 
2026-03-12 09:27 <INFO>  [30s] [Condition] Patient Condition : DiabetesType1
	Diabetes Type 1 Insulin Production Severity: 0.700000[Action] 30.02(s), Type : SaveFilename : C:/health-digital-twin/biogears_service/engine/BioGears/bin/U303.xml 
2026-03-12 09:27 <INFO>  [30s] It took 3.856s to run this simulation 
