Reading Scenarios\API\init_UHI_0001.xml
2026-03-23 00:00 <WARNING> [0s] Multiple Renal Clearances specified, but not the same. RenalDynamics will override Systemic. 
[00:00] Starting Scenarios\API\init_UHI_0001.xml

1 threads Progress 1/1; Elapsed Time  0m1s[0K

1 threads Progress 1/1; Elapsed Time  0m2s[0K

1 threads Progress 1/1; Elapsed Time  0m3s[0K

1 threads Progress 1/1; Elapsed Time  0m4s[0K

1 threads Progress 1/1; Elapsed Time  0m5s[0K

1 threads Progress 1/1; Elapsed Time  0m6s[0K

1 threads Progress 1/1; Elapsed Time  0m7s[0K

1 threads Progress 1/1; Elapsed Time  0m8s[0K

1 threads Progress 1/1; Elapsed Time  0m9s[0K

1 threads Progress 1/1; Elapsed Time  0m10s[0K

1 threads Progress 1/1; Elapsed Time  0m11s[0K

1 threads Progress 1/1; Elapsed Time  0m12s[0K

1 threads Progress 1/1; Elapsed Time  0m13s[0K

1 threads Progress 1/1; Elapsed Time  0m14s[0K

1 threads Progress 1/1; Elapsed Time  0m15s[0K

1 threads Progress 1/1; Elapsed Time  0m16s[0K

1 threads Progress 1/1; Elapsed Time  0m17s[0K

1 threads Progress 1/1; Elapsed Time  0m18s[0K

1 threads Progress 1/1; Elapsed Time  0m19s[0K

1 threads Progress 1/1; Elapsed Time  0m20s[0K

1 threads Progress 1/1; Elapsed Time  0m21s[0K

1 threads Progress 1/1; Elapsed Time  0m22s[0K

1 threads Progress 1/1; Elapsed Time  0m23s[0K

1 threads Progress 1/1; Elapsed Time  0m24s[0K

1 threads Progress 1/1; Elapsed Time  0m25s[0K

1 threads Progress 1/1; Elapsed Time  0m26s[0K

1 threads Progress 1/1; Elapsed Time  0m27s[0K

1 threads Progress 1/1; Elapsed Time  0m28s[0K
[00:00] Scenarios\API\init_UHI_0001.xml <WARNING> We have passed required and optional convergence criteria.

1 threads Progress 1/1; Elapsed Time  0m29s[0K

1 threads Progress 1/1; Elapsed Time  0m30s[0K

1 threads Progress 1/1; Elapsed Time  0m31s[0K

1 threads Progress 1/1; Elapsed Time  0m32s[0K

1 threads Progress 1/1; Elapsed Time  0m33s[0K
[00:00] Scenarios\API\init_UHI_0001.xml <WARNING> We have passed required and optional convergence criteria.

1 threads Progress 1/1; Elapsed Time  0m34s[0K

1 threads Progress 1/1; Elapsed Time  0m35s[0K

1 threads Progress 1/1; Elapsed Time  0m36s[0K

1 threads Progress 1/1; Elapsed Time  0m37s[0K

1 threads Progress 1/1; Elapsed Time  0m38s[0K

1 threads Progress 1/1; Elapsed Time  0m39s[0K

1 threads Progress 1/1; Elapsed Time  0m40s[0K

1 threads Progress 1/1; Elapsed Time  0m41s[0K
[00:00] Completed Scenarios\API\init_UHI_0001.xml

Progress 1/1; Elapsed Time  0m42s[0K

Progress 1/1; Elapsed Time  0m42s[0K