Reading Scenarios\API\batch_UHI_0001_1774205802.xml
2026-03-23 00:26 <WARNING> [0s] Multiple Renal Clearances specified, but not the same. RenalDynamics will override Systemic. 
[00:26] Starting Scenarios\API\batch_UHI_0001_1774205802.xml
[00:26] Scenarios\API\batch_UHI_0001_1774205802.xml <WARNING> Multiple Renal Clearances specified, but not the same. RenalDynamics will override Systemic.
[00:26] Scenarios\API\batch_UHI_0001_1774205802.xml <FATAL> Unknown Data Request : FatigueLevelFraction

1 threads Progress 1/1; Elapsed Time  0m1s[0K

1 threads Progress 1/1; Elapsed Time  0m2s[0K

1 threads Progress 1/1; Elapsed Time  0m3s[0K

1 threads Progress 1/1; Elapsed Time  0m4s[0K

1 threads Progress 1/1; Elapsed Time  0m5s[0K

1 threads Progress 1/1; Elapsed Time  0m6s[0K

1 threads Progress 1/1; Elapsed Time  0m7s[0K

1 threads Progress 1/1; Elapsed Time  0m8s[0K

1 threads Progress 1/1; Elapsed Time  0m9s[0K

1 threads Progress 1/1; Elapsed Time  0m10s[0K

1 threads Progress 1/1; Elapsed Time  0m11s[0K

1 threads Progress 1/1; Elapsed Time  0m12s[0K

1 threads Progress 1/1; Elapsed Time  0m13s[0K

1 threads Progress 1/1; Elapsed Time  0m14s[0K

1 threads Progress 1/1; Elapsed Time  0m15s[0K

1 threads Progress 1/1; Elapsed Time  0m16s[0K

1 threads Progress 1/1; Elapsed Time  0m17s[0K

1 threads Progress 1/1; Elapsed Time  0m18s[0K

1 threads Progress 1/1; Elapsed Time  0m19s[0K

1 threads Progress 1/1; Elapsed Time  0m20s[0K

1 threads Progress 1/1; Elapsed Time  0m21s[0K

1 threads Progress 1/1; Elapsed Time  0m22s[0K

1 threads Progress 1/1; Elapsed Time  0m23s[0K

1 threads Progress 1/1; Elapsed Time  0m24s[0K

1 threads Progress 1/1; Elapsed Time  0m25s[0K

1 threads Progress 1/1; Elapsed Time  0m26s[0K

1 threads Progress 1/1; Elapsed Time  0m27s[0K

1 threads Progress 1/1; Elapsed Time  0m28s[0K

1 threads Progress 1/1; Elapsed Time  0m29s[0K

1 threads Progress 1/1; Elapsed Time  0m30s[0K

1 threads Progress 1/1; Elapsed Time  0m31s[0K

1 threads Progress 1/1; Elapsed Time  0m32s[0K

1 threads Progress 1/1; Elapsed Time  0m33s[0K

1 threads Progress 1/1; Elapsed Time  0m34s[0K

1 threads Progress 1/1; Elapsed Time  0m35s[0K

1 threads Progress 1/1; Elapsed Time  0m36s[0K

1 threads Progress 1/1; Elapsed Time  0m37s[0K

1 threads Progress 1/1; Elapsed Time  0m38s[0K

1 threads Progress 1/1; Elapsed Time  0m39s[0K

1 threads Progress 1/1; Elapsed Time  0m40s[0K

1 threads Progress 1/1; Elapsed Time  0m41s[0K

1 threads Progress 1/1; Elapsed Time  0m42s[0K

1 threads Progress 1/1; Elapsed Time  0m43s[0K

1 threads Progress 1/1; Elapsed Time  0m44s[0K

1 threads Progress 1/1; Elapsed Time  0m45s[0K

1 threads Progress 1/1; Elapsed Time  0m46s[0K

1 threads Progress 1/1; Elapsed Time  0m47s[0K

1 threads Progress 1/1; Elapsed Time  0m48s[0K

1 threads Progress 1/1; Elapsed Time  0m49s[0K

1 threads Progress 1/1; Elapsed Time  0m50s[0K

1 threads Progress 1/1; Elapsed Time  0m51s[0K

1 threads Progress 1/1; Elapsed Time  0m52s[0K

1 threads Progress 1/1; Elapsed Time  0m53s[0K

1 threads Progress 1/1; Elapsed Time  0m54s[0K

1 threads Progress 1/1; Elapsed Time  0m55s[0K

1 threads Progress 1/1; Elapsed Time  0m56s[0K

1 threads Progress 1/1; Elapsed Time  0m57s[0K

1 threads Progress 1/1; Elapsed Time  0m58s[0K

1 threads Progress 1/1; Elapsed Time  0m59s[0K

1 threads Progress 1/1; Elapsed Time  1m0s[0K

1 threads Progress 1/1; Elapsed Time  1m1s[0K

1 threads Progress 1/1; Elapsed Time  1m2s[0K

1 threads Progress 1/1; Elapsed Time  1m3s[0K

1 threads Progress 1/1; Elapsed Time  1m4s[0K

1 threads Progress 1/1; Elapsed Time  1m5s[0K

1 threads Progress 1/1; Elapsed Time  1m6s[0K

1 threads Progress 1/1; Elapsed Time  1m7s[0K

1 threads Progress 1/1; Elapsed Time  1m8s[0K

1 threads Progress 1/1; Elapsed Time  1m9s[0K

1 threads Progress 1/1; Elapsed Time  1m10s[0K

1 threads Progress 1/1; Elapsed Time  1m11s[0K

1 threads Progress 1/1; Elapsed Time  1m12s[0K

1 threads Progress 1/1; Elapsed Time  1m13s[0K

1 threads Progress 1/1; Elapsed Time  1m14s[0K

1 threads Progress 1/1; Elapsed Time  1m15s[0K

1 threads Progress 1/1; Elapsed Time  1m16s[0K

1 threads Progress 1/1; Elapsed Time  1m17s[0K

1 threads Progress 1/1; Elapsed Time  1m18s[0K

1 threads Progress 1/1; Elapsed Time  1m19s[0K

1 threads Progress 1/1; Elapsed Time  1m20s[0K

1 threads Progress 1/1; Elapsed Time  1m21s[0K

1 threads Progress 1/1; Elapsed Time  1m22s[0K

1 threads Progress 1/1; Elapsed Time  1m23s[0K

1 threads Progress 1/1; Elapsed Time  1m24s[0K

1 threads Progress 1/1; Elapsed Time  1m25s[0K

1 threads Progress 1/1; Elapsed Time  1m26s[0K

1 threads Progress 1/1; Elapsed Time  1m27s[0K

1 threads Progress 1/1; Elapsed Time  1m28s[0K

1 threads Progress 1/1; Elapsed Time  1m30s[0K

1 threads Progress 1/1; Elapsed Time  1m31s[0K

1 threads Progress 1/1; Elapsed Time  1m32s[0K

1 threads Progress 1/1; Elapsed Time  1m33s[0K

1 threads Progress 1/1; Elapsed Time  1m34s[0K

1 threads Progress 1/1; Elapsed Time  1m35s[0K

1 threads Progress 1/1; Elapsed Time  1m36s[0K

1 threads Progress 1/1; Elapsed Time  1m37s[0K

1 threads Progress 1/1; Elapsed Time  1m38s[0K

1 threads Progress 1/1; Elapsed Time  1m39s[0K

1 threads Progress 1/1; Elapsed Time  1m40s[0K

1 threads Progress 1/1; Elapsed Time  1m41s[0K

1 threads Progress 1/1; Elapsed Time  1m42s[0K

1 threads Progress 1/1; Elapsed Time  1m43s[0K

1 threads Progress 1/1; Elapsed Time  1m44s[0K

1 threads Progress 1/1; Elapsed Time  1m45s[0K

1 threads Progress 1/1; Elapsed Time  1m46s[0K

1 threads Progress 1/1; Elapsed Time  1m47s[0K

1 threads Progress 1/1; Elapsed Time  1m48s[0K

1 threads Progress 1/1; Elapsed Time  1m49s[0K

1 threads Progress 1/1; Elapsed Time  1m50s[0K

1 threads Progress 1/1; Elapsed Time  1m51s[0K

1 threads Progress 1/1; Elapsed Time  1m52s[0K

1 threads Progress 1/1; Elapsed Time  1m53s[0K

1 threads Progress 1/1; Elapsed Time  1m54s[0K

1 threads Progress 1/1; Elapsed Time  1m55s[0K

1 threads Progress 1/1; Elapsed Time  1m56s[0K

1 threads Progress 1/1; Elapsed Time  1m57s[0K

1 threads Progress 1/1; Elapsed Time  1m58s[0K

1 threads Progress 1/1; Elapsed Time  1m59s[0K

1 threads Progress 1/1; Elapsed Time  2m0s[0K

1 threads Progress 1/1; Elapsed Time  2m1s[0K

1 threads Progress 1/1; Elapsed Time  2m2s[0K

1 threads Progress 1/1; Elapsed Time  2m3s[0K

1 threads Progress 1/1; Elapsed Time  2m4s[0K

1 threads Progress 1/1; Elapsed Time  2m5s[0K

1 threads Progress 1/1; Elapsed Time  2m6s[0K

1 threads Progress 1/1; Elapsed Time  2m7s[0K

1 threads Progress 1/1; Elapsed Time  2m8s[0K

1 threads Progress 1/1; Elapsed Time  2m9s[0K

1 threads Progress 1/1; Elapsed Time  2m10s[0K

1 threads Progress 1/1; Elapsed Time  2m11s[0K

1 threads Progress 1/1; Elapsed Time  2m12s[0K

1 threads Progress 1/1; Elapsed Time  2m13s[0K

1 threads Progress 1/1; Elapsed Time  2m14s[0K

1 threads Progress 1/1; Elapsed Time  2m15s[0K

1 threads Progress 1/1; Elapsed Time  2m16s[0K

1 threads Progress 1/1; Elapsed Time  2m17s[0K

1 threads Progress 1/1; Elapsed Time  2m18s[0K

1 threads Progress 1/1; Elapsed Time  2m19s[0K

1 threads Progress 1/1; Elapsed Time  2m20s[0K

1 threads Progress 1/1; Elapsed Time  2m21s[0K

1 threads Progress 1/1; Elapsed Time  2m22s[0K

1 threads Progress 1/1; Elapsed Time  2m23s[0K

1 threads Progress 1/1; Elapsed Time  2m24s[0K

1 threads Progress 1/1; Elapsed Time  2m25s[0K

1 threads Progress 1/1; Elapsed Time  2m26s[0K

1 threads Progress 1/1; Elapsed Time  2m27s[0K

1 threads Progress 1/1; Elapsed Time  2m28s[0K

1 threads Progress 1/1; Elapsed Time  2m29s[0K

1 threads Progress 1/1; Elapsed Time  2m30s[0K

1 threads Progress 1/1; Elapsed Time  2m31s[0K

1 threads Progress 1/1; Elapsed Time  2m32s[0K

1 threads Progress 1/1; Elapsed Time  2m33s[0K

1 threads Progress 1/1; Elapsed Time  2m34s[0K

1 threads Progress 1/1; Elapsed Time  2m35s[0K

1 threads Progress 1/1; Elapsed Time  2m36s[0K

1 threads Progress 1/1; Elapsed Time  2m37s[0K

1 threads Progress 1/1; Elapsed Time  2m38s[0K

1 threads Progress 1/1; Elapsed Time  2m39s[0K

1 threads Progress 1/1; Elapsed Time  2m40s[0K

1 threads Progress 1/1; Elapsed Time  2m41s[0K

1 threads Progress 1/1; Elapsed Time  2m42s[0K

1 threads Progress 1/1; Elapsed Time  2m43s[0K

1 threads Progress 1/1; Elapsed Time  2m44s[0K

1 threads Progress 1/1; Elapsed Time  2m45s[0K

1 threads Progress 1/1; Elapsed Time  2m46s[0K

1 threads Progress 1/1; Elapsed Time  2m47s[0K

1 threads Progress 1/1; Elapsed Time  2m48s[0K

1 threads Progress 1/1; Elapsed Time  2m49s[0K

1 threads Progress 1/1; Elapsed Time  2m50s[0K

1 threads Progress 1/1; Elapsed Time  2m51s[0K

1 threads Progress 1/1; Elapsed Time  2m52s[0K

1 threads Progress 1/1; Elapsed Time  2m53s[0K

1 threads Progress 1/1; Elapsed Time  2m54s[0K

1 threads Progress 1/1; Elapsed Time  2m55s[0K

1 threads Progress 1/1; Elapsed Time  2m56s[0K

1 threads Progress 1/1; Elapsed Time  2m57s[0K

1 threads Progress 1/1; Elapsed Time  2m58s[0K

1 threads Progress 1/1; Elapsed Time  2m59s[0K

1 threads Progress 1/1; Elapsed Time  3m0s[0K

1 threads Progress 1/1; Elapsed Time  3m1s[0K

1 threads Progress 1/1; Elapsed Time  3m2s[0K

1 threads Progress 1/1; Elapsed Time  3m3s[0K

1 threads Progress 1/1; Elapsed Time  3m4s[0K

1 threads Progress 1/1; Elapsed Time  3m5s[0K
[00:29] Completed Scenarios\API\batch_UHI_0001_1774205802.xml

Progress 1/1; Elapsed Time  3m7s[0K

Progress 1/1; Elapsed Time  3m7s[0K