Reading Scenarios\API\init_test_twin_001.xml
2026-03-22 23:24 <WARNING> [0s] Multiple Renal Clearances specified, but not the same. RenalDynamics will override Systemic. 
[23:24] Starting Scenarios\API\init_test_twin_001.xml

1 threads Progress 1/1; Elapsed Time  0m1s[0K

1 threads Progress 1/1; Elapsed Time  0m2s[0K

1 threads Progress 1/1; Elapsed Time  0m3s[0K

1 threads Progress 1/1; Elapsed Time  0m4s[0K

1 threads Progress 1/1; Elapsed Time  0m5s[0K

1 threads Progress 1/1; Elapsed Time  0m6s[0K

1 threads Progress 1/1; Elapsed Time  0m7s[0K

1 threads Progress 1/1; Elapsed Time  0m8s[0K

1 threads Progress 1/1; Elapsed Time  0m9s[0K
[23:24] Scenarios\API\init_test_twin_001.xml <WARNING> We have passed required and optional convergence criteria.

1 threads Progress 1/1; Elapsed Time  0m10s[0K

1 threads Progress 1/1; Elapsed Time  0m11s[0K

1 threads Progress 1/1; Elapsed Time  0m12s[0K

1 threads Progress 1/1; Elapsed Time  0m13s[0K

1 threads Progress 1/1; Elapsed Time  0m14s[0K
[23:24] Scenarios\API\init_test_twin_001.xml <WARNING> We have passed required and optional convergence criteria.

1 threads Progress 1/1; Elapsed Time  0m15s[0K

1 threads Progress 1/1; Elapsed Time  0m16s[0K

1 threads Progress 1/1; Elapsed Time  0m17s[0K

1 threads Progress 1/1; Elapsed Time  0m18s[0K

1 threads Progress 1/1; Elapsed Time  0m19s[0K

1 threads Progress 1/1; Elapsed Time  0m20s[0K

1 threads Progress 1/1; Elapsed Time  0m21s[0K

1 threads Progress 1/1; Elapsed Time  0m22s[0K
[23:24] Completed Scenarios\API\init_test_twin_001.xml

Progress 1/1; Elapsed Time  0m23s[0K

Progress 1/1; Elapsed Time  0m23s[0K